2023-04-11 15:04:935 INFO  GenericFunctions:611 - element is Displayed..Register
2023-04-11 15:04:947 INFO  GenericFunctions:611 - element is Displayed..Register
2023-04-11 15:04:426 INFO  GenericFunctions:611 - element is Displayed..Register
2023-04-11 15:04:436 INFO  GenericFunctions:611 - element is Displayed..Register
2023-04-11 15:04:51 INFO  GenericFunctions:611 - element is Displayed..Register
2023-04-11 15:04:62 INFO  GenericFunctions:611 - element is Displayed..Register
2023-04-11 15:04:872 INFO  GenericFunctions:611 - element is Displayed..Register
2023-04-11 15:04:561 INFO  GenericFunctions:611 - element is Displayed..Register
2023-04-11 15:04:822 INFO  GenericFunctions:611 - element is Displayed..Register
2023-04-11 15:04:134 INFO  GenericFunctions:611 - element is Displayed..Register
2023-04-11 15:04:834 INFO  GenericFunctions:611 - element is Displayed..
2023-04-11 15:04:712 INFO  GenericFunctions:611 - element is Displayed..
2023-04-11 16:04:186 INFO  GenericFunctions:611 - element is Displayed..Register
2023-04-11 16:04:841 INFO  GenericFunctions:611 - element is Displayed..Register
2023-04-11 16:04:848 INFO  GenericFunctions:611 - element is Displayed..Register
2023-04-11 16:04:566 INFO  GenericFunctions:611 - element is Displayed..Register
2023-04-11 16:04:575 INFO  GenericFunctions:611 - element is Displayed..Register
2023-04-11 16:04:456 INFO  GenericFunctions:612 - element is Displayed..Register
2023-04-11 16:04:466 INFO  GenericFunctions:612 - element is Displayed..Register
2023-04-11 16:04:903 INFO  GenericFunctions:612 - element is Displayed..Register
2023-04-11 16:04:645 INFO  GenericFunctions:612 - element is Displayed..
2023-04-11 16:04:172 INFO  GenericFunctions:612 - element is Displayed..
2023-04-11 16:04:925 INFO  GenericFunctions:612 - element is Displayed..Register
2023-04-11 16:04:778 INFO  GenericFunctions:612 - element is Displayed..
2023-04-11 16:04:131 INFO  GenericFunctions:612 - element is Displayed..
2023-04-11 16:04:720 INFO  GenericFunctions:612 - element is Displayed..Register
2023-04-11 16:04:729 INFO  GenericFunctions:612 - element is Displayed..Register
2023-04-11 16:04:147 INFO  GenericFunctions:612 - element is Displayed..
2023-04-11 16:04:813 INFO  GenericFunctions:612 - element is Displayed..
2023-04-11 16:04:210 INFO  GenericFunctions:612 - element is Displayed..Register
2023-04-11 16:04:216 INFO  GenericFunctions:612 - element is Displayed..Register
2023-04-11 17:04:123 INFO  GenericFunctions:612 - element is Displayed..
2023-04-11 17:04:716 INFO  GenericFunctions:612 - element is Displayed..
2023-04-11 17:04:642 INFO  GenericFunctions:612 - element is Displayed..Register
2023-04-11 17:04:652 INFO  GenericFunctions:612 - element is Displayed..Register
2023-04-11 17:04:877 INFO  GenericFunctions:612 - element is Displayed..
2023-04-11 17:04:240 INFO  GenericFunctions:612 - element is Displayed..
2023-04-11 17:04:374 INFO  GenericFunctions:612 - element is Displayed..Register
2023-04-11 17:04:381 INFO  GenericFunctions:612 - element is Displayed..Register
2023-04-11 17:04:874 INFO  GenericFunctions:612 - element is Displayed..
2023-04-11 17:04:297 INFO  GenericFunctions:612 - element is Displayed..
2023-04-11 19:04:570 INFO  GenericFunctions:612 - element is Displayed..Register
2023-04-11 19:04:588 INFO  GenericFunctions:612 - element is Displayed..Register
2023-04-11 19:04:225 INFO  GenericFunctions:612 - element is Displayed..
2023-04-11 19:04:172 INFO  GenericFunctions:612 - element is Displayed..
2023-04-11 19:04:741 INFO  GenericFunctions:612 - element is Displayed..Register
2023-04-11 19:04:756 INFO  GenericFunctions:612 - element is Displayed..Register
2023-04-11 19:04:754 INFO  GenericFunctions:612 - element is Displayed..
2023-04-11 19:04:179 INFO  GenericFunctions:612 - element is Displayed..
2023-04-11 20:04:529 INFO  GenericFunctions:612 - element is Displayed..Register
2023-04-11 20:04:558 INFO  GenericFunctions:612 - element is Displayed..Register
2023-04-11 20:04:08 INFO  GenericFunctions:612 - element is Displayed..Register
2023-04-11 20:04:21 INFO  GenericFunctions:612 - element is Displayed..Register
2023-04-11 20:04:690 INFO  GenericFunctions:612 - element is Displayed..
2023-04-11 20:04:230 INFO  GenericFunctions:612 - element is Displayed..
2023-04-11 22:04:721 INFO  GenericFunctions:612 - element is Displayed..
2023-04-11 22:04:735 INFO  GenericFunctions:612 - element is Displayed..
2023-04-11 22:04:364 ERROR GenericFunctions:604 - element is not Displayed..
org.openqa.selenium.NoSuchElementException: no such element: Unable to locate element: {"method":"xpath","selector":"//div[text()='Sauce Labs Backpack']"}
  (Session info: chrome=112.0.5615.49)
For documentation on this error, please visit: https://www.seleniumhq.org/exceptions/no_such_element.html
Build info: version: '3.141.59', revision: 'e82be7d358', time: '2018-11-14T08:17:03'
System info: host: 'THSLT10486', ip: '192.168.18.46', os.name: 'Windows 10', os.arch: 'amd64', os.version: '10.0', java.version: '17.0.5'
Driver info: org.openqa.selenium.chrome.ChromeDriver
Capabilities {acceptInsecureCerts: false, browserName: chrome, browserVersion: 112.0.5615.49, chrome: {chromedriverVersion: 112.0.5615.49 (bd2a7bcb881c..., userDataDir: C:\Users\THIC21~1\AppData\L...}, goog:chromeOptions: {debuggerAddress: localhost:56904}, javascriptEnabled: true, networkConnectionEnabled: false, pageLoadStrategy: normal, platform: WINDOWS, platformName: WINDOWS, proxy: Proxy(), setWindowRect: true, strictFileInteractability: false, timeouts: {implicit: 0, pageLoad: 300000, script: 30000}, unhandledPromptBehavior: dismiss and notify, webauthn:extension:credBlob: true, webauthn:extension:largeBlob: true, webauthn:extension:minPinLength: true, webauthn:extension:prf: true, webauthn:virtualAuthenticators: true}
Session ID: 4d4a02421ac6ad6a9ccecb2d935fba28
*** Element info: {Using=xpath, value=//div[text()='Sauce Labs Backpack']}
	at jdk.internal.reflect.GeneratedConstructorAccessor27.newInstance(Unknown Source)
	at java.base/jdk.internal.reflect.DelegatingConstructorAccessorImpl.newInstance(DelegatingConstructorAccessorImpl.java:45)
	at java.base/java.lang.reflect.Constructor.newInstanceWithCaller(Constructor.java:499)
	at java.base/java.lang.reflect.Constructor.newInstance(Constructor.java:480)
	at org.openqa.selenium.remote.http.W3CHttpResponseCodec.createException(W3CHttpResponseCodec.java:187)
	at org.openqa.selenium.remote.http.W3CHttpResponseCodec.decode(W3CHttpResponseCodec.java:122)
	at org.openqa.selenium.remote.http.W3CHttpResponseCodec.decode(W3CHttpResponseCodec.java:49)
	at org.openqa.selenium.remote.HttpCommandExecutor.execute(HttpCommandExecutor.java:158)
	at org.openqa.selenium.remote.service.DriverCommandExecutor.execute(DriverCommandExecutor.java:83)
	at org.openqa.selenium.remote.RemoteWebDriver.execute(RemoteWebDriver.java:552)
	at org.openqa.selenium.remote.RemoteWebDriver.findElement(RemoteWebDriver.java:323)
	at org.openqa.selenium.remote.RemoteWebDriver.findElementByXPath(RemoteWebDriver.java:428)
	at org.openqa.selenium.By$ByXPath.findElement(By.java:353)
	at org.openqa.selenium.remote.RemoteWebDriver.findElement(RemoteWebDriver.java:315)
	at org.openqa.selenium.support.ui.ExpectedConditions$7.apply(ExpectedConditions.java:205)
	at org.openqa.selenium.support.ui.ExpectedConditions$7.apply(ExpectedConditions.java:201)
	at org.openqa.selenium.support.ui.FluentWait.until(FluentWait.java:249)
	at GenericFunctions.GenericFunctions.isDisplayedBy(GenericFunctions.java:598)
	at pageObject.Swaglab.productSelection(Swaglab.java:49)
	at com.testhouse.stepdef.Swaglabs.user_select_product_from_and(Swaglabs.java:55)
	at java.base/jdk.internal.reflect.NativeMethodAccessorImpl.invoke0(Native Method)
	at java.base/jdk.internal.reflect.NativeMethodAccessorImpl.invoke(NativeMethodAccessorImpl.java:77)
	at java.base/jdk.internal.reflect.DelegatingMethodAccessorImpl.invoke(DelegatingMethodAccessorImpl.java:43)
	at java.base/java.lang.reflect.Method.invoke(Method.java:568)
	at io.cucumber.java.Invoker.doInvoke(Invoker.java:66)
	at io.cucumber.java.Invoker.invoke(Invoker.java:24)
	at io.cucumber.java.AbstractGlueDefinition.invokeMethod(AbstractGlueDefinition.java:47)
	at io.cucumber.java.JavaStepDefinition.execute(JavaStepDefinition.java:29)
	at io.cucumber.core.runner.CoreStepDefinition.execute(CoreStepDefinition.java:66)
	at io.cucumber.core.runner.PickleStepDefinitionMatch.runStep(PickleStepDefinitionMatch.java:63)
	at io.cucumber.core.runner.ExecutionMode$1.execute(ExecutionMode.java:10)
	at io.cucumber.core.runner.TestStep.executeStep(TestStep.java:92)
	at io.cucumber.core.runner.TestStep.run(TestStep.java:64)
	at io.cucumber.core.runner.PickleStepTestStep.run(PickleStepTestStep.java:51)
	at io.cucumber.core.runner.TestCase.run(TestCase.java:104)
	at io.cucumber.core.runner.Runner.runPickle(Runner.java:73)
	at io.cucumber.testng.TestNGCucumberRunner.lambda$runScenario$0(TestNGCucumberRunner.java:117)
	at io.cucumber.core.runtime.CucumberExecutionContext.runTestCase(CucumberExecutionContext.java:117)
	at io.cucumber.testng.TestNGCucumberRunner.runScenario(TestNGCucumberRunner.java:114)
	at com.testhouse.stepdef.Hooks.runScenario(Hooks.java:83)
	at java.base/jdk.internal.reflect.NativeMethodAccessorImpl.invoke0(Native Method)
	at java.base/jdk.internal.reflect.NativeMethodAccessorImpl.invoke(NativeMethodAccessorImpl.java:77)
	at java.base/jdk.internal.reflect.DelegatingMethodAccessorImpl.invoke(DelegatingMethodAccessorImpl.java:43)
	at java.base/java.lang.reflect.Method.invoke(Method.java:568)
	at org.testng.internal.MethodInvocationHelper.invokeMethod(MethodInvocationHelper.java:133)
	at org.testng.internal.TestInvoker.invokeMethod(TestInvoker.java:598)
	at org.testng.internal.TestInvoker.invokeTestMethod(TestInvoker.java:173)
	at org.testng.internal.TestMethodWithDataProviderMethodWorker.call(TestMethodWithDataProviderMethodWorker.java:77)
	at org.testng.internal.TestMethodWithDataProviderMethodWorker.call(TestMethodWithDataProviderMethodWorker.java:15)
	at java.base/java.util.concurrent.FutureTask.run(FutureTask.java:264)
	at java.base/java.util.concurrent.Executors$RunnableAdapter.call(Executors.java:539)
	at java.base/java.util.concurrent.FutureTask.run(FutureTask.java:264)
	at java.base/java.util.concurrent.ThreadPoolExecutor.runWorker(ThreadPoolExecutor.java:1136)
	at java.base/java.util.concurrent.ThreadPoolExecutor$Worker.run(ThreadPoolExecutor.java:635)
	at java.base/java.lang.Thread.run(Thread.java:833)
2023-04-11 22:04:447 ERROR GenericFunctions:604 - element is not Displayed..
org.openqa.selenium.NoSuchElementException: no such element: Unable to locate element: {"method":"xpath","selector":"//div[text()='Sauce Labs Bike Light']"}
  (Session info: chrome=112.0.5615.49)
For documentation on this error, please visit: https://www.seleniumhq.org/exceptions/no_such_element.html
Build info: version: '3.141.59', revision: 'e82be7d358', time: '2018-11-14T08:17:03'
System info: host: 'THSLT10486', ip: '192.168.18.46', os.name: 'Windows 10', os.arch: 'amd64', os.version: '10.0', java.version: '17.0.5'
Driver info: org.openqa.selenium.chrome.ChromeDriver
Capabilities {acceptInsecureCerts: false, browserName: chrome, browserVersion: 112.0.5615.49, chrome: {chromedriverVersion: 112.0.5615.49 (bd2a7bcb881c..., userDataDir: C:\Users\THIC21~1\AppData\L...}, goog:chromeOptions: {debuggerAddress: localhost:56904}, javascriptEnabled: true, networkConnectionEnabled: false, pageLoadStrategy: normal, platform: WINDOWS, platformName: WINDOWS, proxy: Proxy(), setWindowRect: true, strictFileInteractability: false, timeouts: {implicit: 0, pageLoad: 300000, script: 30000}, unhandledPromptBehavior: dismiss and notify, webauthn:extension:credBlob: true, webauthn:extension:largeBlob: true, webauthn:extension:minPinLength: true, webauthn:extension:prf: true, webauthn:virtualAuthenticators: true}
Session ID: 4d4a02421ac6ad6a9ccecb2d935fba28
*** Element info: {Using=xpath, value=//div[text()='Sauce Labs Bike Light']}
	at jdk.internal.reflect.GeneratedConstructorAccessor27.newInstance(Unknown Source)
	at java.base/jdk.internal.reflect.DelegatingConstructorAccessorImpl.newInstance(DelegatingConstructorAccessorImpl.java:45)
	at java.base/java.lang.reflect.Constructor.newInstanceWithCaller(Constructor.java:499)
	at java.base/java.lang.reflect.Constructor.newInstance(Constructor.java:480)
	at org.openqa.selenium.remote.http.W3CHttpResponseCodec.createException(W3CHttpResponseCodec.java:187)
	at org.openqa.selenium.remote.http.W3CHttpResponseCodec.decode(W3CHttpResponseCodec.java:122)
	at org.openqa.selenium.remote.http.W3CHttpResponseCodec.decode(W3CHttpResponseCodec.java:49)
	at org.openqa.selenium.remote.HttpCommandExecutor.execute(HttpCommandExecutor.java:158)
	at org.openqa.selenium.remote.service.DriverCommandExecutor.execute(DriverCommandExecutor.java:83)
	at org.openqa.selenium.remote.RemoteWebDriver.execute(RemoteWebDriver.java:552)
	at org.openqa.selenium.remote.RemoteWebDriver.findElement(RemoteWebDriver.java:323)
	at org.openqa.selenium.remote.RemoteWebDriver.findElementByXPath(RemoteWebDriver.java:428)
	at org.openqa.selenium.By$ByXPath.findElement(By.java:353)
	at org.openqa.selenium.remote.RemoteWebDriver.findElement(RemoteWebDriver.java:315)
	at org.openqa.selenium.support.ui.ExpectedConditions$7.apply(ExpectedConditions.java:205)
	at org.openqa.selenium.support.ui.ExpectedConditions$7.apply(ExpectedConditions.java:201)
	at org.openqa.selenium.support.ui.FluentWait.until(FluentWait.java:249)
	at GenericFunctions.GenericFunctions.isDisplayedBy(GenericFunctions.java:598)
	at pageObject.Swaglab.productSelection(Swaglab.java:49)
	at com.testhouse.stepdef.Swaglabs.user_select_product_from_and(Swaglabs.java:55)
	at java.base/jdk.internal.reflect.NativeMethodAccessorImpl.invoke0(Native Method)
	at java.base/jdk.internal.reflect.NativeMethodAccessorImpl.invoke(NativeMethodAccessorImpl.java:77)
	at java.base/jdk.internal.reflect.DelegatingMethodAccessorImpl.invoke(DelegatingMethodAccessorImpl.java:43)
	at java.base/java.lang.reflect.Method.invoke(Method.java:568)
	at io.cucumber.java.Invoker.doInvoke(Invoker.java:66)
	at io.cucumber.java.Invoker.invoke(Invoker.java:24)
	at io.cucumber.java.AbstractGlueDefinition.invokeMethod(AbstractGlueDefinition.java:47)
	at io.cucumber.java.JavaStepDefinition.execute(JavaStepDefinition.java:29)
	at io.cucumber.core.runner.CoreStepDefinition.execute(CoreStepDefinition.java:66)
	at io.cucumber.core.runner.PickleStepDefinitionMatch.runStep(PickleStepDefinitionMatch.java:63)
	at io.cucumber.core.runner.ExecutionMode$1.execute(ExecutionMode.java:10)
	at io.cucumber.core.runner.TestStep.executeStep(TestStep.java:92)
	at io.cucumber.core.runner.TestStep.run(TestStep.java:64)
	at io.cucumber.core.runner.PickleStepTestStep.run(PickleStepTestStep.java:51)
	at io.cucumber.core.runner.TestCase.run(TestCase.java:104)
	at io.cucumber.core.runner.Runner.runPickle(Runner.java:73)
	at io.cucumber.testng.TestNGCucumberRunner.lambda$runScenario$0(TestNGCucumberRunner.java:117)
	at io.cucumber.core.runtime.CucumberExecutionContext.runTestCase(CucumberExecutionContext.java:117)
	at io.cucumber.testng.TestNGCucumberRunner.runScenario(TestNGCucumberRunner.java:114)
	at com.testhouse.stepdef.Hooks.runScenario(Hooks.java:83)
	at java.base/jdk.internal.reflect.NativeMethodAccessorImpl.invoke0(Native Method)
	at java.base/jdk.internal.reflect.NativeMethodAccessorImpl.invoke(NativeMethodAccessorImpl.java:77)
	at java.base/jdk.internal.reflect.DelegatingMethodAccessorImpl.invoke(DelegatingMethodAccessorImpl.java:43)
	at java.base/java.lang.reflect.Method.invoke(Method.java:568)
	at org.testng.internal.MethodInvocationHelper.invokeMethod(MethodInvocationHelper.java:133)
	at org.testng.internal.TestInvoker.invokeMethod(TestInvoker.java:598)
	at org.testng.internal.TestInvoker.invokeTestMethod(TestInvoker.java:173)
	at org.testng.internal.TestMethodWithDataProviderMethodWorker.call(TestMethodWithDataProviderMethodWorker.java:77)
	at org.testng.internal.TestMethodWithDataProviderMethodWorker.call(TestMethodWithDataProviderMethodWorker.java:15)
	at java.base/java.util.concurrent.FutureTask.run(FutureTask.java:264)
	at java.base/java.util.concurrent.Executors$RunnableAdapter.call(Executors.java:539)
	at java.base/java.util.concurrent.FutureTask.run(FutureTask.java:264)
	at java.base/java.util.concurrent.ThreadPoolExecutor.runWorker(ThreadPoolExecutor.java:1136)
	at java.base/java.util.concurrent.ThreadPoolExecutor$Worker.run(ThreadPoolExecutor.java:635)
	at java.base/java.lang.Thread.run(Thread.java:833)
2023-04-11 22:04:498 ERROR GenericFunctions:604 - element is not Displayed..
org.openqa.selenium.NoSuchElementException: no such element: Unable to locate element: {"method":"xpath","selector":"//a[@class='shopping_cart_link']"}
  (Session info: chrome=112.0.5615.49)
For documentation on this error, please visit: https://www.seleniumhq.org/exceptions/no_such_element.html
Build info: version: '3.141.59', revision: 'e82be7d358', time: '2018-11-14T08:17:03'
System info: host: 'THSLT10486', ip: '192.168.18.46', os.name: 'Windows 10', os.arch: 'amd64', os.version: '10.0', java.version: '17.0.5'
Driver info: org.openqa.selenium.chrome.ChromeDriver
Capabilities {acceptInsecureCerts: false, browserName: chrome, browserVersion: 112.0.5615.49, chrome: {chromedriverVersion: 112.0.5615.49 (bd2a7bcb881c..., userDataDir: C:\Users\THIC21~1\AppData\L...}, goog:chromeOptions: {debuggerAddress: localhost:56904}, javascriptEnabled: true, networkConnectionEnabled: false, pageLoadStrategy: normal, platform: WINDOWS, platformName: WINDOWS, proxy: Proxy(), setWindowRect: true, strictFileInteractability: false, timeouts: {implicit: 0, pageLoad: 300000, script: 30000}, unhandledPromptBehavior: dismiss and notify, webauthn:extension:credBlob: true, webauthn:extension:largeBlob: true, webauthn:extension:minPinLength: true, webauthn:extension:prf: true, webauthn:virtualAuthenticators: true}
Session ID: 4d4a02421ac6ad6a9ccecb2d935fba28
*** Element info: {Using=xpath, value=//a[@class='shopping_cart_link']}
	at jdk.internal.reflect.GeneratedConstructorAccessor27.newInstance(Unknown Source)
	at java.base/jdk.internal.reflect.DelegatingConstructorAccessorImpl.newInstance(DelegatingConstructorAccessorImpl.java:45)
	at java.base/java.lang.reflect.Constructor.newInstanceWithCaller(Constructor.java:499)
	at java.base/java.lang.reflect.Constructor.newInstance(Constructor.java:480)
	at org.openqa.selenium.remote.http.W3CHttpResponseCodec.createException(W3CHttpResponseCodec.java:187)
	at org.openqa.selenium.remote.http.W3CHttpResponseCodec.decode(W3CHttpResponseCodec.java:122)
	at org.openqa.selenium.remote.http.W3CHttpResponseCodec.decode(W3CHttpResponseCodec.java:49)
	at org.openqa.selenium.remote.HttpCommandExecutor.execute(HttpCommandExecutor.java:158)
	at org.openqa.selenium.remote.service.DriverCommandExecutor.execute(DriverCommandExecutor.java:83)
	at org.openqa.selenium.remote.RemoteWebDriver.execute(RemoteWebDriver.java:552)
	at org.openqa.selenium.remote.RemoteWebDriver.findElement(RemoteWebDriver.java:323)
	at org.openqa.selenium.remote.RemoteWebDriver.findElementByXPath(RemoteWebDriver.java:428)
	at org.openqa.selenium.By$ByXPath.findElement(By.java:353)
	at org.openqa.selenium.remote.RemoteWebDriver.findElement(RemoteWebDriver.java:315)
	at org.openqa.selenium.support.ui.ExpectedConditions$7.apply(ExpectedConditions.java:205)
	at org.openqa.selenium.support.ui.ExpectedConditions$7.apply(ExpectedConditions.java:201)
	at org.openqa.selenium.support.ui.FluentWait.until(FluentWait.java:249)
	at GenericFunctions.GenericFunctions.isDisplayedBy(GenericFunctions.java:598)
	at pageObject.Swaglab.proceedtoCheckout(Swaglab.java:63)
	at com.testhouse.stepdef.Swaglabs.user_verify_item_and_proceed_to_checkout_from_and(Swaglabs.java:67)
	at java.base/jdk.internal.reflect.NativeMethodAccessorImpl.invoke0(Native Method)
	at java.base/jdk.internal.reflect.NativeMethodAccessorImpl.invoke(NativeMethodAccessorImpl.java:77)
	at java.base/jdk.internal.reflect.DelegatingMethodAccessorImpl.invoke(DelegatingMethodAccessorImpl.java:43)
	at java.base/java.lang.reflect.Method.invoke(Method.java:568)
	at io.cucumber.java.Invoker.doInvoke(Invoker.java:66)
	at io.cucumber.java.Invoker.invoke(Invoker.java:24)
	at io.cucumber.java.AbstractGlueDefinition.invokeMethod(AbstractGlueDefinition.java:47)
	at io.cucumber.java.JavaStepDefinition.execute(JavaStepDefinition.java:29)
	at io.cucumber.core.runner.CoreStepDefinition.execute(CoreStepDefinition.java:66)
	at io.cucumber.core.runner.PickleStepDefinitionMatch.runStep(PickleStepDefinitionMatch.java:63)
	at io.cucumber.core.runner.ExecutionMode$1.execute(ExecutionMode.java:10)
	at io.cucumber.core.runner.TestStep.executeStep(TestStep.java:92)
	at io.cucumber.core.runner.TestStep.run(TestStep.java:64)
	at io.cucumber.core.runner.PickleStepTestStep.run(PickleStepTestStep.java:51)
	at io.cucumber.core.runner.TestCase.run(TestCase.java:104)
	at io.cucumber.core.runner.Runner.runPickle(Runner.java:73)
	at io.cucumber.testng.TestNGCucumberRunner.lambda$runScenario$0(TestNGCucumberRunner.java:117)
	at io.cucumber.core.runtime.CucumberExecutionContext.runTestCase(CucumberExecutionContext.java:117)
	at io.cucumber.testng.TestNGCucumberRunner.runScenario(TestNGCucumberRunner.java:114)
	at com.testhouse.stepdef.Hooks.runScenario(Hooks.java:83)
	at java.base/jdk.internal.reflect.NativeMethodAccessorImpl.invoke0(Native Method)
	at java.base/jdk.internal.reflect.NativeMethodAccessorImpl.invoke(NativeMethodAccessorImpl.java:77)
	at java.base/jdk.internal.reflect.DelegatingMethodAccessorImpl.invoke(DelegatingMethodAccessorImpl.java:43)
	at java.base/java.lang.reflect.Method.invoke(Method.java:568)
	at org.testng.internal.MethodInvocationHelper.invokeMethod(MethodInvocationHelper.java:133)
	at org.testng.internal.TestInvoker.invokeMethod(TestInvoker.java:598)
	at org.testng.internal.TestInvoker.invokeTestMethod(TestInvoker.java:173)
	at org.testng.internal.TestMethodWithDataProviderMethodWorker.call(TestMethodWithDataProviderMethodWorker.java:77)
	at org.testng.internal.TestMethodWithDataProviderMethodWorker.call(TestMethodWithDataProviderMethodWorker.java:15)
	at java.base/java.util.concurrent.FutureTask.run(FutureTask.java:264)
	at java.base/java.util.concurrent.Executors$RunnableAdapter.call(Executors.java:539)
	at java.base/java.util.concurrent.FutureTask.run(FutureTask.java:264)
	at java.base/java.util.concurrent.ThreadPoolExecutor.runWorker(ThreadPoolExecutor.java:1136)
	at java.base/java.util.concurrent.ThreadPoolExecutor$Worker.run(ThreadPoolExecutor.java:635)
	at java.base/java.lang.Thread.run(Thread.java:833)
2023-04-11 22:04:837 ERROR GenericFunctions:604 - element is not Displayed..
org.openqa.selenium.NoSuchElementException: no such element: Unable to locate element: {"method":"xpath","selector":"//a[@class='shopping_cart_link']"}
  (Session info: chrome=112.0.5615.49)
For documentation on this error, please visit: https://www.seleniumhq.org/exceptions/no_such_element.html
Build info: version: '3.141.59', revision: 'e82be7d358', time: '2018-11-14T08:17:03'
System info: host: 'THSLT10486', ip: '192.168.18.46', os.name: 'Windows 10', os.arch: 'amd64', os.version: '10.0', java.version: '17.0.5'
Driver info: org.openqa.selenium.chrome.ChromeDriver
Capabilities {acceptInsecureCerts: false, browserName: chrome, browserVersion: 112.0.5615.49, chrome: {chromedriverVersion: 112.0.5615.49 (bd2a7bcb881c..., userDataDir: C:\Users\THIC21~1\AppData\L...}, goog:chromeOptions: {debuggerAddress: localhost:56904}, javascriptEnabled: true, networkConnectionEnabled: false, pageLoadStrategy: normal, platform: WINDOWS, platformName: WINDOWS, proxy: Proxy(), setWindowRect: true, strictFileInteractability: false, timeouts: {implicit: 0, pageLoad: 300000, script: 30000}, unhandledPromptBehavior: dismiss and notify, webauthn:extension:credBlob: true, webauthn:extension:largeBlob: true, webauthn:extension:minPinLength: true, webauthn:extension:prf: true, webauthn:virtualAuthenticators: true}
Session ID: 4d4a02421ac6ad6a9ccecb2d935fba28
*** Element info: {Using=xpath, value=//a[@class='shopping_cart_link']}
	at jdk.internal.reflect.GeneratedConstructorAccessor27.newInstance(Unknown Source)
	at java.base/jdk.internal.reflect.DelegatingConstructorAccessorImpl.newInstance(DelegatingConstructorAccessorImpl.java:45)
	at java.base/java.lang.reflect.Constructor.newInstanceWithCaller(Constructor.java:499)
	at java.base/java.lang.reflect.Constructor.newInstance(Constructor.java:480)
	at org.openqa.selenium.remote.http.W3CHttpResponseCodec.createException(W3CHttpResponseCodec.java:187)
	at org.openqa.selenium.remote.http.W3CHttpResponseCodec.decode(W3CHttpResponseCodec.java:122)
	at org.openqa.selenium.remote.http.W3CHttpResponseCodec.decode(W3CHttpResponseCodec.java:49)
	at org.openqa.selenium.remote.HttpCommandExecutor.execute(HttpCommandExecutor.java:158)
	at org.openqa.selenium.remote.service.DriverCommandExecutor.execute(DriverCommandExecutor.java:83)
	at org.openqa.selenium.remote.RemoteWebDriver.execute(RemoteWebDriver.java:552)
	at org.openqa.selenium.remote.RemoteWebDriver.findElement(RemoteWebDriver.java:323)
	at org.openqa.selenium.remote.RemoteWebDriver.findElementByXPath(RemoteWebDriver.java:428)
	at org.openqa.selenium.By$ByXPath.findElement(By.java:353)
	at org.openqa.selenium.remote.RemoteWebDriver.findElement(RemoteWebDriver.java:315)
	at org.openqa.selenium.support.ui.ExpectedConditions$7.apply(ExpectedConditions.java:205)
	at org.openqa.selenium.support.ui.ExpectedConditions$7.apply(ExpectedConditions.java:201)
	at org.openqa.selenium.support.ui.FluentWait.until(FluentWait.java:249)
	at GenericFunctions.GenericFunctions.isDisplayedBy(GenericFunctions.java:598)
	at pageObject.Swaglab.proceedtoCheckout(Swaglab.java:63)
	at com.testhouse.stepdef.Swaglabs.user_verify_item_and_proceed_to_checkout_from_and(Swaglabs.java:67)
	at java.base/jdk.internal.reflect.NativeMethodAccessorImpl.invoke0(Native Method)
	at java.base/jdk.internal.reflect.NativeMethodAccessorImpl.invoke(NativeMethodAccessorImpl.java:77)
	at java.base/jdk.internal.reflect.DelegatingMethodAccessorImpl.invoke(DelegatingMethodAccessorImpl.java:43)
	at java.base/java.lang.reflect.Method.invoke(Method.java:568)
	at io.cucumber.java.Invoker.doInvoke(Invoker.java:66)
	at io.cucumber.java.Invoker.invoke(Invoker.java:24)
	at io.cucumber.java.AbstractGlueDefinition.invokeMethod(AbstractGlueDefinition.java:47)
	at io.cucumber.java.JavaStepDefinition.execute(JavaStepDefinition.java:29)
	at io.cucumber.core.runner.CoreStepDefinition.execute(CoreStepDefinition.java:66)
	at io.cucumber.core.runner.PickleStepDefinitionMatch.runStep(PickleStepDefinitionMatch.java:63)
	at io.cucumber.core.runner.ExecutionMode$1.execute(ExecutionMode.java:10)
	at io.cucumber.core.runner.TestStep.executeStep(TestStep.java:92)
	at io.cucumber.core.runner.TestStep.run(TestStep.java:64)
	at io.cucumber.core.runner.PickleStepTestStep.run(PickleStepTestStep.java:51)
	at io.cucumber.core.runner.TestCase.run(TestCase.java:104)
	at io.cucumber.core.runner.Runner.runPickle(Runner.java:73)
	at io.cucumber.testng.TestNGCucumberRunner.lambda$runScenario$0(TestNGCucumberRunner.java:117)
	at io.cucumber.core.runtime.CucumberExecutionContext.runTestCase(CucumberExecutionContext.java:117)
	at io.cucumber.testng.TestNGCucumberRunner.runScenario(TestNGCucumberRunner.java:114)
	at com.testhouse.stepdef.Hooks.runScenario(Hooks.java:83)
	at java.base/jdk.internal.reflect.NativeMethodAccessorImpl.invoke0(Native Method)
	at java.base/jdk.internal.reflect.NativeMethodAccessorImpl.invoke(NativeMethodAccessorImpl.java:77)
	at java.base/jdk.internal.reflect.DelegatingMethodAccessorImpl.invoke(DelegatingMethodAccessorImpl.java:43)
	at java.base/java.lang.reflect.Method.invoke(Method.java:568)
	at org.testng.internal.MethodInvocationHelper.invokeMethod(MethodInvocationHelper.java:133)
	at org.testng.internal.TestInvoker.invokeMethod(TestInvoker.java:598)
	at org.testng.internal.TestInvoker.invokeTestMethod(TestInvoker.java:173)
	at org.testng.internal.TestMethodWithDataProviderMethodWorker.call(TestMethodWithDataProviderMethodWorker.java:77)
	at org.testng.internal.TestMethodWithDataProviderMethodWorker.call(TestMethodWithDataProviderMethodWorker.java:15)
	at java.base/java.util.concurrent.FutureTask.run(FutureTask.java:264)
	at java.base/java.util.concurrent.Executors$RunnableAdapter.call(Executors.java:539)
	at java.base/java.util.concurrent.FutureTask.run(FutureTask.java:264)
	at java.base/java.util.concurrent.ThreadPoolExecutor.runWorker(ThreadPoolExecutor.java:1136)
	at java.base/java.util.concurrent.ThreadPoolExecutor$Worker.run(ThreadPoolExecutor.java:635)
	at java.base/java.lang.Thread.run(Thread.java:833)
2023-04-11 22:04:38 INFO  GenericFunctions:612 - element is Displayed..
2023-04-11 22:04:666 INFO  GenericFunctions:600 - element is Displayed..Sauce Labs Backpack
2023-04-11 22:04:905 INFO  GenericFunctions:600 - element is Displayed..1
2023-04-11 22:04:111 INFO  GenericFunctions:612 - element is Displayed..
2023-04-11 22:04:630 INFO  GenericFunctions:600 - element is Displayed..Sauce Labs Bike Light
2023-04-11 22:04:899 INFO  GenericFunctions:600 - element is Displayed..1
2023-04-11 22:04:733 INFO  GenericFunctions:612 - element is Displayed..
2023-04-11 22:04:308 INFO  GenericFunctions:600 - element is Displayed..Sauce Labs Backpack
2023-04-11 22:04:544 INFO  GenericFunctions:600 - element is Displayed..1
2023-04-11 22:04:303 INFO  GenericFunctions:600 - element is Displayed..
2023-04-11 22:04:494 INFO  GenericFunctions:600 - element is Displayed..Finish
2023-04-11 22:04:796 ERROR GenericFunctions:604 - element is not Displayed..
org.openqa.selenium.NoSuchElementException: no such element: Unable to locate element: {"method":"xpath","selector":"//*[contains(text(),'THANK YOU FOR YOUR ORDER')]"}
  (Session info: chrome=112.0.5615.49)
For documentation on this error, please visit: https://www.seleniumhq.org/exceptions/no_such_element.html
Build info: version: '3.141.59', revision: 'e82be7d358', time: '2018-11-14T08:17:03'
System info: host: 'THSLT10486', ip: '192.168.18.46', os.name: 'Windows 10', os.arch: 'amd64', os.version: '10.0', java.version: '17.0.5'
Driver info: org.openqa.selenium.chrome.ChromeDriver
Capabilities {acceptInsecureCerts: false, browserName: chrome, browserVersion: 112.0.5615.49, chrome: {chromedriverVersion: 112.0.5615.49 (bd2a7bcb881c..., userDataDir: C:\Users\THIC21~1\AppData\L...}, goog:chromeOptions: {debuggerAddress: localhost:57565}, javascriptEnabled: true, networkConnectionEnabled: false, pageLoadStrategy: normal, platform: WINDOWS, platformName: WINDOWS, proxy: Proxy(), setWindowRect: true, strictFileInteractability: false, timeouts: {implicit: 0, pageLoad: 300000, script: 30000}, unhandledPromptBehavior: dismiss and notify, webauthn:extension:credBlob: true, webauthn:extension:largeBlob: true, webauthn:extension:minPinLength: true, webauthn:extension:prf: true, webauthn:virtualAuthenticators: true}
Session ID: d530c23216a7672953d250c3c7063814
*** Element info: {Using=xpath, value=//*[contains(text(),'THANK YOU FOR YOUR ORDER')]}
	at jdk.internal.reflect.GeneratedConstructorAccessor26.newInstance(Unknown Source)
	at java.base/jdk.internal.reflect.DelegatingConstructorAccessorImpl.newInstance(DelegatingConstructorAccessorImpl.java:45)
	at java.base/java.lang.reflect.Constructor.newInstanceWithCaller(Constructor.java:499)
	at java.base/java.lang.reflect.Constructor.newInstance(Constructor.java:480)
	at org.openqa.selenium.remote.http.W3CHttpResponseCodec.createException(W3CHttpResponseCodec.java:187)
	at org.openqa.selenium.remote.http.W3CHttpResponseCodec.decode(W3CHttpResponseCodec.java:122)
	at org.openqa.selenium.remote.http.W3CHttpResponseCodec.decode(W3CHttpResponseCodec.java:49)
	at org.openqa.selenium.remote.HttpCommandExecutor.execute(HttpCommandExecutor.java:158)
	at org.openqa.selenium.remote.service.DriverCommandExecutor.execute(DriverCommandExecutor.java:83)
	at org.openqa.selenium.remote.RemoteWebDriver.execute(RemoteWebDriver.java:552)
	at org.openqa.selenium.remote.RemoteWebDriver.findElement(RemoteWebDriver.java:323)
	at org.openqa.selenium.remote.RemoteWebDriver.findElementByXPath(RemoteWebDriver.java:428)
	at org.openqa.selenium.By$ByXPath.findElement(By.java:353)
	at org.openqa.selenium.remote.RemoteWebDriver.findElement(RemoteWebDriver.java:315)
	at org.openqa.selenium.support.ui.ExpectedConditions$7.apply(ExpectedConditions.java:205)
	at org.openqa.selenium.support.ui.ExpectedConditions$7.apply(ExpectedConditions.java:201)
	at org.openqa.selenium.support.ui.FluentWait.until(FluentWait.java:249)
	at GenericFunctions.GenericFunctions.isDisplayedBy(GenericFunctions.java:598)
	at pageObject.Swaglab.placeOrder(Swaglab.java:118)
	at com.testhouse.stepdef.Swaglabs.user_clicks_on_finish_button_and_verify_confirm_message(Swaglabs.java:87)
	at java.base/jdk.internal.reflect.NativeMethodAccessorImpl.invoke0(Native Method)
	at java.base/jdk.internal.reflect.NativeMethodAccessorImpl.invoke(NativeMethodAccessorImpl.java:77)
	at java.base/jdk.internal.reflect.DelegatingMethodAccessorImpl.invoke(DelegatingMethodAccessorImpl.java:43)
	at java.base/java.lang.reflect.Method.invoke(Method.java:568)
	at io.cucumber.java.Invoker.doInvoke(Invoker.java:66)
	at io.cucumber.java.Invoker.invoke(Invoker.java:24)
	at io.cucumber.java.AbstractGlueDefinition.invokeMethod(AbstractGlueDefinition.java:47)
	at io.cucumber.java.JavaStepDefinition.execute(JavaStepDefinition.java:29)
	at io.cucumber.core.runner.CoreStepDefinition.execute(CoreStepDefinition.java:66)
	at io.cucumber.core.runner.PickleStepDefinitionMatch.runStep(PickleStepDefinitionMatch.java:63)
	at io.cucumber.core.runner.ExecutionMode$1.execute(ExecutionMode.java:10)
	at io.cucumber.core.runner.TestStep.executeStep(TestStep.java:92)
	at io.cucumber.core.runner.TestStep.run(TestStep.java:64)
	at io.cucumber.core.runner.PickleStepTestStep.run(PickleStepTestStep.java:51)
	at io.cucumber.core.runner.TestCase.run(TestCase.java:104)
	at io.cucumber.core.runner.Runner.runPickle(Runner.java:73)
	at io.cucumber.testng.TestNGCucumberRunner.lambda$runScenario$0(TestNGCucumberRunner.java:117)
	at io.cucumber.core.runtime.CucumberExecutionContext.runTestCase(CucumberExecutionContext.java:117)
	at io.cucumber.testng.TestNGCucumberRunner.runScenario(TestNGCucumberRunner.java:114)
	at com.testhouse.stepdef.Hooks.runScenario(Hooks.java:83)
	at java.base/jdk.internal.reflect.NativeMethodAccessorImpl.invoke0(Native Method)
	at java.base/jdk.internal.reflect.NativeMethodAccessorImpl.invoke(NativeMethodAccessorImpl.java:77)
	at java.base/jdk.internal.reflect.DelegatingMethodAccessorImpl.invoke(DelegatingMethodAccessorImpl.java:43)
	at java.base/java.lang.reflect.Method.invoke(Method.java:568)
	at org.testng.internal.MethodInvocationHelper.invokeMethod(MethodInvocationHelper.java:133)
	at org.testng.internal.TestInvoker.invokeMethod(TestInvoker.java:598)
	at org.testng.internal.TestInvoker.invokeTestMethod(TestInvoker.java:173)
	at org.testng.internal.MethodRunner.runInSequence(MethodRunner.java:46)
	at org.testng.internal.TestInvoker$MethodInvocationAgent.invoke(TestInvoker.java:824)
	at org.testng.internal.TestInvoker.invokeTestMethods(TestInvoker.java:146)
	at org.testng.internal.TestMethodWorker.invokeTestMethods(TestMethodWorker.java:146)
	at org.testng.internal.TestMethodWorker.run(TestMethodWorker.java:128)
	at java.base/java.util.ArrayList.forEach(ArrayList.java:1511)
	at org.testng.TestRunner.privateRun(TestRunner.java:794)
	at org.testng.TestRunner.run(TestRunner.java:596)
	at org.testng.SuiteRunner.runTest(SuiteRunner.java:377)
	at org.testng.SuiteRunner.runSequentially(SuiteRunner.java:371)
	at org.testng.SuiteRunner.privateRun(SuiteRunner.java:332)
	at org.testng.SuiteRunner.run(SuiteRunner.java:276)
	at org.testng.SuiteRunnerWorker.runSuite(SuiteRunnerWorker.java:53)
	at org.testng.SuiteRunnerWorker.run(SuiteRunnerWorker.java:96)
	at org.testng.TestNG.runSuitesSequentially(TestNG.java:1212)
	at org.testng.TestNG.runSuitesLocally(TestNG.java:1134)
	at org.testng.TestNG.runSuites(TestNG.java:1063)
	at org.testng.TestNG.run(TestNG.java:1031)
	at org.testng.remote.AbstractRemoteTestNG.run(AbstractRemoteTestNG.java:115)
	at org.testng.remote.RemoteTestNG.initAndRun(RemoteTestNG.java:251)
	at org.testng.remote.RemoteTestNG.main(RemoteTestNG.java:77)
2023-04-11 22:04:705 INFO  GenericFunctions:612 - element is Displayed..
2023-04-11 22:04:156 INFO  GenericFunctions:600 - element is Displayed..Sauce Labs Bike Light
2023-04-11 22:04:419 INFO  GenericFunctions:600 - element is Displayed..1
2023-04-11 22:04:211 INFO  GenericFunctions:600 - element is Displayed..
2023-04-11 22:04:420 ERROR GenericFunctions:604 - element is not Displayed..
org.openqa.selenium.NoSuchElementException: no such element: Unable to locate element: {"method":"css selector","selector":"#finish"}
  (Session info: chrome=112.0.5615.49)
For documentation on this error, please visit: https://www.seleniumhq.org/exceptions/no_such_element.html
Build info: version: '3.141.59', revision: 'e82be7d358', time: '2018-11-14T08:17:03'
System info: host: 'THSLT10486', ip: '192.168.18.46', os.name: 'Windows 10', os.arch: 'amd64', os.version: '10.0', java.version: '17.0.5'
Driver info: org.openqa.selenium.chrome.ChromeDriver
Capabilities {acceptInsecureCerts: false, browserName: chrome, browserVersion: 112.0.5615.49, chrome: {chromedriverVersion: 112.0.5615.49 (bd2a7bcb881c..., userDataDir: C:\Users\THIC21~1\AppData\L...}, goog:chromeOptions: {debuggerAddress: localhost:57632}, javascriptEnabled: true, networkConnectionEnabled: false, pageLoadStrategy: normal, platform: WINDOWS, platformName: WINDOWS, proxy: Proxy(), setWindowRect: true, strictFileInteractability: false, timeouts: {implicit: 0, pageLoad: 300000, script: 30000}, unhandledPromptBehavior: dismiss and notify, webauthn:extension:credBlob: true, webauthn:extension:largeBlob: true, webauthn:extension:minPinLength: true, webauthn:extension:prf: true, webauthn:virtualAuthenticators: true}
Session ID: cb2128708f96ab2a6b78fa5d7ed32a0e
*** Element info: {Using=id, value=finish}
	at jdk.internal.reflect.GeneratedConstructorAccessor26.newInstance(Unknown Source)
	at java.base/jdk.internal.reflect.DelegatingConstructorAccessorImpl.newInstance(DelegatingConstructorAccessorImpl.java:45)
	at java.base/java.lang.reflect.Constructor.newInstanceWithCaller(Constructor.java:499)
	at java.base/java.lang.reflect.Constructor.newInstance(Constructor.java:480)
	at org.openqa.selenium.remote.http.W3CHttpResponseCodec.createException(W3CHttpResponseCodec.java:187)
	at org.openqa.selenium.remote.http.W3CHttpResponseCodec.decode(W3CHttpResponseCodec.java:122)
	at org.openqa.selenium.remote.http.W3CHttpResponseCodec.decode(W3CHttpResponseCodec.java:49)
	at org.openqa.selenium.remote.HttpCommandExecutor.execute(HttpCommandExecutor.java:158)
	at org.openqa.selenium.remote.service.DriverCommandExecutor.execute(DriverCommandExecutor.java:83)
	at org.openqa.selenium.remote.RemoteWebDriver.execute(RemoteWebDriver.java:552)
	at org.openqa.selenium.remote.RemoteWebDriver.findElement(RemoteWebDriver.java:323)
	at org.openqa.selenium.remote.RemoteWebDriver.findElementById(RemoteWebDriver.java:372)
	at org.openqa.selenium.By$ById.findElement(By.java:188)
	at org.openqa.selenium.remote.RemoteWebDriver.findElement(RemoteWebDriver.java:315)
	at org.openqa.selenium.support.ui.ExpectedConditions$7.apply(ExpectedConditions.java:205)
	at org.openqa.selenium.support.ui.ExpectedConditions$7.apply(ExpectedConditions.java:201)
	at org.openqa.selenium.support.ui.FluentWait.until(FluentWait.java:249)
	at GenericFunctions.GenericFunctions.isDisplayedBy(GenericFunctions.java:598)
	at pageObject.Swaglab.placeOrder(Swaglab.java:108)
	at com.testhouse.stepdef.Swaglabs.user_clicks_on_finish_button_and_verify_confirm_message(Swaglabs.java:87)
	at java.base/jdk.internal.reflect.NativeMethodAccessorImpl.invoke0(Native Method)
	at java.base/jdk.internal.reflect.NativeMethodAccessorImpl.invoke(NativeMethodAccessorImpl.java:77)
	at java.base/jdk.internal.reflect.DelegatingMethodAccessorImpl.invoke(DelegatingMethodAccessorImpl.java:43)
	at java.base/java.lang.reflect.Method.invoke(Method.java:568)
	at io.cucumber.java.Invoker.doInvoke(Invoker.java:66)
	at io.cucumber.java.Invoker.invoke(Invoker.java:24)
	at io.cucumber.java.AbstractGlueDefinition.invokeMethod(AbstractGlueDefinition.java:47)
	at io.cucumber.java.JavaStepDefinition.execute(JavaStepDefinition.java:29)
	at io.cucumber.core.runner.CoreStepDefinition.execute(CoreStepDefinition.java:66)
	at io.cucumber.core.runner.PickleStepDefinitionMatch.runStep(PickleStepDefinitionMatch.java:63)
	at io.cucumber.core.runner.ExecutionMode$1.execute(ExecutionMode.java:10)
	at io.cucumber.core.runner.TestStep.executeStep(TestStep.java:92)
	at io.cucumber.core.runner.TestStep.run(TestStep.java:64)
	at io.cucumber.core.runner.PickleStepTestStep.run(PickleStepTestStep.java:51)
	at io.cucumber.core.runner.TestCase.run(TestCase.java:104)
	at io.cucumber.core.runner.Runner.runPickle(Runner.java:73)
	at io.cucumber.testng.TestNGCucumberRunner.lambda$runScenario$0(TestNGCucumberRunner.java:117)
	at io.cucumber.core.runtime.CucumberExecutionContext.runTestCase(CucumberExecutionContext.java:117)
	at io.cucumber.testng.TestNGCucumberRunner.runScenario(TestNGCucumberRunner.java:114)
	at com.testhouse.stepdef.Hooks.runScenario(Hooks.java:83)
	at java.base/jdk.internal.reflect.NativeMethodAccessorImpl.invoke0(Native Method)
	at java.base/jdk.internal.reflect.NativeMethodAccessorImpl.invoke(NativeMethodAccessorImpl.java:77)
	at java.base/jdk.internal.reflect.DelegatingMethodAccessorImpl.invoke(DelegatingMethodAccessorImpl.java:43)
	at java.base/java.lang.reflect.Method.invoke(Method.java:568)
	at org.testng.internal.MethodInvocationHelper.invokeMethod(MethodInvocationHelper.java:133)
	at org.testng.internal.TestInvoker.invokeMethod(TestInvoker.java:598)
	at org.testng.internal.TestInvoker.invokeTestMethod(TestInvoker.java:173)
	at org.testng.internal.MethodRunner.runInSequence(MethodRunner.java:46)
	at org.testng.internal.TestInvoker$MethodInvocationAgent.invoke(TestInvoker.java:824)
	at org.testng.internal.TestInvoker.invokeTestMethods(TestInvoker.java:146)
	at org.testng.internal.TestMethodWorker.invokeTestMethods(TestMethodWorker.java:146)
	at org.testng.internal.TestMethodWorker.run(TestMethodWorker.java:128)
	at java.base/java.util.ArrayList.forEach(ArrayList.java:1511)
	at org.testng.TestRunner.privateRun(TestRunner.java:794)
	at org.testng.TestRunner.run(TestRunner.java:596)
	at org.testng.SuiteRunner.runTest(SuiteRunner.java:377)
	at org.testng.SuiteRunner.runSequentially(SuiteRunner.java:371)
	at org.testng.SuiteRunner.privateRun(SuiteRunner.java:332)
	at org.testng.SuiteRunner.run(SuiteRunner.java:276)
	at org.testng.SuiteRunnerWorker.runSuite(SuiteRunnerWorker.java:53)
	at org.testng.SuiteRunnerWorker.run(SuiteRunnerWorker.java:96)
	at org.testng.TestNG.runSuitesSequentially(TestNG.java:1212)
	at org.testng.TestNG.runSuitesLocally(TestNG.java:1134)
	at org.testng.TestNG.runSuites(TestNG.java:1063)
	at org.testng.TestNG.run(TestNG.java:1031)
	at org.testng.remote.AbstractRemoteTestNG.run(AbstractRemoteTestNG.java:115)
	at org.testng.remote.RemoteTestNG.initAndRun(RemoteTestNG.java:251)
	at org.testng.remote.RemoteTestNG.main(RemoteTestNG.java:77)
2023-04-11 22:04:932 ERROR GenericFunctions:604 - element is not Displayed..
org.openqa.selenium.NoSuchElementException: no such element: Unable to locate element: {"method":"xpath","selector":"//*[contains(text(),'THANK YOU FOR YOUR ORDER')]"}
  (Session info: chrome=112.0.5615.49)
For documentation on this error, please visit: https://www.seleniumhq.org/exceptions/no_such_element.html
Build info: version: '3.141.59', revision: 'e82be7d358', time: '2018-11-14T08:17:03'
System info: host: 'THSLT10486', ip: '192.168.18.46', os.name: 'Windows 10', os.arch: 'amd64', os.version: '10.0', java.version: '17.0.5'
Driver info: org.openqa.selenium.chrome.ChromeDriver
Capabilities {acceptInsecureCerts: false, browserName: chrome, browserVersion: 112.0.5615.49, chrome: {chromedriverVersion: 112.0.5615.49 (bd2a7bcb881c..., userDataDir: C:\Users\THIC21~1\AppData\L...}, goog:chromeOptions: {debuggerAddress: localhost:57632}, javascriptEnabled: true, networkConnectionEnabled: false, pageLoadStrategy: normal, platform: WINDOWS, platformName: WINDOWS, proxy: Proxy(), setWindowRect: true, strictFileInteractability: false, timeouts: {implicit: 0, pageLoad: 300000, script: 30000}, unhandledPromptBehavior: dismiss and notify, webauthn:extension:credBlob: true, webauthn:extension:largeBlob: true, webauthn:extension:minPinLength: true, webauthn:extension:prf: true, webauthn:virtualAuthenticators: true}
Session ID: cb2128708f96ab2a6b78fa5d7ed32a0e
*** Element info: {Using=xpath, value=//*[contains(text(),'THANK YOU FOR YOUR ORDER')]}
	at jdk.internal.reflect.GeneratedConstructorAccessor26.newInstance(Unknown Source)
	at java.base/jdk.internal.reflect.DelegatingConstructorAccessorImpl.newInstance(DelegatingConstructorAccessorImpl.java:45)
	at java.base/java.lang.reflect.Constructor.newInstanceWithCaller(Constructor.java:499)
	at java.base/java.lang.reflect.Constructor.newInstance(Constructor.java:480)
	at org.openqa.selenium.remote.http.W3CHttpResponseCodec.createException(W3CHttpResponseCodec.java:187)
	at org.openqa.selenium.remote.http.W3CHttpResponseCodec.decode(W3CHttpResponseCodec.java:122)
	at org.openqa.selenium.remote.http.W3CHttpResponseCodec.decode(W3CHttpResponseCodec.java:49)
	at org.openqa.selenium.remote.HttpCommandExecutor.execute(HttpCommandExecutor.java:158)
	at org.openqa.selenium.remote.service.DriverCommandExecutor.execute(DriverCommandExecutor.java:83)
	at org.openqa.selenium.remote.RemoteWebDriver.execute(RemoteWebDriver.java:552)
	at org.openqa.selenium.remote.RemoteWebDriver.findElement(RemoteWebDriver.java:323)
	at org.openqa.selenium.remote.RemoteWebDriver.findElementByXPath(RemoteWebDriver.java:428)
	at org.openqa.selenium.By$ByXPath.findElement(By.java:353)
	at org.openqa.selenium.remote.RemoteWebDriver.findElement(RemoteWebDriver.java:315)
	at org.openqa.selenium.support.ui.ExpectedConditions$7.apply(ExpectedConditions.java:205)
	at org.openqa.selenium.support.ui.ExpectedConditions$7.apply(ExpectedConditions.java:201)
	at org.openqa.selenium.support.ui.FluentWait.until(FluentWait.java:249)
	at GenericFunctions.GenericFunctions.isDisplayedBy(GenericFunctions.java:598)
	at pageObject.Swaglab.placeOrder(Swaglab.java:118)
	at com.testhouse.stepdef.Swaglabs.user_clicks_on_finish_button_and_verify_confirm_message(Swaglabs.java:87)
	at java.base/jdk.internal.reflect.NativeMethodAccessorImpl.invoke0(Native Method)
	at java.base/jdk.internal.reflect.NativeMethodAccessorImpl.invoke(NativeMethodAccessorImpl.java:77)
	at java.base/jdk.internal.reflect.DelegatingMethodAccessorImpl.invoke(DelegatingMethodAccessorImpl.java:43)
	at java.base/java.lang.reflect.Method.invoke(Method.java:568)
	at io.cucumber.java.Invoker.doInvoke(Invoker.java:66)
	at io.cucumber.java.Invoker.invoke(Invoker.java:24)
	at io.cucumber.java.AbstractGlueDefinition.invokeMethod(AbstractGlueDefinition.java:47)
	at io.cucumber.java.JavaStepDefinition.execute(JavaStepDefinition.java:29)
	at io.cucumber.core.runner.CoreStepDefinition.execute(CoreStepDefinition.java:66)
	at io.cucumber.core.runner.PickleStepDefinitionMatch.runStep(PickleStepDefinitionMatch.java:63)
	at io.cucumber.core.runner.ExecutionMode$1.execute(ExecutionMode.java:10)
	at io.cucumber.core.runner.TestStep.executeStep(TestStep.java:92)
	at io.cucumber.core.runner.TestStep.run(TestStep.java:64)
	at io.cucumber.core.runner.PickleStepTestStep.run(PickleStepTestStep.java:51)
	at io.cucumber.core.runner.TestCase.run(TestCase.java:104)
	at io.cucumber.core.runner.Runner.runPickle(Runner.java:73)
	at io.cucumber.testng.TestNGCucumberRunner.lambda$runScenario$0(TestNGCucumberRunner.java:117)
	at io.cucumber.core.runtime.CucumberExecutionContext.runTestCase(CucumberExecutionContext.java:117)
	at io.cucumber.testng.TestNGCucumberRunner.runScenario(TestNGCucumberRunner.java:114)
	at com.testhouse.stepdef.Hooks.runScenario(Hooks.java:83)
	at java.base/jdk.internal.reflect.NativeMethodAccessorImpl.invoke0(Native Method)
	at java.base/jdk.internal.reflect.NativeMethodAccessorImpl.invoke(NativeMethodAccessorImpl.java:77)
	at java.base/jdk.internal.reflect.DelegatingMethodAccessorImpl.invoke(DelegatingMethodAccessorImpl.java:43)
	at java.base/java.lang.reflect.Method.invoke(Method.java:568)
	at org.testng.internal.MethodInvocationHelper.invokeMethod(MethodInvocationHelper.java:133)
	at org.testng.internal.TestInvoker.invokeMethod(TestInvoker.java:598)
	at org.testng.internal.TestInvoker.invokeTestMethod(TestInvoker.java:173)
	at org.testng.internal.MethodRunner.runInSequence(MethodRunner.java:46)
	at org.testng.internal.TestInvoker$MethodInvocationAgent.invoke(TestInvoker.java:824)
	at org.testng.internal.TestInvoker.invokeTestMethods(TestInvoker.java:146)
	at org.testng.internal.TestMethodWorker.invokeTestMethods(TestMethodWorker.java:146)
	at org.testng.internal.TestMethodWorker.run(TestMethodWorker.java:128)
	at java.base/java.util.ArrayList.forEach(ArrayList.java:1511)
	at org.testng.TestRunner.privateRun(TestRunner.java:794)
	at org.testng.TestRunner.run(TestRunner.java:596)
	at org.testng.SuiteRunner.runTest(SuiteRunner.java:377)
	at org.testng.SuiteRunner.runSequentially(SuiteRunner.java:371)
	at org.testng.SuiteRunner.privateRun(SuiteRunner.java:332)
	at org.testng.SuiteRunner.run(SuiteRunner.java:276)
	at org.testng.SuiteRunnerWorker.runSuite(SuiteRunnerWorker.java:53)
	at org.testng.SuiteRunnerWorker.run(SuiteRunnerWorker.java:96)
	at org.testng.TestNG.runSuitesSequentially(TestNG.java:1212)
	at org.testng.TestNG.runSuitesLocally(TestNG.java:1134)
	at org.testng.TestNG.runSuites(TestNG.java:1063)
	at org.testng.TestNG.run(TestNG.java:1031)
	at org.testng.remote.AbstractRemoteTestNG.run(AbstractRemoteTestNG.java:115)
	at org.testng.remote.RemoteTestNG.initAndRun(RemoteTestNG.java:251)
	at org.testng.remote.RemoteTestNG.main(RemoteTestNG.java:77)
2023-04-11 22:04:248 INFO  GenericFunctions:612 - element is Displayed..
2023-04-11 22:04:753 INFO  GenericFunctions:600 - element is Displayed..Sauce Labs Backpack
2023-04-11 22:04:28 INFO  GenericFunctions:600 - element is Displayed..1
2023-04-11 22:04:400 INFO  GenericFunctions:600 - element is Displayed..
2023-04-11 22:04:605 INFO  GenericFunctions:600 - element is Displayed..Finish
2023-04-11 22:04:785 INFO  GenericFunctions:600 - element is Displayed..Thank you for your order!
2023-04-11 22:04:653 INFO  GenericFunctions:612 - element is Displayed..
2023-04-11 22:04:148 INFO  GenericFunctions:600 - element is Displayed..Sauce Labs Bike Light
2023-04-11 22:04:394 INFO  GenericFunctions:600 - element is Displayed..1
2023-04-11 22:04:868 INFO  GenericFunctions:600 - element is Displayed..
2023-04-11 22:04:331 ERROR GenericFunctions:604 - element is not Displayed..
org.openqa.selenium.NoSuchElementException: no such element: Unable to locate element: {"method":"css selector","selector":"#finish"}
  (Session info: chrome=112.0.5615.49)
For documentation on this error, please visit: https://www.seleniumhq.org/exceptions/no_such_element.html
Build info: version: '3.141.59', revision: 'e82be7d358', time: '2018-11-14T08:17:03'
System info: host: 'THSLT10486', ip: '192.168.18.46', os.name: 'Windows 10', os.arch: 'amd64', os.version: '10.0', java.version: '17.0.5'
Driver info: org.openqa.selenium.chrome.ChromeDriver
Capabilities {acceptInsecureCerts: false, browserName: chrome, browserVersion: 112.0.5615.49, chrome: {chromedriverVersion: 112.0.5615.49 (bd2a7bcb881c..., userDataDir: C:\Users\THIC21~1\AppData\L...}, goog:chromeOptions: {debuggerAddress: localhost:57917}, javascriptEnabled: true, networkConnectionEnabled: false, pageLoadStrategy: normal, platform: WINDOWS, platformName: WINDOWS, proxy: Proxy(), setWindowRect: true, strictFileInteractability: false, timeouts: {implicit: 0, pageLoad: 300000, script: 30000}, unhandledPromptBehavior: dismiss and notify, webauthn:extension:credBlob: true, webauthn:extension:largeBlob: true, webauthn:extension:minPinLength: true, webauthn:extension:prf: true, webauthn:virtualAuthenticators: true}
Session ID: ffc16a622c27716cc0732a1c91b5e47e
*** Element info: {Using=id, value=finish}
	at jdk.internal.reflect.GeneratedConstructorAccessor32.newInstance(Unknown Source)
	at java.base/jdk.internal.reflect.DelegatingConstructorAccessorImpl.newInstance(DelegatingConstructorAccessorImpl.java:45)
	at java.base/java.lang.reflect.Constructor.newInstanceWithCaller(Constructor.java:499)
	at java.base/java.lang.reflect.Constructor.newInstance(Constructor.java:480)
	at org.openqa.selenium.remote.http.W3CHttpResponseCodec.createException(W3CHttpResponseCodec.java:187)
	at org.openqa.selenium.remote.http.W3CHttpResponseCodec.decode(W3CHttpResponseCodec.java:122)
	at org.openqa.selenium.remote.http.W3CHttpResponseCodec.decode(W3CHttpResponseCodec.java:49)
	at org.openqa.selenium.remote.HttpCommandExecutor.execute(HttpCommandExecutor.java:158)
	at org.openqa.selenium.remote.service.DriverCommandExecutor.execute(DriverCommandExecutor.java:83)
	at org.openqa.selenium.remote.RemoteWebDriver.execute(RemoteWebDriver.java:552)
	at org.openqa.selenium.remote.RemoteWebDriver.findElement(RemoteWebDriver.java:323)
	at org.openqa.selenium.remote.RemoteWebDriver.findElementById(RemoteWebDriver.java:372)
	at org.openqa.selenium.By$ById.findElement(By.java:188)
	at org.openqa.selenium.remote.RemoteWebDriver.findElement(RemoteWebDriver.java:315)
	at org.openqa.selenium.support.ui.ExpectedConditions$7.apply(ExpectedConditions.java:205)
	at org.openqa.selenium.support.ui.ExpectedConditions$7.apply(ExpectedConditions.java:201)
	at org.openqa.selenium.support.ui.FluentWait.until(FluentWait.java:249)
	at GenericFunctions.GenericFunctions.isDisplayedBy(GenericFunctions.java:598)
	at pageObject.Swaglab.placeOrder(Swaglab.java:110)
	at com.testhouse.stepdef.Swaglabs.user_clicks_on_finish_button_and_verify_confirm_message(Swaglabs.java:87)
	at java.base/jdk.internal.reflect.NativeMethodAccessorImpl.invoke0(Native Method)
	at java.base/jdk.internal.reflect.NativeMethodAccessorImpl.invoke(NativeMethodAccessorImpl.java:77)
	at java.base/jdk.internal.reflect.DelegatingMethodAccessorImpl.invoke(DelegatingMethodAccessorImpl.java:43)
	at java.base/java.lang.reflect.Method.invoke(Method.java:568)
	at io.cucumber.java.Invoker.doInvoke(Invoker.java:66)
	at io.cucumber.java.Invoker.invoke(Invoker.java:24)
	at io.cucumber.java.AbstractGlueDefinition.invokeMethod(AbstractGlueDefinition.java:47)
	at io.cucumber.java.JavaStepDefinition.execute(JavaStepDefinition.java:29)
	at io.cucumber.core.runner.CoreStepDefinition.execute(CoreStepDefinition.java:66)
	at io.cucumber.core.runner.PickleStepDefinitionMatch.runStep(PickleStepDefinitionMatch.java:63)
	at io.cucumber.core.runner.ExecutionMode$1.execute(ExecutionMode.java:10)
	at io.cucumber.core.runner.TestStep.executeStep(TestStep.java:92)
	at io.cucumber.core.runner.TestStep.run(TestStep.java:64)
	at io.cucumber.core.runner.PickleStepTestStep.run(PickleStepTestStep.java:51)
	at io.cucumber.core.runner.TestCase.run(TestCase.java:104)
	at io.cucumber.core.runner.Runner.runPickle(Runner.java:73)
	at io.cucumber.testng.TestNGCucumberRunner.lambda$runScenario$0(TestNGCucumberRunner.java:117)
	at io.cucumber.core.runtime.CucumberExecutionContext.runTestCase(CucumberExecutionContext.java:117)
	at io.cucumber.testng.TestNGCucumberRunner.runScenario(TestNGCucumberRunner.java:114)
	at com.testhouse.stepdef.Hooks.runScenario(Hooks.java:83)
	at java.base/jdk.internal.reflect.NativeMethodAccessorImpl.invoke0(Native Method)
	at java.base/jdk.internal.reflect.NativeMethodAccessorImpl.invoke(NativeMethodAccessorImpl.java:77)
	at java.base/jdk.internal.reflect.DelegatingMethodAccessorImpl.invoke(DelegatingMethodAccessorImpl.java:43)
	at java.base/java.lang.reflect.Method.invoke(Method.java:568)
	at org.testng.internal.MethodInvocationHelper.invokeMethod(MethodInvocationHelper.java:133)
	at org.testng.internal.TestInvoker.invokeMethod(TestInvoker.java:598)
	at org.testng.internal.TestInvoker.invokeTestMethod(TestInvoker.java:173)
	at org.testng.internal.MethodRunner.runInSequence(MethodRunner.java:46)
	at org.testng.internal.TestInvoker$MethodInvocationAgent.invoke(TestInvoker.java:824)
	at org.testng.internal.TestInvoker.invokeTestMethods(TestInvoker.java:146)
	at org.testng.internal.TestMethodWorker.invokeTestMethods(TestMethodWorker.java:146)
	at org.testng.internal.TestMethodWorker.run(TestMethodWorker.java:128)
	at java.base/java.util.ArrayList.forEach(ArrayList.java:1511)
	at org.testng.TestRunner.privateRun(TestRunner.java:794)
	at org.testng.TestRunner.run(TestRunner.java:596)
	at org.testng.SuiteRunner.runTest(SuiteRunner.java:377)
	at org.testng.SuiteRunner.runSequentially(SuiteRunner.java:371)
	at org.testng.SuiteRunner.privateRun(SuiteRunner.java:332)
	at org.testng.SuiteRunner.run(SuiteRunner.java:276)
	at org.testng.SuiteRunnerWorker.runSuite(SuiteRunnerWorker.java:53)
	at org.testng.SuiteRunnerWorker.run(SuiteRunnerWorker.java:96)
	at org.testng.TestNG.runSuitesSequentially(TestNG.java:1212)
	at org.testng.TestNG.runSuitesLocally(TestNG.java:1134)
	at org.testng.TestNG.runSuites(TestNG.java:1063)
	at org.testng.TestNG.run(TestNG.java:1031)
	at org.testng.remote.AbstractRemoteTestNG.run(AbstractRemoteTestNG.java:115)
	at org.testng.remote.RemoteTestNG.initAndRun(RemoteTestNG.java:251)
	at org.testng.remote.RemoteTestNG.main(RemoteTestNG.java:77)
2023-04-11 22:04:374 ERROR GenericFunctions:604 - element is not Displayed..
org.openqa.selenium.NoSuchElementException: no such element: Unable to locate element: {"method":"xpath","selector":"//*[contains(text(),'Thank you')]"}
  (Session info: chrome=112.0.5615.49)
For documentation on this error, please visit: https://www.seleniumhq.org/exceptions/no_such_element.html
Build info: version: '3.141.59', revision: 'e82be7d358', time: '2018-11-14T08:17:03'
System info: host: 'THSLT10486', ip: '192.168.18.46', os.name: 'Windows 10', os.arch: 'amd64', os.version: '10.0', java.version: '17.0.5'
Driver info: org.openqa.selenium.chrome.ChromeDriver
Capabilities {acceptInsecureCerts: false, browserName: chrome, browserVersion: 112.0.5615.49, chrome: {chromedriverVersion: 112.0.5615.49 (bd2a7bcb881c..., userDataDir: C:\Users\THIC21~1\AppData\L...}, goog:chromeOptions: {debuggerAddress: localhost:57917}, javascriptEnabled: true, networkConnectionEnabled: false, pageLoadStrategy: normal, platform: WINDOWS, platformName: WINDOWS, proxy: Proxy(), setWindowRect: true, strictFileInteractability: false, timeouts: {implicit: 0, pageLoad: 300000, script: 30000}, unhandledPromptBehavior: dismiss and notify, webauthn:extension:credBlob: true, webauthn:extension:largeBlob: true, webauthn:extension:minPinLength: true, webauthn:extension:prf: true, webauthn:virtualAuthenticators: true}
Session ID: ffc16a622c27716cc0732a1c91b5e47e
*** Element info: {Using=xpath, value=//*[contains(text(),'Thank you')]}
	at jdk.internal.reflect.GeneratedConstructorAccessor32.newInstance(Unknown Source)
	at java.base/jdk.internal.reflect.DelegatingConstructorAccessorImpl.newInstance(DelegatingConstructorAccessorImpl.java:45)
	at java.base/java.lang.reflect.Constructor.newInstanceWithCaller(Constructor.java:499)
	at java.base/java.lang.reflect.Constructor.newInstance(Constructor.java:480)
	at org.openqa.selenium.remote.http.W3CHttpResponseCodec.createException(W3CHttpResponseCodec.java:187)
	at org.openqa.selenium.remote.http.W3CHttpResponseCodec.decode(W3CHttpResponseCodec.java:122)
	at org.openqa.selenium.remote.http.W3CHttpResponseCodec.decode(W3CHttpResponseCodec.java:49)
	at org.openqa.selenium.remote.HttpCommandExecutor.execute(HttpCommandExecutor.java:158)
	at org.openqa.selenium.remote.service.DriverCommandExecutor.execute(DriverCommandExecutor.java:83)
	at org.openqa.selenium.remote.RemoteWebDriver.execute(RemoteWebDriver.java:552)
	at org.openqa.selenium.remote.RemoteWebDriver.findElement(RemoteWebDriver.java:323)
	at org.openqa.selenium.remote.RemoteWebDriver.findElementByXPath(RemoteWebDriver.java:428)
	at org.openqa.selenium.By$ByXPath.findElement(By.java:353)
	at org.openqa.selenium.remote.RemoteWebDriver.findElement(RemoteWebDriver.java:315)
	at org.openqa.selenium.support.ui.ExpectedConditions$7.apply(ExpectedConditions.java:205)
	at org.openqa.selenium.support.ui.ExpectedConditions$7.apply(ExpectedConditions.java:201)
	at org.openqa.selenium.support.ui.FluentWait.until(FluentWait.java:249)
	at GenericFunctions.GenericFunctions.isDisplayedBy(GenericFunctions.java:598)
	at pageObject.Swaglab.placeOrder(Swaglab.java:120)
	at com.testhouse.stepdef.Swaglabs.user_clicks_on_finish_button_and_verify_confirm_message(Swaglabs.java:87)
	at java.base/jdk.internal.reflect.NativeMethodAccessorImpl.invoke0(Native Method)
	at java.base/jdk.internal.reflect.NativeMethodAccessorImpl.invoke(NativeMethodAccessorImpl.java:77)
	at java.base/jdk.internal.reflect.DelegatingMethodAccessorImpl.invoke(DelegatingMethodAccessorImpl.java:43)
	at java.base/java.lang.reflect.Method.invoke(Method.java:568)
	at io.cucumber.java.Invoker.doInvoke(Invoker.java:66)
	at io.cucumber.java.Invoker.invoke(Invoker.java:24)
	at io.cucumber.java.AbstractGlueDefinition.invokeMethod(AbstractGlueDefinition.java:47)
	at io.cucumber.java.JavaStepDefinition.execute(JavaStepDefinition.java:29)
	at io.cucumber.core.runner.CoreStepDefinition.execute(CoreStepDefinition.java:66)
	at io.cucumber.core.runner.PickleStepDefinitionMatch.runStep(PickleStepDefinitionMatch.java:63)
	at io.cucumber.core.runner.ExecutionMode$1.execute(ExecutionMode.java:10)
	at io.cucumber.core.runner.TestStep.executeStep(TestStep.java:92)
	at io.cucumber.core.runner.TestStep.run(TestStep.java:64)
	at io.cucumber.core.runner.PickleStepTestStep.run(PickleStepTestStep.java:51)
	at io.cucumber.core.runner.TestCase.run(TestCase.java:104)
	at io.cucumber.core.runner.Runner.runPickle(Runner.java:73)
	at io.cucumber.testng.TestNGCucumberRunner.lambda$runScenario$0(TestNGCucumberRunner.java:117)
	at io.cucumber.core.runtime.CucumberExecutionContext.runTestCase(CucumberExecutionContext.java:117)
	at io.cucumber.testng.TestNGCucumberRunner.runScenario(TestNGCucumberRunner.java:114)
	at com.testhouse.stepdef.Hooks.runScenario(Hooks.java:83)
	at java.base/jdk.internal.reflect.NativeMethodAccessorImpl.invoke0(Native Method)
	at java.base/jdk.internal.reflect.NativeMethodAccessorImpl.invoke(NativeMethodAccessorImpl.java:77)
	at java.base/jdk.internal.reflect.DelegatingMethodAccessorImpl.invoke(DelegatingMethodAccessorImpl.java:43)
	at java.base/java.lang.reflect.Method.invoke(Method.java:568)
	at org.testng.internal.MethodInvocationHelper.invokeMethod(MethodInvocationHelper.java:133)
	at org.testng.internal.TestInvoker.invokeMethod(TestInvoker.java:598)
	at org.testng.internal.TestInvoker.invokeTestMethod(TestInvoker.java:173)
	at org.testng.internal.MethodRunner.runInSequence(MethodRunner.java:46)
	at org.testng.internal.TestInvoker$MethodInvocationAgent.invoke(TestInvoker.java:824)
	at org.testng.internal.TestInvoker.invokeTestMethods(TestInvoker.java:146)
	at org.testng.internal.TestMethodWorker.invokeTestMethods(TestMethodWorker.java:146)
	at org.testng.internal.TestMethodWorker.run(TestMethodWorker.java:128)
	at java.base/java.util.ArrayList.forEach(ArrayList.java:1511)
	at org.testng.TestRunner.privateRun(TestRunner.java:794)
	at org.testng.TestRunner.run(TestRunner.java:596)
	at org.testng.SuiteRunner.runTest(SuiteRunner.java:377)
	at org.testng.SuiteRunner.runSequentially(SuiteRunner.java:371)
	at org.testng.SuiteRunner.privateRun(SuiteRunner.java:332)
	at org.testng.SuiteRunner.run(SuiteRunner.java:276)
	at org.testng.SuiteRunnerWorker.runSuite(SuiteRunnerWorker.java:53)
	at org.testng.SuiteRunnerWorker.run(SuiteRunnerWorker.java:96)
	at org.testng.TestNG.runSuitesSequentially(TestNG.java:1212)
	at org.testng.TestNG.runSuitesLocally(TestNG.java:1134)
	at org.testng.TestNG.runSuites(TestNG.java:1063)
	at org.testng.TestNG.run(TestNG.java:1031)
	at org.testng.remote.AbstractRemoteTestNG.run(AbstractRemoteTestNG.java:115)
	at org.testng.remote.RemoteTestNG.initAndRun(RemoteTestNG.java:251)
	at org.testng.remote.RemoteTestNG.main(RemoteTestNG.java:77)
2023-04-11 22:04:46 INFO  GenericFunctions:612 - element is Displayed..Register
2023-04-11 22:04:65 INFO  GenericFunctions:612 - element is Displayed..
2023-04-11 22:04:899 INFO  GenericFunctions:612 - element is Displayed..
2023-04-11 22:04:740 INFO  GenericFunctions:612 - element is Displayed..Register
2023-04-11 22:04:281 INFO  GenericFunctions:612 - element is Displayed..
2023-04-11 22:04:251 INFO  GenericFunctions:612 - element is Displayed..
2023-04-12 17:04:613 INFO  GenericFunctions:612 - element is Displayed..Sign in
2023-04-13 13:04:378 INFO  GenericFunctions:612 - element is Displayed..Sign in
2023-04-14 11:04:574 INFO  GenericFunctions:612 - element is Displayed..Sign in
2023-04-14 11:04:759 INFO  GenericFunctions:612 - element is Displayed..Search an address or drop a CSV file
2023-04-14 11:04:648 INFO  GenericFunctions:612 - element is Displayed..Sign in
2023-04-14 11:04:474 INFO  GenericFunctions:612 - element is Displayed..Search an address or drop a CSV file
2023-04-14 11:04:520 INFO  GenericFunctions:612 - element is Displayed..Sign in
2023-04-14 11:04:614 INFO  GenericFunctions:612 - element is Displayed..Search an address or drop a CSV file
2023-04-14 11:04:109 INFO  GenericFunctions:612 - element is Displayed..Sign in
2023-04-14 11:04:74 INFO  GenericFunctions:612 - element is Displayed..Search an address or drop a CSV file
2023-04-14 11:04:257 INFO  GenericFunctions:612 - element is Displayed..Sign in
2023-04-14 11:04:965 INFO  GenericFunctions:612 - element is Displayed..
2023-04-14 11:04:783 INFO  GenericFunctions:612 - element is Displayed..Sign in
2023-04-14 11:04:266 INFO  GenericFunctions:612 - element is Displayed..
2023-04-14 11:04:448 INFO  GenericFunctions:627 - element is Enabled..2020
2025
2030
2035
2040
2045
2050
2060
2070
2080
2090
2100
2023-04-14 11:04:297 INFO  GenericFunctions:612 - element is Displayed..2020
2025
2030
2035
2040
2045
2050
2060
2070
2080
2090
2100
2023-04-14 11:04:957 INFO  GenericFunctions:627 - element is Enabled..River Flooding Score
Surface Flooding Score
Coastal Flooding Score
Subsidence Score
Landslide Score
Wildfire Score
Storm Score
Hurricane Score
Drought Score
Extreme Heat Score
2023-04-14 11:04:623 INFO  GenericFunctions:612 - element is Displayed..River Flooding Score
Surface Flooding Score
Coastal Flooding Score
Subsidence Score
Landslide Score
Wildfire Score
Storm Score
Hurricane Score
Drought Score
Extreme Heat Score
2023-04-14 12:04:993 INFO  GenericFunctions:612 - element is Displayed..Sign in
2023-04-14 12:04:978 INFO  GenericFunctions:612 - element is Displayed..
2023-04-14 12:04:38 INFO  GenericFunctions:612 - element is Displayed..Sign in
2023-04-14 12:04:516 INFO  GenericFunctions:612 - element is Displayed..
2023-04-14 12:04:14 INFO  GenericFunctions:612 - element is Displayed..Sign in
2023-04-14 12:04:881 INFO  GenericFunctions:612 - element is Displayed..
2023-04-14 14:04:175 INFO  GenericFunctions:612 - element is Displayed..Sign in
2023-04-14 14:04:479 INFO  GenericFunctions:612 - element is Displayed..
2023-04-14 16:04:959 INFO  GenericFunctions:612 - element is Displayed..Sign in
2023-04-14 16:04:793 INFO  GenericFunctions:612 - element is Displayed..
2023-04-14 16:04:964 INFO  GenericFunctions:612 - element is Displayed..Evaluate an asset
2023-04-14 16:04:815 INFO  GenericFunctions:612 - element is Displayed..
2023-04-14 16:04:02 INFO  GenericFunctions:612 - element is Displayed..
2023-04-14 16:04:155 INFO  GenericFunctions:612 - element is Displayed..
2023-04-14 16:04:748 INFO  GenericFunctions:612 - element is Displayed..Sign in
2023-04-14 16:04:572 INFO  GenericFunctions:612 - element is Displayed..
2023-04-14 16:04:835 INFO  GenericFunctions:612 - element is Displayed..Evaluate an asset
2023-04-14 16:04:924 INFO  GenericFunctions:612 - element is Displayed..
2023-04-14 16:04:04 INFO  GenericFunctions:612 - element is Displayed..
2023-04-14 16:04:699 INFO  GenericFunctions:612 - element is Displayed..
2023-04-14 16:04:439 INFO  GenericFunctions:612 - element is Displayed..Sign in
2023-04-14 16:04:833 INFO  GenericFunctions:612 - element is Displayed..
2023-04-14 16:04:444 INFO  GenericFunctions:612 - element is Displayed..Evaluate an asset
2023-04-14 16:04:557 INFO  GenericFunctions:612 - element is Displayed..
2023-04-14 16:04:642 INFO  GenericFunctions:612 - element is Displayed..
2023-04-14 16:04:874 INFO  GenericFunctions:612 - element is Displayed..
2023-04-14 16:04:515 INFO  GenericFunctions:612 - element is Displayed..Sign in
2023-04-14 16:04:575 INFO  GenericFunctions:612 - element is Displayed..
2023-04-14 16:04:151 INFO  GenericFunctions:612 - element is Displayed..Evaluate an asset
2023-04-14 16:04:247 INFO  GenericFunctions:612 - element is Displayed..
2023-04-14 16:04:329 INFO  GenericFunctions:612 - element is Displayed..
2023-04-14 16:04:685 INFO  GenericFunctions:612 - element is Displayed..
2023-04-14 16:04:994 INFO  GenericFunctions:612 - element is Displayed..Sign in
2023-04-14 16:04:226 INFO  GenericFunctions:612 - element is Displayed..
2023-04-14 16:04:588 INFO  GenericFunctions:612 - element is Displayed..Evaluate an asset
2023-04-14 16:04:702 INFO  GenericFunctions:612 - element is Displayed..
2023-04-14 16:04:788 INFO  GenericFunctions:612 - element is Displayed..
2023-04-14 16:04:927 INFO  GenericFunctions:612 - element is Displayed..
2023-04-14 22:04:249 INFO  GenericFunctions:612 - element is Displayed..Sign in
2023-04-14 22:04:311 INFO  GenericFunctions:612 - element is Displayed..
2023-04-14 22:04:633 INFO  GenericFunctions:612 - element is Displayed..Evaluate an asset
2023-04-14 22:04:768 INFO  GenericFunctions:612 - element is Displayed..
2023-04-14 22:04:894 INFO  GenericFunctions:612 - element is Displayed..
2023-04-14 22:04:763 INFO  GenericFunctions:612 - element is Displayed..
2023-04-14 22:04:845 INFO  GenericFunctions:612 - element is Displayed..Sign in
2023-04-14 22:04:223 INFO  GenericFunctions:612 - element is Displayed..
2023-04-14 22:04:723 INFO  GenericFunctions:612 - element is Displayed..Evaluate an asset
2023-04-14 22:04:893 INFO  GenericFunctions:612 - element is Displayed..
2023-04-14 22:04:09 INFO  GenericFunctions:612 - element is Displayed..
2023-04-14 22:04:50 INFO  GenericFunctions:612 - element is Displayed..
2023-04-14 22:04:148 INFO  GenericFunctions:612 - element is Displayed..Sign in
2023-04-14 22:04:150 INFO  GenericFunctions:612 - element is Displayed..
2023-04-14 22:04:163 INFO  GenericFunctions:612 - element is Displayed..Evaluate an asset
2023-04-14 22:04:274 INFO  GenericFunctions:612 - element is Displayed..
2023-04-14 22:04:397 INFO  GenericFunctions:612 - element is Displayed..
2023-04-14 22:04:199 INFO  GenericFunctions:612 - element is Displayed..
2023-04-14 22:04:416 INFO  GenericFunctions:612 - element is Displayed..Sign in
2023-04-14 22:04:367 INFO  GenericFunctions:612 - element is Displayed..
2023-04-14 22:04:634 INFO  GenericFunctions:612 - element is Displayed..Evaluate an asset
2023-04-14 22:04:751 INFO  GenericFunctions:612 - element is Displayed..
2023-04-14 22:04:866 INFO  GenericFunctions:612 - element is Displayed..
2023-04-14 22:04:218 INFO  GenericFunctions:612 - element is Displayed..
2023-04-14 22:04:88 INFO  GenericFunctions:612 - element is Displayed..Sign in
2023-04-14 22:04:616 INFO  GenericFunctions:612 - element is Displayed..
2023-04-14 22:04:21 INFO  GenericFunctions:612 - element is Displayed..Evaluate an asset
2023-04-14 22:04:135 INFO  GenericFunctions:612 - element is Displayed..
2023-04-14 22:04:249 INFO  GenericFunctions:612 - element is Displayed..
2023-04-14 22:04:636 INFO  GenericFunctions:612 - element is Displayed..
2023-04-14 22:04:950 INFO  GenericFunctions:612 - element is Displayed..Sign in
2023-04-14 22:04:424 INFO  GenericFunctions:612 - element is Displayed..
2023-04-14 22:04:694 INFO  GenericFunctions:612 - element is Displayed..Evaluate an asset
2023-04-14 22:04:817 INFO  GenericFunctions:612 - element is Displayed..
2023-04-14 22:04:934 INFO  GenericFunctions:612 - element is Displayed..
2023-04-14 22:04:825 INFO  GenericFunctions:612 - element is Displayed..
2023-04-14 22:04:623 INFO  GenericFunctions:612 - element is Displayed..Sign in
2023-04-14 22:04:310 INFO  GenericFunctions:612 - element is Displayed..
2023-04-14 22:04:657 INFO  GenericFunctions:612 - element is Displayed..Evaluate an asset
2023-04-14 22:04:788 INFO  GenericFunctions:612 - element is Displayed..
2023-04-14 22:04:897 INFO  GenericFunctions:612 - element is Displayed..
2023-04-14 22:04:314 INFO  GenericFunctions:612 - element is Displayed..
2023-04-14 22:04:28 INFO  GenericFunctions:612 - element is Displayed..Sign in
2023-04-14 22:04:259 INFO  GenericFunctions:612 - element is Displayed..
2023-04-14 22:04:769 INFO  GenericFunctions:612 - element is Displayed..Evaluate an asset
2023-04-14 22:04:924 INFO  GenericFunctions:612 - element is Displayed..
2023-04-14 22:04:11 INFO  GenericFunctions:612 - element is Displayed..
2023-04-14 22:04:671 INFO  GenericFunctions:612 - element is Displayed..
2023-04-17 09:04:777 INFO  GenericFunctions:612 - element is Displayed..Sign in
2023-04-17 09:04:408 INFO  GenericFunctions:612 - element is Displayed..
2023-04-17 09:04:678 INFO  GenericFunctions:612 - element is Displayed..Evaluate an asset
2023-04-17 09:04:562 INFO  GenericFunctions:612 - element is Displayed..
2023-04-17 10:04:641 INFO  GenericFunctions:612 - element is Displayed..
2023-04-17 10:04:963 INFO  GenericFunctions:612 - element is Displayed..
2023-04-17 10:04:678 INFO  GenericFunctions:612 - element is Displayed..Sign in
2023-04-17 10:04:721 INFO  GenericFunctions:612 - element is Displayed..
2023-04-17 10:04:294 INFO  GenericFunctions:612 - element is Displayed..Evaluate an asset
2023-04-17 10:04:381 INFO  GenericFunctions:612 - element is Displayed..
2023-04-17 10:04:462 INFO  GenericFunctions:612 - element is Displayed..
2023-04-17 10:04:692 INFO  GenericFunctions:612 - element is Displayed..
2023-04-17 10:04:942 INFO  GenericFunctions:612 - element is Displayed..Sign in
2023-04-17 10:04:877 INFO  GenericFunctions:612 - element is Displayed..
2023-04-17 10:04:194 INFO  GenericFunctions:612 - element is Displayed..Evaluate an asset
2023-04-17 10:04:304 INFO  GenericFunctions:612 - element is Displayed..
2023-04-17 10:04:431 INFO  GenericFunctions:612 - element is Displayed..
2023-04-17 10:04:36 INFO  GenericFunctions:612 - element is Displayed..
2023-04-17 10:04:549 INFO  GenericFunctions:612 - element is Displayed..Sign in
2023-04-17 10:04:869 INFO  GenericFunctions:612 - element is Displayed..
2023-04-17 10:04:480 INFO  GenericFunctions:612 - element is Displayed..Evaluate an asset
2023-04-17 10:04:941 INFO  GenericFunctions:612 - element is Displayed..
2023-04-17 10:04:29 INFO  GenericFunctions:612 - element is Displayed..
2023-04-17 10:04:279 INFO  GenericFunctions:612 - element is Displayed..
2023-04-17 10:04:55 INFO  GenericFunctions:612 - element is Displayed..Sign in
2023-04-17 10:04:408 INFO  GenericFunctions:612 - element is Displayed..
2023-04-17 10:04:119 INFO  GenericFunctions:612 - element is Displayed..Evaluate an asset
2023-04-17 10:04:201 INFO  GenericFunctions:612 - element is Displayed..
2023-04-17 10:04:273 INFO  GenericFunctions:612 - element is Displayed..
2023-04-17 10:04:862 INFO  GenericFunctions:612 - element is Displayed..
2023-04-17 10:04:300 INFO  GenericFunctions:612 - element is Displayed..Sign in
2023-04-17 10:04:894 INFO  GenericFunctions:612 - element is Displayed..
2023-04-17 10:04:333 INFO  GenericFunctions:612 - element is Displayed..Evaluate an asset
2023-04-17 10:04:438 INFO  GenericFunctions:612 - element is Displayed..
2023-04-17 10:04:519 INFO  GenericFunctions:612 - element is Displayed..
2023-04-17 10:04:652 INFO  GenericFunctions:612 - element is Displayed..
2023-04-17 11:04:947 INFO  GenericFunctions:612 - element is Displayed..Sign in
2023-04-17 11:04:188 INFO  GenericFunctions:612 - element is Displayed..
2023-04-17 11:04:42 INFO  GenericFunctions:612 - element is Displayed..Evaluate an asset
2023-04-17 11:04:148 INFO  GenericFunctions:612 - element is Displayed..
2023-04-17 11:04:224 INFO  GenericFunctions:612 - element is Displayed..
2023-04-17 11:04:591 INFO  GenericFunctions:612 - element is Displayed..
2023-04-17 11:04:91 INFO  GenericFunctions:612 - element is Displayed..Sign in
2023-04-17 12:04:10 INFO  GenericFunctions:612 - element is Displayed..Sign in
2023-04-17 12:04:630 INFO  GenericFunctions:612 - element is Displayed..
2023-04-17 12:04:143 INFO  GenericFunctions:612 - element is Displayed..Evaluate an asset
2023-04-17 12:04:301 INFO  GenericFunctions:612 - element is Displayed..
2023-04-17 12:04:391 INFO  GenericFunctions:612 - element is Displayed..
2023-04-17 12:04:32 INFO  GenericFunctions:612 - element is Displayed..
2023-04-17 12:04:293 INFO  GenericFunctions:612 - element is Displayed..Sign in
2023-04-17 12:04:362 INFO  GenericFunctions:612 - element is Displayed..
2023-04-17 12:04:744 INFO  GenericFunctions:612 - element is Displayed..Evaluate an asset
2023-04-17 12:04:878 INFO  GenericFunctions:612 - element is Displayed..
2023-04-17 12:04:955 INFO  GenericFunctions:612 - element is Displayed..
2023-04-17 12:04:158 INFO  GenericFunctions:612 - element is Displayed..
2023-04-17 12:04:295 INFO  GenericFunctions:612 - element is Displayed..Sign in
2023-04-17 12:04:961 INFO  GenericFunctions:612 - element is Displayed..
2023-04-17 12:04:215 INFO  GenericFunctions:612 - element is Displayed..Evaluate an asset
2023-04-17 12:04:310 INFO  GenericFunctions:612 - element is Displayed..
2023-04-17 12:04:403 INFO  GenericFunctions:612 - element is Displayed..
2023-04-17 12:04:358 INFO  GenericFunctions:612 - element is Displayed..
2023-04-17 12:04:880 INFO  GenericFunctions:612 - element is Displayed..Sign in
2023-04-17 12:04:429 INFO  GenericFunctions:612 - element is Displayed..
2023-04-17 12:04:885 INFO  GenericFunctions:612 - element is Displayed..Evaluate an asset
2023-04-17 12:04:37 INFO  GenericFunctions:612 - element is Displayed..
2023-04-17 12:04:118 INFO  GenericFunctions:612 - element is Displayed..
2023-04-17 12:04:747 INFO  GenericFunctions:612 - element is Displayed..
2023-04-17 12:04:354 INFO  GenericFunctions:612 - element is Displayed..Sign in
2023-04-17 12:04:929 INFO  GenericFunctions:612 - element is Displayed..
2023-04-17 12:04:263 INFO  GenericFunctions:612 - element is Displayed..Evaluate an asset
2023-04-17 12:04:387 INFO  GenericFunctions:612 - element is Displayed..
2023-04-17 12:04:484 INFO  GenericFunctions:612 - element is Displayed..
2023-04-17 12:04:354 INFO  GenericFunctions:612 - element is Displayed..
2023-04-17 12:04:816 INFO  GenericFunctions:612 - element is Displayed..Sign in
2023-04-17 12:04:188 INFO  GenericFunctions:612 - element is Displayed..
2023-04-17 12:04:753 INFO  GenericFunctions:612 - element is Displayed..Evaluate an asset
2023-04-17 12:04:882 INFO  GenericFunctions:612 - element is Displayed..
2023-04-17 12:04:965 INFO  GenericFunctions:612 - element is Displayed..
2023-04-17 12:04:254 INFO  GenericFunctions:612 - element is Displayed..
2023-04-17 13:04:528 INFO  GenericFunctions:612 - element is Displayed..Sign in
2023-04-17 13:04:66 INFO  GenericFunctions:612 - element is Displayed..
2023-04-17 13:04:491 INFO  GenericFunctions:612 - element is Displayed..Evaluate an asset
2023-04-17 13:04:607 INFO  GenericFunctions:612 - element is Displayed..
2023-04-17 13:04:707 INFO  GenericFunctions:612 - element is Displayed..
2023-04-17 13:04:420 INFO  GenericFunctions:612 - element is Displayed..
2023-04-17 13:04:825 INFO  GenericFunctions:612 - element is Displayed..Sign in
2023-04-17 13:04:809 INFO  GenericFunctions:612 - element is Displayed..
2023-04-17 13:04:218 INFO  GenericFunctions:612 - element is Displayed..Evaluate an asset
2023-04-17 13:04:323 INFO  GenericFunctions:612 - element is Displayed..
2023-04-17 13:04:392 INFO  GenericFunctions:612 - element is Displayed..
2023-04-17 13:04:135 INFO  GenericFunctions:612 - element is Displayed..
2023-04-17 14:04:40 INFO  GenericFunctions:612 - element is Displayed..Sign in
2023-04-17 14:04:950 INFO  GenericFunctions:612 - element is Displayed..
2023-04-17 14:04:355 INFO  GenericFunctions:612 - element is Displayed..Evaluate an asset
2023-04-17 14:04:487 INFO  GenericFunctions:612 - element is Displayed..
2023-04-17 14:04:557 INFO  GenericFunctions:612 - element is Displayed..
2023-04-17 14:04:428 INFO  GenericFunctions:612 - element is Displayed..
2023-04-17 15:04:98 INFO  GenericFunctions:612 - element is Displayed..Sign in
2023-04-17 15:04:397 INFO  GenericFunctions:612 - element is Displayed..
2023-04-17 15:04:642 INFO  GenericFunctions:612 - element is Displayed..Evaluate an asset
2023-04-17 15:04:740 INFO  GenericFunctions:612 - element is Displayed..
2023-04-17 15:04:832 INFO  GenericFunctions:612 - element is Displayed..
2023-04-17 15:04:11 INFO  GenericFunctions:612 - element is Displayed..
2023-04-17 15:04:350 INFO  GenericFunctions:612 - element is Displayed..Sign in
2023-04-17 15:04:667 INFO  GenericFunctions:612 - element is Displayed..
2023-04-17 15:04:476 INFO  GenericFunctions:612 - element is Displayed..Evaluate an asset
2023-04-17 15:04:665 INFO  GenericFunctions:612 - element is Displayed..
2023-04-17 15:04:771 INFO  GenericFunctions:612 - element is Displayed..
2023-04-17 15:04:662 INFO  GenericFunctions:612 - element is Displayed..
2023-04-17 15:04:409 INFO  GenericFunctions:612 - element is Displayed..Sign in
2023-04-17 15:04:625 INFO  GenericFunctions:612 - element is Displayed..
2023-04-17 15:04:939 INFO  GenericFunctions:612 - element is Displayed..Evaluate an asset
2023-04-17 15:04:55 INFO  GenericFunctions:612 - element is Displayed..
2023-04-17 15:04:186 INFO  GenericFunctions:612 - element is Displayed..
2023-04-17 15:04:772 INFO  GenericFunctions:612 - element is Displayed..
2023-04-17 15:04:375 INFO  GenericFunctions:612 - element is Displayed..Sign in
2023-04-17 15:04:175 INFO  GenericFunctions:612 - element is Displayed..
2023-04-17 15:04:473 INFO  GenericFunctions:612 - element is Displayed..Evaluate an asset
2023-04-17 15:04:580 INFO  GenericFunctions:612 - element is Displayed..
2023-04-17 15:04:675 INFO  GenericFunctions:612 - element is Displayed..
2023-04-17 15:04:508 INFO  GenericFunctions:612 - element is Displayed..
2023-04-17 16:04:166 INFO  GenericFunctions:612 - element is Displayed..Sign in
2023-04-17 16:04:761 INFO  GenericFunctions:612 - element is Displayed..
2023-04-17 16:04:246 INFO  GenericFunctions:612 - element is Displayed..Evaluate an asset
2023-04-17 16:04:394 INFO  GenericFunctions:612 - element is Displayed..
2023-04-17 16:04:581 INFO  GenericFunctions:612 - element is Displayed..
2023-04-17 16:04:28 INFO  GenericFunctions:612 - element is Displayed..
2023-04-17 16:04:292 INFO  GenericFunctions:612 - element is Displayed..Sign in
2023-04-17 16:04:464 INFO  GenericFunctions:612 - element is Displayed..
2023-04-17 16:04:144 INFO  GenericFunctions:612 - element is Displayed..Evaluate an asset
2023-04-17 16:04:275 INFO  GenericFunctions:612 - element is Displayed..
2023-04-17 16:04:374 INFO  GenericFunctions:612 - element is Displayed..
2023-04-17 16:04:239 INFO  GenericFunctions:612 - element is Displayed..
2023-04-17 16:04:190 INFO  GenericFunctions:612 - element is Displayed..Sign in
2023-04-17 16:04:704 INFO  GenericFunctions:612 - element is Displayed..
2023-04-17 16:04:107 INFO  GenericFunctions:612 - element is Displayed..Evaluate an asset
2023-04-17 16:04:223 INFO  GenericFunctions:612 - element is Displayed..
2023-04-17 16:04:336 INFO  GenericFunctions:612 - element is Displayed..
2023-04-17 16:04:11 INFO  GenericFunctions:612 - element is Displayed..
2023-04-17 16:04:192 INFO  GenericFunctions:612 - element is Displayed..Sign in
2023-04-17 16:04:368 INFO  GenericFunctions:612 - element is Displayed..
2023-04-17 16:04:889 INFO  GenericFunctions:612 - element is Displayed..Evaluate an asset
2023-04-17 16:04:57 INFO  GenericFunctions:612 - element is Displayed..
2023-04-17 16:04:164 INFO  GenericFunctions:612 - element is Displayed..
2023-04-17 16:04:42 INFO  GenericFunctions:612 - element is Displayed..
2023-04-17 16:04:742 INFO  GenericFunctions:612 - element is Displayed..Sign in
2023-04-17 16:04:514 INFO  GenericFunctions:612 - element is Displayed..
2023-04-17 16:04:794 INFO  GenericFunctions:612 - element is Displayed..Evaluate an asset
2023-04-17 16:04:899 INFO  GenericFunctions:612 - element is Displayed..
2023-04-17 16:04:04 INFO  GenericFunctions:612 - element is Displayed..
2023-04-17 16:04:461 INFO  GenericFunctions:612 - element is Displayed..
2023-04-17 17:04:365 INFO  GenericFunctions:612 - element is Displayed..Sign in
2023-04-17 17:04:190 INFO  GenericFunctions:612 - element is Displayed..
2023-04-17 17:04:472 INFO  GenericFunctions:612 - element is Displayed..Evaluate an asset
2023-04-17 17:04:587 INFO  GenericFunctions:612 - element is Displayed..
2023-04-17 17:04:681 INFO  GenericFunctions:612 - element is Displayed..
2023-04-17 17:04:96 INFO  GenericFunctions:612 - element is Displayed..
2023-04-17 22:04:505 INFO  GenericFunctions:612 - element is Displayed..Sign in
2023-04-17 22:04:771 INFO  GenericFunctions:612 - element is Displayed..
2023-04-17 22:04:161 INFO  GenericFunctions:612 - element is Displayed..Evaluate an asset
2023-04-17 22:04:287 INFO  GenericFunctions:612 - element is Displayed..
2023-04-17 22:04:500 INFO  GenericFunctions:612 - element is Displayed..
2023-04-17 22:04:924 INFO  GenericFunctions:612 - element is Displayed..
2023-04-17 22:04:529 INFO  GenericFunctions:612 - element is Displayed..Sign in
2023-04-17 22:04:226 INFO  GenericFunctions:612 - element is Displayed..
2023-04-17 22:04:769 INFO  GenericFunctions:612 - element is Displayed..Evaluate an asset
2023-04-17 22:04:123 INFO  GenericFunctions:612 - element is Displayed..
2023-04-17 22:04:458 INFO  GenericFunctions:612 - element is Displayed..
2023-04-17 22:04:02 INFO  GenericFunctions:612 - element is Displayed..
2023-04-17 22:04:622 INFO  GenericFunctions:612 - element is Displayed..Sign in
2023-04-17 22:04:704 INFO  GenericFunctions:612 - element is Displayed..
2023-04-17 22:04:327 INFO  GenericFunctions:612 - element is Displayed..Evaluate an asset
2023-04-17 22:04:677 INFO  GenericFunctions:612 - element is Displayed..
2023-04-17 22:04:469 INFO  GenericFunctions:612 - element is Displayed..
2023-04-17 22:04:88 INFO  GenericFunctions:612 - element is Displayed..
2023-04-18 09:04:205 INFO  GenericFunctions:612 - element is Displayed..Sign in
2023-04-18 09:04:823 INFO  GenericFunctions:612 - element is Displayed..
2023-04-18 09:04:110 INFO  GenericFunctions:612 - element is Displayed..Evaluate an asset
2023-04-18 09:04:213 INFO  GenericFunctions:612 - element is Displayed..
2023-04-18 09:04:313 INFO  GenericFunctions:612 - element is Displayed..
2023-04-18 09:04:485 INFO  GenericFunctions:612 - element is Displayed..
2023-04-18 10:04:748 INFO  GenericFunctions:612 - element is Displayed..Sign in
2023-04-18 10:04:962 INFO  GenericFunctions:612 - element is Displayed..
2023-04-18 10:04:324 INFO  GenericFunctions:612 - element is Displayed..Evaluate an asset
2023-04-18 10:04:450 INFO  GenericFunctions:612 - element is Displayed..
2023-04-18 10:04:535 INFO  GenericFunctions:612 - element is Displayed..
2023-04-18 10:04:260 INFO  GenericFunctions:612 - element is Displayed..
2023-04-18 10:04:137 INFO  GenericFunctions:612 - element is Displayed..Sign in
2023-04-18 10:04:685 INFO  GenericFunctions:612 - element is Displayed..
2023-04-18 10:04:967 INFO  GenericFunctions:612 - element is Displayed..Evaluate an asset
2023-04-18 10:04:277 INFO  GenericFunctions:612 - element is Displayed..
2023-04-18 10:04:349 INFO  GenericFunctions:612 - element is Displayed..
2023-04-18 10:04:507 INFO  GenericFunctions:612 - element is Displayed..
2023-04-18 10:04:371 INFO  GenericFunctions:612 - element is Displayed..Sign in
2023-04-18 10:04:117 INFO  GenericFunctions:612 - element is Displayed..
2023-04-18 10:04:372 INFO  GenericFunctions:612 - element is Displayed..Evaluate an asset
2023-04-18 10:04:526 INFO  GenericFunctions:612 - element is Displayed..
2023-04-18 10:04:596 INFO  GenericFunctions:612 - element is Displayed..
2023-04-18 10:04:253 INFO  GenericFunctions:612 - element is Displayed..
2023-04-18 10:04:849 INFO  GenericFunctions:612 - element is Displayed..Sign in
2023-04-18 10:04:916 INFO  GenericFunctions:612 - element is Displayed..
2023-04-18 10:04:209 INFO  GenericFunctions:612 - element is Displayed..Evaluate an asset
2023-04-18 10:04:302 INFO  GenericFunctions:612 - element is Displayed..
2023-04-18 10:04:382 INFO  GenericFunctions:612 - element is Displayed..
2023-04-18 10:04:550 INFO  GenericFunctions:612 - element is Displayed..
2023-04-18 10:04:172 INFO  GenericFunctions:612 - element is Displayed..Sign in
2023-04-18 10:04:268 INFO  GenericFunctions:612 - element is Displayed..
2023-04-18 10:04:688 INFO  GenericFunctions:612 - element is Displayed..Evaluate an asset
2023-04-18 10:04:783 INFO  GenericFunctions:612 - element is Displayed..
2023-04-18 10:04:859 INFO  GenericFunctions:612 - element is Displayed..
2023-04-18 10:04:01 INFO  GenericFunctions:612 - element is Displayed..
2023-04-18 10:04:201 INFO  GenericFunctions:612 - element is Displayed..Sign in
2023-04-18 10:04:263 INFO  GenericFunctions:612 - element is Displayed..
2023-04-18 10:04:640 INFO  GenericFunctions:612 - element is Displayed..Evaluate an asset
2023-04-18 10:04:739 INFO  GenericFunctions:612 - element is Displayed..
2023-04-18 10:04:811 INFO  GenericFunctions:612 - element is Displayed..
2023-04-18 10:04:551 INFO  GenericFunctions:612 - element is Displayed..
2023-04-18 10:04:774 INFO  GenericFunctions:612 - element is Displayed..Sign in
2023-04-18 10:04:718 INFO  GenericFunctions:612 - element is Displayed..
2023-04-18 10:04:78 INFO  GenericFunctions:612 - element is Displayed..Evaluate an asset
2023-04-18 10:04:180 INFO  GenericFunctions:612 - element is Displayed..
2023-04-18 10:04:266 INFO  GenericFunctions:612 - element is Displayed..
2023-04-18 10:04:117 INFO  GenericFunctions:612 - element is Displayed..
2023-04-18 11:04:710 INFO  GenericFunctions:612 - element is Displayed..Sign in
2023-04-18 11:04:302 INFO  GenericFunctions:612 - element is Displayed..
2023-04-18 11:04:518 INFO  GenericFunctions:612 - element is Displayed..Evaluate an asset
2023-04-18 11:04:609 INFO  GenericFunctions:612 - element is Displayed..
2023-04-18 11:04:699 INFO  GenericFunctions:612 - element is Displayed..
2023-04-18 11:04:105 INFO  GenericFunctions:612 - element is Displayed..
2023-04-18 12:04:609 INFO  GenericFunctions:612 - element is Displayed..Sign in
2023-04-18 12:04:725 INFO  GenericFunctions:612 - element is Displayed..
2023-04-18 12:04:329 INFO  GenericFunctions:612 - element is Displayed..Evaluate an asset
2023-04-18 12:04:444 INFO  GenericFunctions:612 - element is Displayed..
2023-04-18 12:04:520 INFO  GenericFunctions:612 - element is Displayed..
2023-04-18 12:04:67 INFO  GenericFunctions:612 - element is Displayed..
2023-04-18 12:04:995 INFO  GenericFunctions:612 - element is Displayed..Sign in
2023-04-18 12:04:883 INFO  GenericFunctions:612 - element is Displayed..
2023-04-18 12:04:597 INFO  GenericFunctions:612 - element is Displayed..Evaluate an asset
2023-04-18 12:04:743 INFO  GenericFunctions:612 - element is Displayed..
2023-04-18 12:04:825 INFO  GenericFunctions:612 - element is Displayed..
2023-04-18 12:04:306 INFO  GenericFunctions:612 - element is Displayed..
2023-04-18 12:04:261 INFO  GenericFunctions:612 - element is Displayed..Sign in
2023-04-18 12:04:820 INFO  GenericFunctions:612 - element is Displayed..
2023-04-18 12:04:213 INFO  GenericFunctions:612 - element is Displayed..Evaluate an asset
2023-04-18 12:04:362 INFO  GenericFunctions:612 - element is Displayed..
2023-04-18 12:04:436 INFO  GenericFunctions:612 - element is Displayed..
2023-04-18 12:04:826 INFO  GenericFunctions:612 - element is Displayed..
2023-04-18 12:04:711 INFO  GenericFunctions:612 - element is Displayed..Sign in
2023-04-18 12:04:749 INFO  GenericFunctions:612 - element is Displayed..
2023-04-18 12:04:327 INFO  GenericFunctions:612 - element is Displayed..Evaluate an asset
2023-04-18 12:04:660 INFO  GenericFunctions:612 - element is Displayed..
2023-04-18 12:04:762 INFO  GenericFunctions:612 - element is Displayed..
2023-04-18 12:04:589 INFO  GenericFunctions:612 - element is Displayed..
2023-04-18 14:04:885 INFO  GenericFunctions:612 - element is Displayed..Sign in
2023-04-18 14:04:832 INFO  GenericFunctions:612 - element is Displayed..
2023-04-18 14:04:415 INFO  GenericFunctions:612 - element is Displayed..Evaluate an asset
2023-04-18 14:04:493 INFO  GenericFunctions:612 - element is Displayed..
2023-04-18 14:04:576 INFO  GenericFunctions:612 - element is Displayed..
2023-04-18 14:04:153 INFO  GenericFunctions:612 - element is Displayed..
2023-04-18 20:04:376 INFO  GenericFunctions:612 - element is Displayed..Sign in
2023-04-18 20:04:417 INFO  GenericFunctions:612 - element is Displayed..
2023-04-18 20:04:782 INFO  GenericFunctions:612 - element is Displayed..Evaluate an asset
2023-04-18 20:04:898 INFO  GenericFunctions:612 - element is Displayed..
2023-04-18 20:04:50 INFO  GenericFunctions:612 - element is Displayed..
2023-04-18 20:04:405 INFO  GenericFunctions:612 - element is Displayed..
2023-04-18 20:04:338 INFO  GenericFunctions:612 - element is Displayed..Sign in
2023-04-18 20:04:823 INFO  GenericFunctions:612 - element is Displayed..
2023-04-18 20:04:248 INFO  GenericFunctions:612 - element is Displayed..Evaluate an asset
2023-04-18 20:04:351 INFO  GenericFunctions:612 - element is Displayed..
2023-04-18 20:04:461 INFO  GenericFunctions:612 - element is Displayed..
2023-04-18 20:04:38 INFO  GenericFunctions:612 - element is Displayed..
2023-04-18 21:04:635 INFO  GenericFunctions:612 - element is Displayed..Sign in
2023-04-18 21:04:709 INFO  GenericFunctions:612 - element is Displayed..
2023-04-18 21:04:695 INFO  GenericFunctions:612 - element is Displayed..Evaluate an asset
2023-04-18 21:04:952 INFO  GenericFunctions:612 - element is Displayed..
2023-04-18 21:04:980 INFO  GenericFunctions:612 - element is Displayed..
2023-04-18 21:04:474 INFO  GenericFunctions:612 - element is Displayed..
2023-04-18 21:04:136 INFO  GenericFunctions:612 - element is Displayed..Sign in
2023-04-18 21:04:684 INFO  GenericFunctions:612 - element is Displayed..
2023-04-18 21:04:307 INFO  GenericFunctions:612 - element is Displayed..Evaluate an asset
2023-04-18 21:04:400 INFO  GenericFunctions:612 - element is Displayed..
2023-04-18 21:04:548 INFO  GenericFunctions:612 - element is Displayed..
2023-04-18 21:04:27 INFO  GenericFunctions:612 - element is Displayed..
2023-04-18 21:04:336 INFO  GenericFunctions:612 - element is Displayed..Sign in
2023-04-18 21:04:200 INFO  GenericFunctions:612 - element is Displayed..
2023-04-18 21:04:510 INFO  GenericFunctions:612 - element is Displayed..Evaluate an asset
2023-04-18 21:04:591 INFO  GenericFunctions:612 - element is Displayed..
2023-04-18 21:04:508 INFO  GenericFunctions:612 - element is Displayed..
2023-04-18 21:04:956 INFO  GenericFunctions:612 - element is Displayed..
2023-04-18 22:04:398 INFO  GenericFunctions:612 - element is Displayed..Sign in
2023-04-18 22:04:551 INFO  GenericFunctions:612 - element is Displayed..
2023-04-18 22:04:956 INFO  GenericFunctions:612 - element is Displayed..Evaluate an asset
2023-04-18 22:04:303 INFO  GenericFunctions:612 - element is Displayed..
2023-04-18 22:04:464 INFO  GenericFunctions:612 - element is Displayed..
2023-04-18 22:04:107 INFO  GenericFunctions:612 - element is Displayed..
2023-04-18 22:04:324 INFO  GenericFunctions:612 - element is Displayed..Sign in
2023-04-18 22:04:186 INFO  GenericFunctions:612 - element is Displayed..
2023-04-18 22:04:432 INFO  GenericFunctions:612 - element is Displayed..Evaluate an asset
2023-04-18 22:04:538 INFO  GenericFunctions:612 - element is Displayed..
2023-04-18 22:04:640 INFO  GenericFunctions:612 - element is Displayed..
2023-04-18 22:04:103 INFO  GenericFunctions:612 - element is Displayed..
2023-04-18 22:04:414 INFO  GenericFunctions:612 - element is Displayed..Sign in
2023-04-18 22:04:762 INFO  GenericFunctions:612 - element is Displayed..
2023-04-18 22:04:183 INFO  GenericFunctions:612 - element is Displayed..Evaluate an asset
2023-04-18 22:04:344 INFO  GenericFunctions:612 - element is Displayed..
2023-04-18 22:04:438 INFO  GenericFunctions:612 - element is Displayed..
2023-04-18 22:04:614 INFO  GenericFunctions:612 - element is Displayed..
2023-04-18 22:04:608 INFO  GenericFunctions:612 - element is Displayed..Sign in
2023-04-18 22:04:973 INFO  GenericFunctions:612 - element is Displayed..
2023-04-18 22:04:486 INFO  GenericFunctions:612 - element is Displayed..Evaluate an asset
2023-04-18 22:04:652 INFO  GenericFunctions:612 - element is Displayed..
2023-04-18 22:04:916 INFO  GenericFunctions:612 - element is Displayed..
2023-04-18 22:04:158 INFO  GenericFunctions:612 - element is Displayed..
2023-04-18 23:04:626 INFO  GenericFunctions:612 - element is Displayed..Sign in
2023-04-18 23:04:437 INFO  GenericFunctions:612 - element is Displayed..
2023-04-18 23:04:816 INFO  GenericFunctions:612 - element is Displayed..Evaluate an asset
2023-04-18 23:04:920 INFO  GenericFunctions:612 - element is Displayed..
2023-04-18 23:04:13 INFO  GenericFunctions:612 - element is Displayed..
2023-04-18 23:04:639 INFO  GenericFunctions:612 - element is Displayed..
2023-04-18 23:04:335 INFO  GenericFunctions:612 - element is Displayed..Sign in
2023-04-18 23:04:305 INFO  GenericFunctions:612 - element is Displayed..
2023-04-18 23:04:693 INFO  GenericFunctions:612 - element is Displayed..Evaluate an asset
2023-04-18 23:04:802 INFO  GenericFunctions:612 - element is Displayed..
2023-04-18 23:04:888 INFO  GenericFunctions:612 - element is Displayed..
2023-04-18 23:04:264 INFO  GenericFunctions:612 - element is Displayed..
2023-04-19 11:04:438 INFO  GenericFunctions:612 - element is Displayed..Sign in
2023-04-19 11:04:381 INFO  GenericFunctions:612 - element is Displayed..
2023-04-19 11:04:57 INFO  GenericFunctions:612 - element is Displayed..Evaluate an asset
2023-04-19 11:04:229 INFO  GenericFunctions:612 - element is Displayed..
2023-04-19 11:04:344 INFO  GenericFunctions:612 - element is Displayed..
2023-04-19 11:04:662 INFO  GenericFunctions:612 - element is Displayed..
2023-04-19 11:04:565 INFO  GenericFunctions:600 - element is Displayed..Sign in
2023-04-19 11:04:392 INFO  GenericFunctions:600 - element is Displayed..Evaluate an asset
2023-04-19 11:04:312 ERROR GenericFunctions:604 - element is not Displayed..
org.openqa.selenium.NoSuchElementException: no such element: Unable to locate element: {"method":"xpath","selector":"//*[text()='File uploaded']"}
  (Session info: chrome=112.0.5615.49)
For documentation on this error, please visit: https://www.seleniumhq.org/exceptions/no_such_element.html
Build info: version: '3.141.59', revision: 'e82be7d358', time: '2018-11-14T08:17:03'
System info: host: 'THSLT10486', ip: '172.168.22.204', os.name: 'Windows 10', os.arch: 'amd64', os.version: '10.0', java.version: '17.0.5'
Driver info: org.openqa.selenium.chrome.ChromeDriver
Capabilities {acceptInsecureCerts: false, browserName: chrome, browserVersion: 112.0.5615.49, chrome: {chromedriverVersion: 112.0.5615.49 (bd2a7bcb881c..., userDataDir: C:\Users\THIC21~1\AppData\L...}, goog:chromeOptions: {debuggerAddress: localhost:63955}, javascriptEnabled: true, networkConnectionEnabled: false, pageLoadStrategy: normal, platform: WINDOWS, platformName: WINDOWS, proxy: Proxy(), setWindowRect: true, strictFileInteractability: false, timeouts: {implicit: 0, pageLoad: 300000, script: 30000}, unhandledPromptBehavior: dismiss and notify, webauthn:extension:credBlob: true, webauthn:extension:largeBlob: true, webauthn:extension:minPinLength: true, webauthn:extension:prf: true, webauthn:virtualAuthenticators: true}
Session ID: e6846611caedfdefc275de380cf44dd2
*** Element info: {Using=xpath, value=//*[text()='File uploaded']}
	at jdk.internal.reflect.GeneratedConstructorAccessor15.newInstance(Unknown Source)
	at java.base/jdk.internal.reflect.DelegatingConstructorAccessorImpl.newInstance(DelegatingConstructorAccessorImpl.java:45)
	at java.base/java.lang.reflect.Constructor.newInstanceWithCaller(Constructor.java:499)
	at java.base/java.lang.reflect.Constructor.newInstance(Constructor.java:480)
	at org.openqa.selenium.remote.http.W3CHttpResponseCodec.createException(W3CHttpResponseCodec.java:187)
	at org.openqa.selenium.remote.http.W3CHttpResponseCodec.decode(W3CHttpResponseCodec.java:122)
	at org.openqa.selenium.remote.http.W3CHttpResponseCodec.decode(W3CHttpResponseCodec.java:49)
	at org.openqa.selenium.remote.HttpCommandExecutor.execute(HttpCommandExecutor.java:158)
	at org.openqa.selenium.remote.service.DriverCommandExecutor.execute(DriverCommandExecutor.java:83)
	at org.openqa.selenium.remote.RemoteWebDriver.execute(RemoteWebDriver.java:552)
	at org.openqa.selenium.remote.RemoteWebDriver.findElement(RemoteWebDriver.java:323)
	at org.openqa.selenium.remote.RemoteWebDriver.findElementByXPath(RemoteWebDriver.java:428)
	at org.openqa.selenium.By$ByXPath.findElement(By.java:353)
	at org.openqa.selenium.remote.RemoteWebDriver.findElement(RemoteWebDriver.java:315)
	at org.openqa.selenium.support.ui.ExpectedConditions$7.apply(ExpectedConditions.java:205)
	at org.openqa.selenium.support.ui.ExpectedConditions$7.apply(ExpectedConditions.java:201)
	at org.openqa.selenium.support.ui.FluentWait.until(FluentWait.java:249)
	at GenericFunctions.GenericFunctions.isDisplayedBy(GenericFunctions.java:598)
	at pageObject.ClimateXExcelDataPage.verificationOfImportParameters(ClimateXExcelDataPage.java:154)
	at com.testhouse.stepdef.ExcelDataComparison.verify_the_import_parameters(ExcelDataComparison.java:74)
	at java.base/jdk.internal.reflect.NativeMethodAccessorImpl.invoke0(Native Method)
	at java.base/jdk.internal.reflect.NativeMethodAccessorImpl.invoke(NativeMethodAccessorImpl.java:77)
	at java.base/jdk.internal.reflect.DelegatingMethodAccessorImpl.invoke(DelegatingMethodAccessorImpl.java:43)
	at java.base/java.lang.reflect.Method.invoke(Method.java:568)
	at io.cucumber.java.Invoker.doInvoke(Invoker.java:66)
	at io.cucumber.java.Invoker.invoke(Invoker.java:24)
	at io.cucumber.java.AbstractGlueDefinition.invokeMethod(AbstractGlueDefinition.java:47)
	at io.cucumber.java.JavaStepDefinition.execute(JavaStepDefinition.java:29)
	at io.cucumber.core.runner.CoreStepDefinition.execute(CoreStepDefinition.java:66)
	at io.cucumber.core.runner.PickleStepDefinitionMatch.runStep(PickleStepDefinitionMatch.java:63)
	at io.cucumber.core.runner.ExecutionMode$1.execute(ExecutionMode.java:10)
	at io.cucumber.core.runner.TestStep.executeStep(TestStep.java:92)
	at io.cucumber.core.runner.TestStep.run(TestStep.java:64)
	at io.cucumber.core.runner.PickleStepTestStep.run(PickleStepTestStep.java:51)
	at io.cucumber.core.runner.TestCase.run(TestCase.java:104)
	at io.cucumber.core.runner.Runner.runPickle(Runner.java:73)
	at io.cucumber.testng.TestNGCucumberRunner.lambda$runScenario$0(TestNGCucumberRunner.java:117)
	at io.cucumber.core.runtime.CucumberExecutionContext.runTestCase(CucumberExecutionContext.java:117)
	at io.cucumber.testng.TestNGCucumberRunner.runScenario(TestNGCucumberRunner.java:114)
	at com.testhouse.stepdef.Hooks.runScenario(Hooks.java:101)
	at java.base/jdk.internal.reflect.NativeMethodAccessorImpl.invoke0(Native Method)
	at java.base/jdk.internal.reflect.NativeMethodAccessorImpl.invoke(NativeMethodAccessorImpl.java:77)
	at java.base/jdk.internal.reflect.DelegatingMethodAccessorImpl.invoke(DelegatingMethodAccessorImpl.java:43)
	at java.base/java.lang.reflect.Method.invoke(Method.java:568)
	at org.testng.internal.MethodInvocationHelper.invokeMethod(MethodInvocationHelper.java:133)
	at org.testng.internal.TestInvoker.invokeMethod(TestInvoker.java:598)
	at org.testng.internal.TestInvoker.invokeTestMethod(TestInvoker.java:173)
	at org.testng.internal.MethodRunner.runInSequence(MethodRunner.java:46)
	at org.testng.internal.TestInvoker$MethodInvocationAgent.invoke(TestInvoker.java:824)
	at org.testng.internal.TestInvoker.invokeTestMethods(TestInvoker.java:146)
	at org.testng.internal.TestMethodWorker.invokeTestMethods(TestMethodWorker.java:146)
	at org.testng.internal.TestMethodWorker.run(TestMethodWorker.java:128)
	at java.base/java.util.ArrayList.forEach(ArrayList.java:1511)
	at org.testng.TestRunner.privateRun(TestRunner.java:794)
	at org.testng.TestRunner.run(TestRunner.java:596)
	at org.testng.SuiteRunner.runTest(SuiteRunner.java:377)
	at org.testng.SuiteRunner.runSequentially(SuiteRunner.java:371)
	at org.testng.SuiteRunner.privateRun(SuiteRunner.java:332)
	at org.testng.SuiteRunner.run(SuiteRunner.java:276)
	at org.testng.SuiteRunnerWorker.runSuite(SuiteRunnerWorker.java:53)
	at org.testng.SuiteRunnerWorker.run(SuiteRunnerWorker.java:96)
	at org.testng.TestNG.runSuitesSequentially(TestNG.java:1212)
	at org.testng.TestNG.runSuitesLocally(TestNG.java:1134)
	at org.testng.TestNG.runSuites(TestNG.java:1063)
	at org.testng.TestNG.run(TestNG.java:1031)
	at org.testng.remote.AbstractRemoteTestNG.run(AbstractRemoteTestNG.java:115)
	at org.testng.remote.RemoteTestNG.initAndRun(RemoteTestNG.java:251)
	at org.testng.remote.RemoteTestNG.main(RemoteTestNG.java:77)
2023-04-19 11:04:513 INFO  GenericFunctions:600 - element is Displayed..Sign in
2023-04-19 11:04:437 INFO  GenericFunctions:600 - element is Displayed..Evaluate an asset
2023-04-19 11:04:952 ERROR GenericFunctions:604 - element is not Displayed..
org.openqa.selenium.NoSuchElementException: no such element: Unable to locate element: {"method":"xpath","selector":"//*[text()='File uploaded']"}
  (Session info: chrome=112.0.5615.49)
For documentation on this error, please visit: https://www.seleniumhq.org/exceptions/no_such_element.html
Build info: version: '3.141.59', revision: 'e82be7d358', time: '2018-11-14T08:17:03'
System info: host: 'THSLT10486', ip: '172.168.22.204', os.name: 'Windows 10', os.arch: 'amd64', os.version: '10.0', java.version: '17.0.5'
Driver info: org.openqa.selenium.chrome.ChromeDriver
Capabilities {acceptInsecureCerts: false, browserName: chrome, browserVersion: 112.0.5615.49, chrome: {chromedriverVersion: 112.0.5615.49 (bd2a7bcb881c..., userDataDir: C:\Users\THIC21~1\AppData\L...}, goog:chromeOptions: {debuggerAddress: localhost:64231}, javascriptEnabled: true, networkConnectionEnabled: false, pageLoadStrategy: normal, platform: WINDOWS, platformName: WINDOWS, proxy: Proxy(), setWindowRect: true, strictFileInteractability: false, timeouts: {implicit: 0, pageLoad: 300000, script: 30000}, unhandledPromptBehavior: dismiss and notify, webauthn:extension:credBlob: true, webauthn:extension:largeBlob: true, webauthn:extension:minPinLength: true, webauthn:extension:prf: true, webauthn:virtualAuthenticators: true}
Session ID: cb1c43cbf3ef0abf954c82db00eeb826
*** Element info: {Using=xpath, value=//*[text()='File uploaded']}
	at jdk.internal.reflect.GeneratedConstructorAccessor15.newInstance(Unknown Source)
	at java.base/jdk.internal.reflect.DelegatingConstructorAccessorImpl.newInstance(DelegatingConstructorAccessorImpl.java:45)
	at java.base/java.lang.reflect.Constructor.newInstanceWithCaller(Constructor.java:499)
	at java.base/java.lang.reflect.Constructor.newInstance(Constructor.java:480)
	at org.openqa.selenium.remote.http.W3CHttpResponseCodec.createException(W3CHttpResponseCodec.java:187)
	at org.openqa.selenium.remote.http.W3CHttpResponseCodec.decode(W3CHttpResponseCodec.java:122)
	at org.openqa.selenium.remote.http.W3CHttpResponseCodec.decode(W3CHttpResponseCodec.java:49)
	at org.openqa.selenium.remote.HttpCommandExecutor.execute(HttpCommandExecutor.java:158)
	at org.openqa.selenium.remote.service.DriverCommandExecutor.execute(DriverCommandExecutor.java:83)
	at org.openqa.selenium.remote.RemoteWebDriver.execute(RemoteWebDriver.java:552)
	at org.openqa.selenium.remote.RemoteWebDriver.findElement(RemoteWebDriver.java:323)
	at org.openqa.selenium.remote.RemoteWebDriver.findElementByXPath(RemoteWebDriver.java:428)
	at org.openqa.selenium.By$ByXPath.findElement(By.java:353)
	at org.openqa.selenium.remote.RemoteWebDriver.findElement(RemoteWebDriver.java:315)
	at org.openqa.selenium.support.ui.ExpectedConditions$7.apply(ExpectedConditions.java:205)
	at org.openqa.selenium.support.ui.ExpectedConditions$7.apply(ExpectedConditions.java:201)
	at org.openqa.selenium.support.ui.FluentWait.until(FluentWait.java:249)
	at GenericFunctions.GenericFunctions.isDisplayedBy(GenericFunctions.java:598)
	at pageObject.ClimateXExcelDataPage.verificationOfImportParameters(ClimateXExcelDataPage.java:154)
	at com.testhouse.stepdef.ExcelDataComparison.verify_the_import_parameters(ExcelDataComparison.java:74)
	at java.base/jdk.internal.reflect.NativeMethodAccessorImpl.invoke0(Native Method)
	at java.base/jdk.internal.reflect.NativeMethodAccessorImpl.invoke(NativeMethodAccessorImpl.java:77)
	at java.base/jdk.internal.reflect.DelegatingMethodAccessorImpl.invoke(DelegatingMethodAccessorImpl.java:43)
	at java.base/java.lang.reflect.Method.invoke(Method.java:568)
	at io.cucumber.java.Invoker.doInvoke(Invoker.java:66)
	at io.cucumber.java.Invoker.invoke(Invoker.java:24)
	at io.cucumber.java.AbstractGlueDefinition.invokeMethod(AbstractGlueDefinition.java:47)
	at io.cucumber.java.JavaStepDefinition.execute(JavaStepDefinition.java:29)
	at io.cucumber.core.runner.CoreStepDefinition.execute(CoreStepDefinition.java:66)
	at io.cucumber.core.runner.PickleStepDefinitionMatch.runStep(PickleStepDefinitionMatch.java:63)
	at io.cucumber.core.runner.ExecutionMode$1.execute(ExecutionMode.java:10)
	at io.cucumber.core.runner.TestStep.executeStep(TestStep.java:92)
	at io.cucumber.core.runner.TestStep.run(TestStep.java:64)
	at io.cucumber.core.runner.PickleStepTestStep.run(PickleStepTestStep.java:51)
	at io.cucumber.core.runner.TestCase.run(TestCase.java:104)
	at io.cucumber.core.runner.Runner.runPickle(Runner.java:73)
	at io.cucumber.testng.TestNGCucumberRunner.lambda$runScenario$0(TestNGCucumberRunner.java:117)
	at io.cucumber.core.runtime.CucumberExecutionContext.runTestCase(CucumberExecutionContext.java:117)
	at io.cucumber.testng.TestNGCucumberRunner.runScenario(TestNGCucumberRunner.java:114)
	at com.testhouse.stepdef.Hooks.runScenario(Hooks.java:101)
	at java.base/jdk.internal.reflect.NativeMethodAccessorImpl.invoke0(Native Method)
	at java.base/jdk.internal.reflect.NativeMethodAccessorImpl.invoke(NativeMethodAccessorImpl.java:77)
	at java.base/jdk.internal.reflect.DelegatingMethodAccessorImpl.invoke(DelegatingMethodAccessorImpl.java:43)
	at java.base/java.lang.reflect.Method.invoke(Method.java:568)
	at org.testng.internal.MethodInvocationHelper.invokeMethod(MethodInvocationHelper.java:133)
	at org.testng.internal.TestInvoker.invokeMethod(TestInvoker.java:598)
	at org.testng.internal.TestInvoker.invokeTestMethod(TestInvoker.java:173)
	at org.testng.internal.MethodRunner.runInSequence(MethodRunner.java:46)
	at org.testng.internal.TestInvoker$MethodInvocationAgent.invoke(TestInvoker.java:824)
	at org.testng.internal.TestInvoker.invokeTestMethods(TestInvoker.java:146)
	at org.testng.internal.TestMethodWorker.invokeTestMethods(TestMethodWorker.java:146)
	at org.testng.internal.TestMethodWorker.run(TestMethodWorker.java:128)
	at java.base/java.util.ArrayList.forEach(ArrayList.java:1511)
	at org.testng.TestRunner.privateRun(TestRunner.java:794)
	at org.testng.TestRunner.run(TestRunner.java:596)
	at org.testng.SuiteRunner.runTest(SuiteRunner.java:377)
	at org.testng.SuiteRunner.runSequentially(SuiteRunner.java:371)
	at org.testng.SuiteRunner.privateRun(SuiteRunner.java:332)
	at org.testng.SuiteRunner.run(SuiteRunner.java:276)
	at org.testng.SuiteRunnerWorker.runSuite(SuiteRunnerWorker.java:53)
	at org.testng.SuiteRunnerWorker.run(SuiteRunnerWorker.java:96)
	at org.testng.TestNG.runSuitesSequentially(TestNG.java:1212)
	at org.testng.TestNG.runSuitesLocally(TestNG.java:1134)
	at org.testng.TestNG.runSuites(TestNG.java:1063)
	at org.testng.TestNG.run(TestNG.java:1031)
	at org.testng.remote.AbstractRemoteTestNG.run(AbstractRemoteTestNG.java:115)
	at org.testng.remote.RemoteTestNG.initAndRun(RemoteTestNG.java:251)
	at org.testng.remote.RemoteTestNG.main(RemoteTestNG.java:77)
2023-04-19 12:04:930 INFO  GenericFunctions:600 - element is Displayed..Sign in
2023-04-19 12:04:276 INFO  GenericFunctions:600 - element is Displayed..Evaluate an asset
2023-04-19 12:04:282 INFO  GenericFunctions:600 - element is Displayed..Sign in
2023-04-19 12:04:35 INFO  GenericFunctions:600 - element is Displayed..Evaluate an asset
2023-04-19 12:04:621 ERROR GenericFunctions:604 - element is not Displayed..
org.openqa.selenium.NoSuchElementException: no such element: Unable to locate element: {"method":"xpath","selector":"//*[text()='File uploaded']"}
  (Session info: chrome=112.0.5615.49)
For documentation on this error, please visit: https://www.seleniumhq.org/exceptions/no_such_element.html
Build info: version: '3.141.59', revision: 'e82be7d358', time: '2018-11-14T08:17:03'
System info: host: 'THSLT10486', ip: '172.168.22.204', os.name: 'Windows 10', os.arch: 'amd64', os.version: '10.0', java.version: '17.0.5'
Driver info: org.openqa.selenium.chrome.ChromeDriver
Capabilities {acceptInsecureCerts: false, browserName: chrome, browserVersion: 112.0.5615.49, chrome: {chromedriverVersion: 112.0.5615.49 (bd2a7bcb881c..., userDataDir: C:\Users\THIC21~1\AppData\L...}, goog:chromeOptions: {debuggerAddress: localhost:64801}, javascriptEnabled: true, networkConnectionEnabled: false, pageLoadStrategy: normal, platform: WINDOWS, platformName: WINDOWS, proxy: Proxy(), setWindowRect: true, strictFileInteractability: false, timeouts: {implicit: 0, pageLoad: 300000, script: 30000}, unhandledPromptBehavior: dismiss and notify, webauthn:extension:credBlob: true, webauthn:extension:largeBlob: true, webauthn:extension:minPinLength: true, webauthn:extension:prf: true, webauthn:virtualAuthenticators: true}
Session ID: c8181304e45ed220d1e775a42d72c6a6
*** Element info: {Using=xpath, value=//*[text()='File uploaded']}
	at jdk.internal.reflect.GeneratedConstructorAccessor15.newInstance(Unknown Source)
	at java.base/jdk.internal.reflect.DelegatingConstructorAccessorImpl.newInstance(DelegatingConstructorAccessorImpl.java:45)
	at java.base/java.lang.reflect.Constructor.newInstanceWithCaller(Constructor.java:499)
	at java.base/java.lang.reflect.Constructor.newInstance(Constructor.java:480)
	at org.openqa.selenium.remote.http.W3CHttpResponseCodec.createException(W3CHttpResponseCodec.java:187)
	at org.openqa.selenium.remote.http.W3CHttpResponseCodec.decode(W3CHttpResponseCodec.java:122)
	at org.openqa.selenium.remote.http.W3CHttpResponseCodec.decode(W3CHttpResponseCodec.java:49)
	at org.openqa.selenium.remote.HttpCommandExecutor.execute(HttpCommandExecutor.java:158)
	at org.openqa.selenium.remote.service.DriverCommandExecutor.execute(DriverCommandExecutor.java:83)
	at org.openqa.selenium.remote.RemoteWebDriver.execute(RemoteWebDriver.java:552)
	at org.openqa.selenium.remote.RemoteWebDriver.findElement(RemoteWebDriver.java:323)
	at org.openqa.selenium.remote.RemoteWebDriver.findElementByXPath(RemoteWebDriver.java:428)
	at org.openqa.selenium.By$ByXPath.findElement(By.java:353)
	at org.openqa.selenium.remote.RemoteWebDriver.findElement(RemoteWebDriver.java:315)
	at org.openqa.selenium.support.ui.ExpectedConditions$7.apply(ExpectedConditions.java:205)
	at org.openqa.selenium.support.ui.ExpectedConditions$7.apply(ExpectedConditions.java:201)
	at org.openqa.selenium.support.ui.FluentWait.until(FluentWait.java:249)
	at GenericFunctions.GenericFunctions.isDisplayedBy(GenericFunctions.java:598)
	at pageObject.ClimateXExcelDataPage.verificationOfImportParameters(ClimateXExcelDataPage.java:155)
	at com.testhouse.stepdef.ExcelDataComparison.verify_the_import_parameters(ExcelDataComparison.java:74)
	at java.base/jdk.internal.reflect.NativeMethodAccessorImpl.invoke0(Native Method)
	at java.base/jdk.internal.reflect.NativeMethodAccessorImpl.invoke(NativeMethodAccessorImpl.java:77)
	at java.base/jdk.internal.reflect.DelegatingMethodAccessorImpl.invoke(DelegatingMethodAccessorImpl.java:43)
	at java.base/java.lang.reflect.Method.invoke(Method.java:568)
	at io.cucumber.java.Invoker.doInvoke(Invoker.java:66)
	at io.cucumber.java.Invoker.invoke(Invoker.java:24)
	at io.cucumber.java.AbstractGlueDefinition.invokeMethod(AbstractGlueDefinition.java:47)
	at io.cucumber.java.JavaStepDefinition.execute(JavaStepDefinition.java:29)
	at io.cucumber.core.runner.CoreStepDefinition.execute(CoreStepDefinition.java:66)
	at io.cucumber.core.runner.PickleStepDefinitionMatch.runStep(PickleStepDefinitionMatch.java:63)
	at io.cucumber.core.runner.ExecutionMode$1.execute(ExecutionMode.java:10)
	at io.cucumber.core.runner.TestStep.executeStep(TestStep.java:92)
	at io.cucumber.core.runner.TestStep.run(TestStep.java:64)
	at io.cucumber.core.runner.PickleStepTestStep.run(PickleStepTestStep.java:51)
	at io.cucumber.core.runner.TestCase.run(TestCase.java:104)
	at io.cucumber.core.runner.Runner.runPickle(Runner.java:73)
	at io.cucumber.testng.TestNGCucumberRunner.lambda$runScenario$0(TestNGCucumberRunner.java:117)
	at io.cucumber.core.runtime.CucumberExecutionContext.runTestCase(CucumberExecutionContext.java:117)
	at io.cucumber.testng.TestNGCucumberRunner.runScenario(TestNGCucumberRunner.java:114)
	at com.testhouse.stepdef.Hooks.runScenario(Hooks.java:101)
	at java.base/jdk.internal.reflect.NativeMethodAccessorImpl.invoke0(Native Method)
	at java.base/jdk.internal.reflect.NativeMethodAccessorImpl.invoke(NativeMethodAccessorImpl.java:77)
	at java.base/jdk.internal.reflect.DelegatingMethodAccessorImpl.invoke(DelegatingMethodAccessorImpl.java:43)
	at java.base/java.lang.reflect.Method.invoke(Method.java:568)
	at org.testng.internal.MethodInvocationHelper.invokeMethod(MethodInvocationHelper.java:133)
	at org.testng.internal.TestInvoker.invokeMethod(TestInvoker.java:598)
	at org.testng.internal.TestInvoker.invokeTestMethod(TestInvoker.java:173)
	at org.testng.internal.MethodRunner.runInSequence(MethodRunner.java:46)
	at org.testng.internal.TestInvoker$MethodInvocationAgent.invoke(TestInvoker.java:824)
	at org.testng.internal.TestInvoker.invokeTestMethods(TestInvoker.java:146)
	at org.testng.internal.TestMethodWorker.invokeTestMethods(TestMethodWorker.java:146)
	at org.testng.internal.TestMethodWorker.run(TestMethodWorker.java:128)
	at java.base/java.util.ArrayList.forEach(ArrayList.java:1511)
	at org.testng.TestRunner.privateRun(TestRunner.java:794)
	at org.testng.TestRunner.run(TestRunner.java:596)
	at org.testng.SuiteRunner.runTest(SuiteRunner.java:377)
	at org.testng.SuiteRunner.runSequentially(SuiteRunner.java:371)
	at org.testng.SuiteRunner.privateRun(SuiteRunner.java:332)
	at org.testng.SuiteRunner.run(SuiteRunner.java:276)
	at org.testng.SuiteRunnerWorker.runSuite(SuiteRunnerWorker.java:53)
	at org.testng.SuiteRunnerWorker.run(SuiteRunnerWorker.java:96)
	at org.testng.TestNG.runSuitesSequentially(TestNG.java:1212)
	at org.testng.TestNG.runSuitesLocally(TestNG.java:1134)
	at org.testng.TestNG.runSuites(TestNG.java:1063)
	at org.testng.TestNG.run(TestNG.java:1031)
	at org.testng.remote.AbstractRemoteTestNG.run(AbstractRemoteTestNG.java:115)
	at org.testng.remote.RemoteTestNG.initAndRun(RemoteTestNG.java:251)
	at org.testng.remote.RemoteTestNG.main(RemoteTestNG.java:77)
2023-04-19 12:04:245 INFO  GenericFunctions:600 - element is Displayed..Sign in
2023-04-19 12:04:421 INFO  GenericFunctions:600 - element is Displayed..Evaluate an asset
2023-04-19 12:04:424 ERROR GenericFunctions:604 - element is not Displayed..
org.openqa.selenium.NoSuchElementException: no such element: Unable to locate element: {"method":"xpath","selector":"//*[text()='File uploaded']"}
  (Session info: chrome=112.0.5615.49)
For documentation on this error, please visit: https://www.seleniumhq.org/exceptions/no_such_element.html
Build info: version: '3.141.59', revision: 'e82be7d358', time: '2018-11-14T08:17:03'
System info: host: 'THSLT10486', ip: '172.168.22.204', os.name: 'Windows 10', os.arch: 'amd64', os.version: '10.0', java.version: '17.0.5'
Driver info: org.openqa.selenium.chrome.ChromeDriver
Capabilities {acceptInsecureCerts: false, browserName: chrome, browserVersion: 112.0.5615.49, chrome: {chromedriverVersion: 112.0.5615.49 (bd2a7bcb881c..., userDataDir: C:\Users\THIC21~1\AppData\L...}, goog:chromeOptions: {debuggerAddress: localhost:65109}, javascriptEnabled: true, networkConnectionEnabled: false, pageLoadStrategy: normal, platform: WINDOWS, platformName: WINDOWS, proxy: Proxy(), setWindowRect: true, strictFileInteractability: false, timeouts: {implicit: 0, pageLoad: 300000, script: 30000}, unhandledPromptBehavior: dismiss and notify, webauthn:extension:credBlob: true, webauthn:extension:largeBlob: true, webauthn:extension:minPinLength: true, webauthn:extension:prf: true, webauthn:virtualAuthenticators: true}
Session ID: cf649869eb3892dc60c086e201c6d20e
*** Element info: {Using=xpath, value=//*[text()='File uploaded']}
	at jdk.internal.reflect.GeneratedConstructorAccessor15.newInstance(Unknown Source)
	at java.base/jdk.internal.reflect.DelegatingConstructorAccessorImpl.newInstance(DelegatingConstructorAccessorImpl.java:45)
	at java.base/java.lang.reflect.Constructor.newInstanceWithCaller(Constructor.java:499)
	at java.base/java.lang.reflect.Constructor.newInstance(Constructor.java:480)
	at org.openqa.selenium.remote.http.W3CHttpResponseCodec.createException(W3CHttpResponseCodec.java:187)
	at org.openqa.selenium.remote.http.W3CHttpResponseCodec.decode(W3CHttpResponseCodec.java:122)
	at org.openqa.selenium.remote.http.W3CHttpResponseCodec.decode(W3CHttpResponseCodec.java:49)
	at org.openqa.selenium.remote.HttpCommandExecutor.execute(HttpCommandExecutor.java:158)
	at org.openqa.selenium.remote.service.DriverCommandExecutor.execute(DriverCommandExecutor.java:83)
	at org.openqa.selenium.remote.RemoteWebDriver.execute(RemoteWebDriver.java:552)
	at org.openqa.selenium.remote.RemoteWebDriver.findElement(RemoteWebDriver.java:323)
	at org.openqa.selenium.remote.RemoteWebDriver.findElementByXPath(RemoteWebDriver.java:428)
	at org.openqa.selenium.By$ByXPath.findElement(By.java:353)
	at org.openqa.selenium.remote.RemoteWebDriver.findElement(RemoteWebDriver.java:315)
	at org.openqa.selenium.support.ui.ExpectedConditions$7.apply(ExpectedConditions.java:205)
	at org.openqa.selenium.support.ui.ExpectedConditions$7.apply(ExpectedConditions.java:201)
	at org.openqa.selenium.support.ui.FluentWait.until(FluentWait.java:249)
	at GenericFunctions.GenericFunctions.isDisplayedBy(GenericFunctions.java:598)
	at pageObject.ClimateXExcelDataPage.verificationOfImportParameters(ClimateXExcelDataPage.java:155)
	at com.testhouse.stepdef.ExcelDataComparison.verify_the_import_parameters(ExcelDataComparison.java:74)
	at java.base/jdk.internal.reflect.NativeMethodAccessorImpl.invoke0(Native Method)
	at java.base/jdk.internal.reflect.NativeMethodAccessorImpl.invoke(NativeMethodAccessorImpl.java:77)
	at java.base/jdk.internal.reflect.DelegatingMethodAccessorImpl.invoke(DelegatingMethodAccessorImpl.java:43)
	at java.base/java.lang.reflect.Method.invoke(Method.java:568)
	at io.cucumber.java.Invoker.doInvoke(Invoker.java:66)
	at io.cucumber.java.Invoker.invoke(Invoker.java:24)
	at io.cucumber.java.AbstractGlueDefinition.invokeMethod(AbstractGlueDefinition.java:47)
	at io.cucumber.java.JavaStepDefinition.execute(JavaStepDefinition.java:29)
	at io.cucumber.core.runner.CoreStepDefinition.execute(CoreStepDefinition.java:66)
	at io.cucumber.core.runner.PickleStepDefinitionMatch.runStep(PickleStepDefinitionMatch.java:63)
	at io.cucumber.core.runner.ExecutionMode$1.execute(ExecutionMode.java:10)
	at io.cucumber.core.runner.TestStep.executeStep(TestStep.java:92)
	at io.cucumber.core.runner.TestStep.run(TestStep.java:64)
	at io.cucumber.core.runner.PickleStepTestStep.run(PickleStepTestStep.java:51)
	at io.cucumber.core.runner.TestCase.run(TestCase.java:104)
	at io.cucumber.core.runner.Runner.runPickle(Runner.java:73)
	at io.cucumber.testng.TestNGCucumberRunner.lambda$runScenario$0(TestNGCucumberRunner.java:117)
	at io.cucumber.core.runtime.CucumberExecutionContext.runTestCase(CucumberExecutionContext.java:117)
	at io.cucumber.testng.TestNGCucumberRunner.runScenario(TestNGCucumberRunner.java:114)
	at com.testhouse.stepdef.Hooks.runScenario(Hooks.java:101)
	at java.base/jdk.internal.reflect.NativeMethodAccessorImpl.invoke0(Native Method)
	at java.base/jdk.internal.reflect.NativeMethodAccessorImpl.invoke(NativeMethodAccessorImpl.java:77)
	at java.base/jdk.internal.reflect.DelegatingMethodAccessorImpl.invoke(DelegatingMethodAccessorImpl.java:43)
	at java.base/java.lang.reflect.Method.invoke(Method.java:568)
	at org.testng.internal.MethodInvocationHelper.invokeMethod(MethodInvocationHelper.java:133)
	at org.testng.internal.TestInvoker.invokeMethod(TestInvoker.java:598)
	at org.testng.internal.TestInvoker.invokeTestMethod(TestInvoker.java:173)
	at org.testng.internal.MethodRunner.runInSequence(MethodRunner.java:46)
	at org.testng.internal.TestInvoker$MethodInvocationAgent.invoke(TestInvoker.java:824)
	at org.testng.internal.TestInvoker.invokeTestMethods(TestInvoker.java:146)
	at org.testng.internal.TestMethodWorker.invokeTestMethods(TestMethodWorker.java:146)
	at org.testng.internal.TestMethodWorker.run(TestMethodWorker.java:128)
	at java.base/java.util.ArrayList.forEach(ArrayList.java:1511)
	at org.testng.TestRunner.privateRun(TestRunner.java:794)
	at org.testng.TestRunner.run(TestRunner.java:596)
	at org.testng.SuiteRunner.runTest(SuiteRunner.java:377)
	at org.testng.SuiteRunner.runSequentially(SuiteRunner.java:371)
	at org.testng.SuiteRunner.privateRun(SuiteRunner.java:332)
	at org.testng.SuiteRunner.run(SuiteRunner.java:276)
	at org.testng.SuiteRunnerWorker.runSuite(SuiteRunnerWorker.java:53)
	at org.testng.SuiteRunnerWorker.run(SuiteRunnerWorker.java:96)
	at org.testng.TestNG.runSuitesSequentially(TestNG.java:1212)
	at org.testng.TestNG.runSuitesLocally(TestNG.java:1134)
	at org.testng.TestNG.runSuites(TestNG.java:1063)
	at org.testng.TestNG.run(TestNG.java:1031)
	at org.testng.remote.AbstractRemoteTestNG.run(AbstractRemoteTestNG.java:115)
	at org.testng.remote.RemoteTestNG.initAndRun(RemoteTestNG.java:251)
	at org.testng.remote.RemoteTestNG.main(RemoteTestNG.java:77)
2023-04-19 12:04:260 INFO  GenericFunctions:600 - element is Displayed..Sign in
2023-04-19 12:04:421 INFO  GenericFunctions:600 - element is Displayed..Evaluate an asset
2023-04-19 12:04:509 INFO  GenericFunctions:600 - element is Displayed..File uploaded
2023-04-19 12:04:229 INFO  GenericFunctions:600 - element is Displayed..Loaded sheets
2023-04-19 12:04:50 INFO  GenericFunctions:600 - element is Displayed..Yes
2023-04-19 12:04:503 INFO  GenericFunctions:440 - scroll to WebElement...
2023-04-19 12:04:765 INFO  GenericFunctions:451 - element is clicked: [[ChromeDriver: chrome on WINDOWS (f8ee26793eae709fa5aae39fc473f266)] -> xpath: //button[text()='Review']]
2023-04-19 12:04:637 INFO  GenericFunctions:440 - scroll to WebElement...
2023-04-19 12:04:127 INFO  GenericFunctions:451 - element is clicked: [[ChromeDriver: chrome on WINDOWS (f8ee26793eae709fa5aae39fc473f266)] -> xpath: //button[text()='Continue']]
2023-04-19 12:04:240 INFO  GenericFunctions:600 - element is Displayed..Are you ready to submit?
2023-04-19 12:04:536 INFO  GenericFunctions:600 - element is Displayed..Done!
2023-04-19 12:04:690 ERROR GenericFunctions:604 - element is not Displayed..
org.openqa.selenium.NoSuchElementException: no such element: Unable to locate element: {"method":"xpath","selector":"//h2[text()='Take me to the results']"}
  (Session info: chrome=112.0.5615.49)
For documentation on this error, please visit: https://www.seleniumhq.org/exceptions/no_such_element.html
Build info: version: '3.141.59', revision: 'e82be7d358', time: '2018-11-14T08:17:03'
System info: host: 'THSLT10486', ip: '172.168.22.204', os.name: 'Windows 10', os.arch: 'amd64', os.version: '10.0', java.version: '17.0.5'
Driver info: org.openqa.selenium.chrome.ChromeDriver
Capabilities {acceptInsecureCerts: false, browserName: chrome, browserVersion: 112.0.5615.49, chrome: {chromedriverVersion: 112.0.5615.49 (bd2a7bcb881c..., userDataDir: C:\Users\THIC21~1\AppData\L...}, goog:chromeOptions: {debuggerAddress: localhost:65387}, javascriptEnabled: true, networkConnectionEnabled: false, pageLoadStrategy: normal, platform: WINDOWS, platformName: WINDOWS, proxy: Proxy(), setWindowRect: true, strictFileInteractability: false, timeouts: {implicit: 0, pageLoad: 300000, script: 30000}, unhandledPromptBehavior: dismiss and notify, webauthn:extension:credBlob: true, webauthn:extension:largeBlob: true, webauthn:extension:minPinLength: true, webauthn:extension:prf: true, webauthn:virtualAuthenticators: true}
Session ID: f8ee26793eae709fa5aae39fc473f266
*** Element info: {Using=xpath, value=//h2[text()='Take me to the results']}
	at jdk.internal.reflect.GeneratedConstructorAccessor15.newInstance(Unknown Source)
	at java.base/jdk.internal.reflect.DelegatingConstructorAccessorImpl.newInstance(DelegatingConstructorAccessorImpl.java:45)
	at java.base/java.lang.reflect.Constructor.newInstanceWithCaller(Constructor.java:499)
	at java.base/java.lang.reflect.Constructor.newInstance(Constructor.java:480)
	at org.openqa.selenium.remote.http.W3CHttpResponseCodec.createException(W3CHttpResponseCodec.java:187)
	at org.openqa.selenium.remote.http.W3CHttpResponseCodec.decode(W3CHttpResponseCodec.java:122)
	at org.openqa.selenium.remote.http.W3CHttpResponseCodec.decode(W3CHttpResponseCodec.java:49)
	at org.openqa.selenium.remote.HttpCommandExecutor.execute(HttpCommandExecutor.java:158)
	at org.openqa.selenium.remote.service.DriverCommandExecutor.execute(DriverCommandExecutor.java:83)
	at org.openqa.selenium.remote.RemoteWebDriver.execute(RemoteWebDriver.java:552)
	at org.openqa.selenium.remote.RemoteWebDriver.findElement(RemoteWebDriver.java:323)
	at org.openqa.selenium.remote.RemoteWebDriver.findElementByXPath(RemoteWebDriver.java:428)
	at org.openqa.selenium.By$ByXPath.findElement(By.java:353)
	at org.openqa.selenium.remote.RemoteWebDriver.findElement(RemoteWebDriver.java:315)
	at org.openqa.selenium.support.ui.ExpectedConditions$7.apply(ExpectedConditions.java:205)
	at org.openqa.selenium.support.ui.ExpectedConditions$7.apply(ExpectedConditions.java:201)
	at org.openqa.selenium.support.ui.FluentWait.until(FluentWait.java:249)
	at GenericFunctions.GenericFunctions.isDisplayedBy(GenericFunctions.java:598)
	at pageObject.ClimateXExcelDataPage.ViewResultsAndVerify(ClimateXExcelDataPage.java:672)
	at com.testhouse.stepdef.ExcelDataComparison.verify_the_popup_take_me_to_the_results_and_click_on_yes_button(ExcelDataComparison.java:116)
	at java.base/jdk.internal.reflect.NativeMethodAccessorImpl.invoke0(Native Method)
	at java.base/jdk.internal.reflect.NativeMethodAccessorImpl.invoke(NativeMethodAccessorImpl.java:77)
	at java.base/jdk.internal.reflect.DelegatingMethodAccessorImpl.invoke(DelegatingMethodAccessorImpl.java:43)
	at java.base/java.lang.reflect.Method.invoke(Method.java:568)
	at io.cucumber.java.Invoker.doInvoke(Invoker.java:66)
	at io.cucumber.java.Invoker.invoke(Invoker.java:24)
	at io.cucumber.java.AbstractGlueDefinition.invokeMethod(AbstractGlueDefinition.java:47)
	at io.cucumber.java.JavaStepDefinition.execute(JavaStepDefinition.java:29)
	at io.cucumber.core.runner.CoreStepDefinition.execute(CoreStepDefinition.java:66)
	at io.cucumber.core.runner.PickleStepDefinitionMatch.runStep(PickleStepDefinitionMatch.java:63)
	at io.cucumber.core.runner.ExecutionMode$1.execute(ExecutionMode.java:10)
	at io.cucumber.core.runner.TestStep.executeStep(TestStep.java:92)
	at io.cucumber.core.runner.TestStep.run(TestStep.java:64)
	at io.cucumber.core.runner.PickleStepTestStep.run(PickleStepTestStep.java:51)
	at io.cucumber.core.runner.TestCase.run(TestCase.java:104)
	at io.cucumber.core.runner.Runner.runPickle(Runner.java:73)
	at io.cucumber.testng.TestNGCucumberRunner.lambda$runScenario$0(TestNGCucumberRunner.java:117)
	at io.cucumber.core.runtime.CucumberExecutionContext.runTestCase(CucumberExecutionContext.java:117)
	at io.cucumber.testng.TestNGCucumberRunner.runScenario(TestNGCucumberRunner.java:114)
	at com.testhouse.stepdef.Hooks.runScenario(Hooks.java:101)
	at java.base/jdk.internal.reflect.NativeMethodAccessorImpl.invoke0(Native Method)
	at java.base/jdk.internal.reflect.NativeMethodAccessorImpl.invoke(NativeMethodAccessorImpl.java:77)
	at java.base/jdk.internal.reflect.DelegatingMethodAccessorImpl.invoke(DelegatingMethodAccessorImpl.java:43)
	at java.base/java.lang.reflect.Method.invoke(Method.java:568)
	at org.testng.internal.MethodInvocationHelper.invokeMethod(MethodInvocationHelper.java:133)
	at org.testng.internal.TestInvoker.invokeMethod(TestInvoker.java:598)
	at org.testng.internal.TestInvoker.invokeTestMethod(TestInvoker.java:173)
	at org.testng.internal.MethodRunner.runInSequence(MethodRunner.java:46)
	at org.testng.internal.TestInvoker$MethodInvocationAgent.invoke(TestInvoker.java:824)
	at org.testng.internal.TestInvoker.invokeTestMethods(TestInvoker.java:146)
	at org.testng.internal.TestMethodWorker.invokeTestMethods(TestMethodWorker.java:146)
	at org.testng.internal.TestMethodWorker.run(TestMethodWorker.java:128)
	at java.base/java.util.ArrayList.forEach(ArrayList.java:1511)
	at org.testng.TestRunner.privateRun(TestRunner.java:794)
	at org.testng.TestRunner.run(TestRunner.java:596)
	at org.testng.SuiteRunner.runTest(SuiteRunner.java:377)
	at org.testng.SuiteRunner.runSequentially(SuiteRunner.java:371)
	at org.testng.SuiteRunner.privateRun(SuiteRunner.java:332)
	at org.testng.SuiteRunner.run(SuiteRunner.java:276)
	at org.testng.SuiteRunnerWorker.runSuite(SuiteRunnerWorker.java:53)
	at org.testng.SuiteRunnerWorker.run(SuiteRunnerWorker.java:96)
	at org.testng.TestNG.runSuitesSequentially(TestNG.java:1212)
	at org.testng.TestNG.runSuitesLocally(TestNG.java:1134)
	at org.testng.TestNG.runSuites(TestNG.java:1063)
	at org.testng.TestNG.run(TestNG.java:1031)
	at org.testng.remote.AbstractRemoteTestNG.run(AbstractRemoteTestNG.java:115)
	at org.testng.remote.RemoteTestNG.initAndRun(RemoteTestNG.java:251)
	at org.testng.remote.RemoteTestNG.main(RemoteTestNG.java:77)
2023-04-19 12:04:527 INFO  GenericFunctions:600 - element is Displayed..Sign in
2023-04-19 12:04:527 INFO  GenericFunctions:600 - element is Displayed..Evaluate an asset
2023-04-19 12:04:188 INFO  GenericFunctions:600 - element is Displayed..File uploaded
2023-04-19 12:04:457 INFO  GenericFunctions:600 - element is Displayed..Loaded sheets
2023-04-19 12:04:756 INFO  GenericFunctions:600 - element is Displayed..Yes
2023-04-19 12:04:443 INFO  GenericFunctions:440 - scroll to WebElement...
2023-04-19 12:04:802 INFO  GenericFunctions:451 - element is clicked: [[ChromeDriver: chrome on WINDOWS (2cb073d8bf07f5062b9c3f560fc51d2b)] -> xpath: //button[text()='Review']]
2023-04-19 12:04:265 INFO  GenericFunctions:440 - scroll to WebElement...
2023-04-19 12:04:637 INFO  GenericFunctions:451 - element is clicked: [[ChromeDriver: chrome on WINDOWS (2cb073d8bf07f5062b9c3f560fc51d2b)] -> xpath: //button[text()='Continue']]
2023-04-19 12:04:770 INFO  GenericFunctions:600 - element is Displayed..Are you ready to submit?
2023-04-19 12:04:897 INFO  GenericFunctions:600 - element is Displayed..Done!
2023-04-19 12:04:251 ERROR GenericFunctions:604 - element is not Displayed..
org.openqa.selenium.NoSuchElementException: no such element: Unable to locate element: {"method":"xpath","selector":"//h2[text()='Take me to the results']"}
  (Session info: chrome=112.0.5615.49)
For documentation on this error, please visit: https://www.seleniumhq.org/exceptions/no_such_element.html
Build info: version: '3.141.59', revision: 'e82be7d358', time: '2018-11-14T08:17:03'
System info: host: 'THSLT10486', ip: '172.168.22.204', os.name: 'Windows 10', os.arch: 'amd64', os.version: '10.0', java.version: '17.0.5'
Driver info: org.openqa.selenium.chrome.ChromeDriver
Capabilities {acceptInsecureCerts: false, browserName: chrome, browserVersion: 112.0.5615.49, chrome: {chromedriverVersion: 112.0.5615.49 (bd2a7bcb881c..., userDataDir: C:\Users\THIC21~1\AppData\L...}, goog:chromeOptions: {debuggerAddress: localhost:49338}, javascriptEnabled: true, networkConnectionEnabled: false, pageLoadStrategy: normal, platform: WINDOWS, platformName: WINDOWS, proxy: Proxy(), setWindowRect: true, strictFileInteractability: false, timeouts: {implicit: 0, pageLoad: 300000, script: 30000}, unhandledPromptBehavior: dismiss and notify, webauthn:extension:credBlob: true, webauthn:extension:largeBlob: true, webauthn:extension:minPinLength: true, webauthn:extension:prf: true, webauthn:virtualAuthenticators: true}
Session ID: 2cb073d8bf07f5062b9c3f560fc51d2b
*** Element info: {Using=xpath, value=//h2[text()='Take me to the results']}
	at jdk.internal.reflect.GeneratedConstructorAccessor15.newInstance(Unknown Source)
	at java.base/jdk.internal.reflect.DelegatingConstructorAccessorImpl.newInstance(DelegatingConstructorAccessorImpl.java:45)
	at java.base/java.lang.reflect.Constructor.newInstanceWithCaller(Constructor.java:499)
	at java.base/java.lang.reflect.Constructor.newInstance(Constructor.java:480)
	at org.openqa.selenium.remote.http.W3CHttpResponseCodec.createException(W3CHttpResponseCodec.java:187)
	at org.openqa.selenium.remote.http.W3CHttpResponseCodec.decode(W3CHttpResponseCodec.java:122)
	at org.openqa.selenium.remote.http.W3CHttpResponseCodec.decode(W3CHttpResponseCodec.java:49)
	at org.openqa.selenium.remote.HttpCommandExecutor.execute(HttpCommandExecutor.java:158)
	at org.openqa.selenium.remote.service.DriverCommandExecutor.execute(DriverCommandExecutor.java:83)
	at org.openqa.selenium.remote.RemoteWebDriver.execute(RemoteWebDriver.java:552)
	at org.openqa.selenium.remote.RemoteWebDriver.findElement(RemoteWebDriver.java:323)
	at org.openqa.selenium.remote.RemoteWebDriver.findElementByXPath(RemoteWebDriver.java:428)
	at org.openqa.selenium.By$ByXPath.findElement(By.java:353)
	at org.openqa.selenium.remote.RemoteWebDriver.findElement(RemoteWebDriver.java:315)
	at org.openqa.selenium.support.ui.ExpectedConditions$7.apply(ExpectedConditions.java:205)
	at org.openqa.selenium.support.ui.ExpectedConditions$7.apply(ExpectedConditions.java:201)
	at org.openqa.selenium.support.ui.FluentWait.until(FluentWait.java:249)
	at GenericFunctions.GenericFunctions.isDisplayedBy(GenericFunctions.java:598)
	at pageObject.ClimateXExcelDataPage.ViewResultsAndVerify(ClimateXExcelDataPage.java:672)
	at com.testhouse.stepdef.ExcelDataComparison.verify_the_popup_take_me_to_the_results_and_click_on_yes_button(ExcelDataComparison.java:116)
	at java.base/jdk.internal.reflect.NativeMethodAccessorImpl.invoke0(Native Method)
	at java.base/jdk.internal.reflect.NativeMethodAccessorImpl.invoke(NativeMethodAccessorImpl.java:77)
	at java.base/jdk.internal.reflect.DelegatingMethodAccessorImpl.invoke(DelegatingMethodAccessorImpl.java:43)
	at java.base/java.lang.reflect.Method.invoke(Method.java:568)
	at io.cucumber.java.Invoker.doInvoke(Invoker.java:66)
	at io.cucumber.java.Invoker.invoke(Invoker.java:24)
	at io.cucumber.java.AbstractGlueDefinition.invokeMethod(AbstractGlueDefinition.java:47)
	at io.cucumber.java.JavaStepDefinition.execute(JavaStepDefinition.java:29)
	at io.cucumber.core.runner.CoreStepDefinition.execute(CoreStepDefinition.java:66)
	at io.cucumber.core.runner.PickleStepDefinitionMatch.runStep(PickleStepDefinitionMatch.java:63)
	at io.cucumber.core.runner.ExecutionMode$1.execute(ExecutionMode.java:10)
	at io.cucumber.core.runner.TestStep.executeStep(TestStep.java:92)
	at io.cucumber.core.runner.TestStep.run(TestStep.java:64)
	at io.cucumber.core.runner.PickleStepTestStep.run(PickleStepTestStep.java:51)
	at io.cucumber.core.runner.TestCase.run(TestCase.java:104)
	at io.cucumber.core.runner.Runner.runPickle(Runner.java:73)
	at io.cucumber.testng.TestNGCucumberRunner.lambda$runScenario$0(TestNGCucumberRunner.java:117)
	at io.cucumber.core.runtime.CucumberExecutionContext.runTestCase(CucumberExecutionContext.java:117)
	at io.cucumber.testng.TestNGCucumberRunner.runScenario(TestNGCucumberRunner.java:114)
	at com.testhouse.stepdef.Hooks.runScenario(Hooks.java:101)
	at java.base/jdk.internal.reflect.NativeMethodAccessorImpl.invoke0(Native Method)
	at java.base/jdk.internal.reflect.NativeMethodAccessorImpl.invoke(NativeMethodAccessorImpl.java:77)
	at java.base/jdk.internal.reflect.DelegatingMethodAccessorImpl.invoke(DelegatingMethodAccessorImpl.java:43)
	at java.base/java.lang.reflect.Method.invoke(Method.java:568)
	at org.testng.internal.MethodInvocationHelper.invokeMethod(MethodInvocationHelper.java:133)
	at org.testng.internal.TestInvoker.invokeMethod(TestInvoker.java:598)
	at org.testng.internal.TestInvoker.invokeTestMethod(TestInvoker.java:173)
	at org.testng.internal.MethodRunner.runInSequence(MethodRunner.java:46)
	at org.testng.internal.TestInvoker$MethodInvocationAgent.invoke(TestInvoker.java:824)
	at org.testng.internal.TestInvoker.invokeTestMethods(TestInvoker.java:146)
	at org.testng.internal.TestMethodWorker.invokeTestMethods(TestMethodWorker.java:146)
	at org.testng.internal.TestMethodWorker.run(TestMethodWorker.java:128)
	at java.base/java.util.ArrayList.forEach(ArrayList.java:1511)
	at org.testng.TestRunner.privateRun(TestRunner.java:794)
	at org.testng.TestRunner.run(TestRunner.java:596)
	at org.testng.SuiteRunner.runTest(SuiteRunner.java:377)
	at org.testng.SuiteRunner.runSequentially(SuiteRunner.java:371)
	at org.testng.SuiteRunner.privateRun(SuiteRunner.java:332)
	at org.testng.SuiteRunner.run(SuiteRunner.java:276)
	at org.testng.SuiteRunnerWorker.runSuite(SuiteRunnerWorker.java:53)
	at org.testng.SuiteRunnerWorker.run(SuiteRunnerWorker.java:96)
	at org.testng.TestNG.runSuitesSequentially(TestNG.java:1212)
	at org.testng.TestNG.runSuitesLocally(TestNG.java:1134)
	at org.testng.TestNG.runSuites(TestNG.java:1063)
	at org.testng.TestNG.run(TestNG.java:1031)
	at org.testng.remote.AbstractRemoteTestNG.run(AbstractRemoteTestNG.java:115)
	at org.testng.remote.RemoteTestNG.initAndRun(RemoteTestNG.java:251)
	at org.testng.remote.RemoteTestNG.main(RemoteTestNG.java:77)
2023-04-19 12:04:838 INFO  GenericFunctions:600 - element is Displayed..Sign in
2023-04-19 12:04:480 INFO  GenericFunctions:600 - element is Displayed..Evaluate an asset
2023-04-19 12:04:872 ERROR GenericFunctions:604 - element is not Displayed..
org.openqa.selenium.NoSuchElementException: no such element: Unable to locate element: {"method":"xpath","selector":"//*[text()='File uploaded']"}
  (Session info: chrome=112.0.5615.49)
For documentation on this error, please visit: https://www.seleniumhq.org/exceptions/no_such_element.html
Build info: version: '3.141.59', revision: 'e82be7d358', time: '2018-11-14T08:17:03'
System info: host: 'THSLT10486', ip: '172.168.22.204', os.name: 'Windows 10', os.arch: 'amd64', os.version: '10.0', java.version: '17.0.5'
Driver info: org.openqa.selenium.chrome.ChromeDriver
Capabilities {acceptInsecureCerts: false, browserName: chrome, browserVersion: 112.0.5615.49, chrome: {chromedriverVersion: 112.0.5615.49 (bd2a7bcb881c..., userDataDir: C:\Users\THIC21~1\AppData\L...}, goog:chromeOptions: {debuggerAddress: localhost:49956}, javascriptEnabled: true, networkConnectionEnabled: false, pageLoadStrategy: normal, platform: WINDOWS, platformName: WINDOWS, proxy: Proxy(), setWindowRect: true, strictFileInteractability: false, timeouts: {implicit: 0, pageLoad: 300000, script: 30000}, unhandledPromptBehavior: dismiss and notify, webauthn:extension:credBlob: true, webauthn:extension:largeBlob: true, webauthn:extension:minPinLength: true, webauthn:extension:prf: true, webauthn:virtualAuthenticators: true}
Session ID: 2acfe382ed77b40d8d9d9f19959e2229
*** Element info: {Using=xpath, value=//*[text()='File uploaded']}
	at jdk.internal.reflect.GeneratedConstructorAccessor15.newInstance(Unknown Source)
	at java.base/jdk.internal.reflect.DelegatingConstructorAccessorImpl.newInstance(DelegatingConstructorAccessorImpl.java:45)
	at java.base/java.lang.reflect.Constructor.newInstanceWithCaller(Constructor.java:499)
	at java.base/java.lang.reflect.Constructor.newInstance(Constructor.java:480)
	at org.openqa.selenium.remote.http.W3CHttpResponseCodec.createException(W3CHttpResponseCodec.java:187)
	at org.openqa.selenium.remote.http.W3CHttpResponseCodec.decode(W3CHttpResponseCodec.java:122)
	at org.openqa.selenium.remote.http.W3CHttpResponseCodec.decode(W3CHttpResponseCodec.java:49)
	at org.openqa.selenium.remote.HttpCommandExecutor.execute(HttpCommandExecutor.java:158)
	at org.openqa.selenium.remote.service.DriverCommandExecutor.execute(DriverCommandExecutor.java:83)
	at org.openqa.selenium.remote.RemoteWebDriver.execute(RemoteWebDriver.java:552)
	at org.openqa.selenium.remote.RemoteWebDriver.findElement(RemoteWebDriver.java:323)
	at org.openqa.selenium.remote.RemoteWebDriver.findElementByXPath(RemoteWebDriver.java:428)
	at org.openqa.selenium.By$ByXPath.findElement(By.java:353)
	at org.openqa.selenium.remote.RemoteWebDriver.findElement(RemoteWebDriver.java:315)
	at org.openqa.selenium.support.ui.ExpectedConditions$7.apply(ExpectedConditions.java:205)
	at org.openqa.selenium.support.ui.ExpectedConditions$7.apply(ExpectedConditions.java:201)
	at org.openqa.selenium.support.ui.FluentWait.until(FluentWait.java:249)
	at GenericFunctions.GenericFunctions.isDisplayedBy(GenericFunctions.java:598)
	at pageObject.ClimateXExcelDataPage.verificationOfImportParameters(ClimateXExcelDataPage.java:155)
	at com.testhouse.stepdef.ExcelDataComparison.verify_the_import_parameters(ExcelDataComparison.java:74)
	at java.base/jdk.internal.reflect.NativeMethodAccessorImpl.invoke0(Native Method)
	at java.base/jdk.internal.reflect.NativeMethodAccessorImpl.invoke(NativeMethodAccessorImpl.java:77)
	at java.base/jdk.internal.reflect.DelegatingMethodAccessorImpl.invoke(DelegatingMethodAccessorImpl.java:43)
	at java.base/java.lang.reflect.Method.invoke(Method.java:568)
	at io.cucumber.java.Invoker.doInvoke(Invoker.java:66)
	at io.cucumber.java.Invoker.invoke(Invoker.java:24)
	at io.cucumber.java.AbstractGlueDefinition.invokeMethod(AbstractGlueDefinition.java:47)
	at io.cucumber.java.JavaStepDefinition.execute(JavaStepDefinition.java:29)
	at io.cucumber.core.runner.CoreStepDefinition.execute(CoreStepDefinition.java:66)
	at io.cucumber.core.runner.PickleStepDefinitionMatch.runStep(PickleStepDefinitionMatch.java:63)
	at io.cucumber.core.runner.ExecutionMode$1.execute(ExecutionMode.java:10)
	at io.cucumber.core.runner.TestStep.executeStep(TestStep.java:92)
	at io.cucumber.core.runner.TestStep.run(TestStep.java:64)
	at io.cucumber.core.runner.PickleStepTestStep.run(PickleStepTestStep.java:51)
	at io.cucumber.core.runner.TestCase.run(TestCase.java:104)
	at io.cucumber.core.runner.Runner.runPickle(Runner.java:73)
	at io.cucumber.testng.TestNGCucumberRunner.lambda$runScenario$0(TestNGCucumberRunner.java:117)
	at io.cucumber.core.runtime.CucumberExecutionContext.runTestCase(CucumberExecutionContext.java:117)
	at io.cucumber.testng.TestNGCucumberRunner.runScenario(TestNGCucumberRunner.java:114)
	at com.testhouse.stepdef.Hooks.runScenario(Hooks.java:101)
	at java.base/jdk.internal.reflect.NativeMethodAccessorImpl.invoke0(Native Method)
	at java.base/jdk.internal.reflect.NativeMethodAccessorImpl.invoke(NativeMethodAccessorImpl.java:77)
	at java.base/jdk.internal.reflect.DelegatingMethodAccessorImpl.invoke(DelegatingMethodAccessorImpl.java:43)
	at java.base/java.lang.reflect.Method.invoke(Method.java:568)
	at org.testng.internal.MethodInvocationHelper.invokeMethod(MethodInvocationHelper.java:133)
	at org.testng.internal.TestInvoker.invokeMethod(TestInvoker.java:598)
	at org.testng.internal.TestInvoker.invokeTestMethod(TestInvoker.java:173)
	at org.testng.internal.MethodRunner.runInSequence(MethodRunner.java:46)
	at org.testng.internal.TestInvoker$MethodInvocationAgent.invoke(TestInvoker.java:824)
	at org.testng.internal.TestInvoker.invokeTestMethods(TestInvoker.java:146)
	at org.testng.internal.TestMethodWorker.invokeTestMethods(TestMethodWorker.java:146)
	at org.testng.internal.TestMethodWorker.run(TestMethodWorker.java:128)
	at java.base/java.util.ArrayList.forEach(ArrayList.java:1511)
	at org.testng.TestRunner.privateRun(TestRunner.java:794)
	at org.testng.TestRunner.run(TestRunner.java:596)
	at org.testng.SuiteRunner.runTest(SuiteRunner.java:377)
	at org.testng.SuiteRunner.runSequentially(SuiteRunner.java:371)
	at org.testng.SuiteRunner.privateRun(SuiteRunner.java:332)
	at org.testng.SuiteRunner.run(SuiteRunner.java:276)
	at org.testng.SuiteRunnerWorker.runSuite(SuiteRunnerWorker.java:53)
	at org.testng.SuiteRunnerWorker.run(SuiteRunnerWorker.java:96)
	at org.testng.TestNG.runSuitesSequentially(TestNG.java:1212)
	at org.testng.TestNG.runSuitesLocally(TestNG.java:1134)
	at org.testng.TestNG.runSuites(TestNG.java:1063)
	at org.testng.TestNG.run(TestNG.java:1031)
	at org.testng.remote.AbstractRemoteTestNG.run(AbstractRemoteTestNG.java:115)
	at org.testng.remote.RemoteTestNG.initAndRun(RemoteTestNG.java:251)
	at org.testng.remote.RemoteTestNG.main(RemoteTestNG.java:77)
2023-04-19 12:04:589 INFO  GenericFunctions:600 - element is Displayed..Sign in
2023-04-19 12:04:230 INFO  GenericFunctions:600 - element is Displayed..Evaluate an asset
2023-04-19 12:04:148 INFO  GenericFunctions:600 - element is Displayed..File uploaded
2023-04-19 12:04:128 INFO  GenericFunctions:600 - element is Displayed..Loaded sheets
2023-04-19 12:04:477 INFO  GenericFunctions:600 - element is Displayed..Yes
2023-04-19 12:04:297 INFO  GenericFunctions:440 - scroll to WebElement...
2023-04-19 12:04:06 INFO  GenericFunctions:451 - element is clicked: [[ChromeDriver: chrome on WINDOWS (847d94eecde85eab79aa85e3ccbd0e51)] -> xpath: //button[text()='Review']]
2023-04-19 12:04:267 INFO  GenericFunctions:440 - scroll to WebElement...
2023-04-19 12:04:883 INFO  GenericFunctions:451 - element is clicked: [[ChromeDriver: chrome on WINDOWS (847d94eecde85eab79aa85e3ccbd0e51)] -> xpath: //button[text()='Continue']]
2023-04-19 12:04:08 INFO  GenericFunctions:600 - element is Displayed..Are you ready to submit?
2023-04-19 12:04:466 INFO  GenericFunctions:600 - element is Displayed..Done!
2023-04-19 12:04:642 ERROR GenericFunctions:604 - element is not Displayed..
org.openqa.selenium.NoSuchElementException: no such element: Unable to locate element: {"method":"xpath","selector":"//*[contains(text(),'Take me')]"}
  (Session info: chrome=112.0.5615.49)
For documentation on this error, please visit: https://www.seleniumhq.org/exceptions/no_such_element.html
Build info: version: '3.141.59', revision: 'e82be7d358', time: '2018-11-14T08:17:03'
System info: host: 'THSLT10486', ip: '172.168.22.204', os.name: 'Windows 10', os.arch: 'amd64', os.version: '10.0', java.version: '17.0.5'
Driver info: org.openqa.selenium.chrome.ChromeDriver
Capabilities {acceptInsecureCerts: false, browserName: chrome, browserVersion: 112.0.5615.49, chrome: {chromedriverVersion: 112.0.5615.49 (bd2a7bcb881c..., userDataDir: C:\Users\THIC21~1\AppData\L...}, goog:chromeOptions: {debuggerAddress: localhost:50308}, javascriptEnabled: true, networkConnectionEnabled: false, pageLoadStrategy: normal, platform: WINDOWS, platformName: WINDOWS, proxy: Proxy(), setWindowRect: true, strictFileInteractability: false, timeouts: {implicit: 0, pageLoad: 300000, script: 30000}, unhandledPromptBehavior: dismiss and notify, webauthn:extension:credBlob: true, webauthn:extension:largeBlob: true, webauthn:extension:minPinLength: true, webauthn:extension:prf: true, webauthn:virtualAuthenticators: true}
Session ID: 847d94eecde85eab79aa85e3ccbd0e51
*** Element info: {Using=xpath, value=//*[contains(text(),'Take me')]}
	at jdk.internal.reflect.GeneratedConstructorAccessor15.newInstance(Unknown Source)
	at java.base/jdk.internal.reflect.DelegatingConstructorAccessorImpl.newInstance(DelegatingConstructorAccessorImpl.java:45)
	at java.base/java.lang.reflect.Constructor.newInstanceWithCaller(Constructor.java:499)
	at java.base/java.lang.reflect.Constructor.newInstance(Constructor.java:480)
	at org.openqa.selenium.remote.http.W3CHttpResponseCodec.createException(W3CHttpResponseCodec.java:187)
	at org.openqa.selenium.remote.http.W3CHttpResponseCodec.decode(W3CHttpResponseCodec.java:122)
	at org.openqa.selenium.remote.http.W3CHttpResponseCodec.decode(W3CHttpResponseCodec.java:49)
	at org.openqa.selenium.remote.HttpCommandExecutor.execute(HttpCommandExecutor.java:158)
	at org.openqa.selenium.remote.service.DriverCommandExecutor.execute(DriverCommandExecutor.java:83)
	at org.openqa.selenium.remote.RemoteWebDriver.execute(RemoteWebDriver.java:552)
	at org.openqa.selenium.remote.RemoteWebDriver.findElement(RemoteWebDriver.java:323)
	at org.openqa.selenium.remote.RemoteWebDriver.findElementByXPath(RemoteWebDriver.java:428)
	at org.openqa.selenium.By$ByXPath.findElement(By.java:353)
	at org.openqa.selenium.remote.RemoteWebDriver.findElement(RemoteWebDriver.java:315)
	at org.openqa.selenium.support.ui.ExpectedConditions$7.apply(ExpectedConditions.java:205)
	at org.openqa.selenium.support.ui.ExpectedConditions$7.apply(ExpectedConditions.java:201)
	at org.openqa.selenium.support.ui.FluentWait.until(FluentWait.java:249)
	at GenericFunctions.GenericFunctions.isDisplayedBy(GenericFunctions.java:598)
	at pageObject.ClimateXExcelDataPage.ViewResultsAndVerify(ClimateXExcelDataPage.java:672)
	at com.testhouse.stepdef.ExcelDataComparison.verify_the_popup_take_me_to_the_results_and_click_on_yes_button(ExcelDataComparison.java:116)
	at java.base/jdk.internal.reflect.NativeMethodAccessorImpl.invoke0(Native Method)
	at java.base/jdk.internal.reflect.NativeMethodAccessorImpl.invoke(NativeMethodAccessorImpl.java:77)
	at java.base/jdk.internal.reflect.DelegatingMethodAccessorImpl.invoke(DelegatingMethodAccessorImpl.java:43)
	at java.base/java.lang.reflect.Method.invoke(Method.java:568)
	at io.cucumber.java.Invoker.doInvoke(Invoker.java:66)
	at io.cucumber.java.Invoker.invoke(Invoker.java:24)
	at io.cucumber.java.AbstractGlueDefinition.invokeMethod(AbstractGlueDefinition.java:47)
	at io.cucumber.java.JavaStepDefinition.execute(JavaStepDefinition.java:29)
	at io.cucumber.core.runner.CoreStepDefinition.execute(CoreStepDefinition.java:66)
	at io.cucumber.core.runner.PickleStepDefinitionMatch.runStep(PickleStepDefinitionMatch.java:63)
	at io.cucumber.core.runner.ExecutionMode$1.execute(ExecutionMode.java:10)
	at io.cucumber.core.runner.TestStep.executeStep(TestStep.java:92)
	at io.cucumber.core.runner.TestStep.run(TestStep.java:64)
	at io.cucumber.core.runner.PickleStepTestStep.run(PickleStepTestStep.java:51)
	at io.cucumber.core.runner.TestCase.run(TestCase.java:104)
	at io.cucumber.core.runner.Runner.runPickle(Runner.java:73)
	at io.cucumber.testng.TestNGCucumberRunner.lambda$runScenario$0(TestNGCucumberRunner.java:117)
	at io.cucumber.core.runtime.CucumberExecutionContext.runTestCase(CucumberExecutionContext.java:117)
	at io.cucumber.testng.TestNGCucumberRunner.runScenario(TestNGCucumberRunner.java:114)
	at com.testhouse.stepdef.Hooks.runScenario(Hooks.java:101)
	at java.base/jdk.internal.reflect.NativeMethodAccessorImpl.invoke0(Native Method)
	at java.base/jdk.internal.reflect.NativeMethodAccessorImpl.invoke(NativeMethodAccessorImpl.java:77)
	at java.base/jdk.internal.reflect.DelegatingMethodAccessorImpl.invoke(DelegatingMethodAccessorImpl.java:43)
	at java.base/java.lang.reflect.Method.invoke(Method.java:568)
	at org.testng.internal.MethodInvocationHelper.invokeMethod(MethodInvocationHelper.java:133)
	at org.testng.internal.TestInvoker.invokeMethod(TestInvoker.java:598)
	at org.testng.internal.TestInvoker.invokeTestMethod(TestInvoker.java:173)
	at org.testng.internal.MethodRunner.runInSequence(MethodRunner.java:46)
	at org.testng.internal.TestInvoker$MethodInvocationAgent.invoke(TestInvoker.java:824)
	at org.testng.internal.TestInvoker.invokeTestMethods(TestInvoker.java:146)
	at org.testng.internal.TestMethodWorker.invokeTestMethods(TestMethodWorker.java:146)
	at org.testng.internal.TestMethodWorker.run(TestMethodWorker.java:128)
	at java.base/java.util.ArrayList.forEach(ArrayList.java:1511)
	at org.testng.TestRunner.privateRun(TestRunner.java:794)
	at org.testng.TestRunner.run(TestRunner.java:596)
	at org.testng.SuiteRunner.runTest(SuiteRunner.java:377)
	at org.testng.SuiteRunner.runSequentially(SuiteRunner.java:371)
	at org.testng.SuiteRunner.privateRun(SuiteRunner.java:332)
	at org.testng.SuiteRunner.run(SuiteRunner.java:276)
	at org.testng.SuiteRunnerWorker.runSuite(SuiteRunnerWorker.java:53)
	at org.testng.SuiteRunnerWorker.run(SuiteRunnerWorker.java:96)
	at org.testng.TestNG.runSuitesSequentially(TestNG.java:1212)
	at org.testng.TestNG.runSuitesLocally(TestNG.java:1134)
	at org.testng.TestNG.runSuites(TestNG.java:1063)
	at org.testng.TestNG.run(TestNG.java:1031)
	at org.testng.remote.AbstractRemoteTestNG.run(AbstractRemoteTestNG.java:115)
	at org.testng.remote.RemoteTestNG.initAndRun(RemoteTestNG.java:251)
	at org.testng.remote.RemoteTestNG.main(RemoteTestNG.java:77)
2023-04-19 12:04:683 INFO  GenericFunctions:600 - element is Displayed..Sign in
2023-04-19 12:04:183 INFO  GenericFunctions:600 - element is Displayed..Evaluate an asset
2023-04-19 12:04:351 INFO  GenericFunctions:600 - element is Displayed..File uploaded
2023-04-19 12:04:233 INFO  GenericFunctions:600 - element is Displayed..Loaded sheets
2023-04-19 12:04:509 INFO  GenericFunctions:600 - element is Displayed..Yes
2023-04-19 12:04:321 INFO  GenericFunctions:440 - scroll to WebElement...
2023-04-19 12:04:723 INFO  GenericFunctions:451 - element is clicked: [[ChromeDriver: chrome on WINDOWS (6b875e47325ac97d145a0dd8026091c6)] -> xpath: //button[text()='Review']]
2023-04-19 12:04:202 INFO  GenericFunctions:440 - scroll to WebElement...
2023-04-19 12:04:958 INFO  GenericFunctions:451 - element is clicked: [[ChromeDriver: chrome on WINDOWS (6b875e47325ac97d145a0dd8026091c6)] -> xpath: //button[text()='Continue']]
2023-04-19 12:04:68 INFO  GenericFunctions:600 - element is Displayed..Are you ready to submit?
2023-04-19 12:04:475 INFO  GenericFunctions:600 - element is Displayed..Done!
2023-04-19 12:04:19 ERROR GenericFunctions:604 - element is not Displayed..
org.openqa.selenium.NoSuchElementException: no such element: Unable to locate element: {"method":"xpath","selector":"//*[contains(text(),'Take me')]"}
  (Session info: chrome=112.0.5615.49)
For documentation on this error, please visit: https://www.seleniumhq.org/exceptions/no_such_element.html
Build info: version: '3.141.59', revision: 'e82be7d358', time: '2018-11-14T08:17:03'
System info: host: 'THSLT10486', ip: '172.168.22.204', os.name: 'Windows 10', os.arch: 'amd64', os.version: '10.0', java.version: '17.0.5'
Driver info: org.openqa.selenium.chrome.ChromeDriver
Capabilities {acceptInsecureCerts: false, browserName: chrome, browserVersion: 112.0.5615.49, chrome: {chromedriverVersion: 112.0.5615.49 (bd2a7bcb881c..., userDataDir: C:\Users\THIC21~1\AppData\L...}, goog:chromeOptions: {debuggerAddress: localhost:50909}, javascriptEnabled: true, networkConnectionEnabled: false, pageLoadStrategy: normal, platform: WINDOWS, platformName: WINDOWS, proxy: Proxy(), setWindowRect: true, strictFileInteractability: false, timeouts: {implicit: 0, pageLoad: 300000, script: 30000}, unhandledPromptBehavior: dismiss and notify, webauthn:extension:credBlob: true, webauthn:extension:largeBlob: true, webauthn:extension:minPinLength: true, webauthn:extension:prf: true, webauthn:virtualAuthenticators: true}
Session ID: 6b875e47325ac97d145a0dd8026091c6
*** Element info: {Using=xpath, value=//*[contains(text(),'Take me')]}
	at jdk.internal.reflect.GeneratedConstructorAccessor15.newInstance(Unknown Source)
	at java.base/jdk.internal.reflect.DelegatingConstructorAccessorImpl.newInstance(DelegatingConstructorAccessorImpl.java:45)
	at java.base/java.lang.reflect.Constructor.newInstanceWithCaller(Constructor.java:499)
	at java.base/java.lang.reflect.Constructor.newInstance(Constructor.java:480)
	at org.openqa.selenium.remote.http.W3CHttpResponseCodec.createException(W3CHttpResponseCodec.java:187)
	at org.openqa.selenium.remote.http.W3CHttpResponseCodec.decode(W3CHttpResponseCodec.java:122)
	at org.openqa.selenium.remote.http.W3CHttpResponseCodec.decode(W3CHttpResponseCodec.java:49)
	at org.openqa.selenium.remote.HttpCommandExecutor.execute(HttpCommandExecutor.java:158)
	at org.openqa.selenium.remote.service.DriverCommandExecutor.execute(DriverCommandExecutor.java:83)
	at org.openqa.selenium.remote.RemoteWebDriver.execute(RemoteWebDriver.java:552)
	at org.openqa.selenium.remote.RemoteWebDriver.findElement(RemoteWebDriver.java:323)
	at org.openqa.selenium.remote.RemoteWebDriver.findElementByXPath(RemoteWebDriver.java:428)
	at org.openqa.selenium.By$ByXPath.findElement(By.java:353)
	at org.openqa.selenium.remote.RemoteWebDriver.findElement(RemoteWebDriver.java:315)
	at org.openqa.selenium.support.ui.ExpectedConditions$7.apply(ExpectedConditions.java:205)
	at org.openqa.selenium.support.ui.ExpectedConditions$7.apply(ExpectedConditions.java:201)
	at org.openqa.selenium.support.ui.FluentWait.until(FluentWait.java:249)
	at GenericFunctions.GenericFunctions.isDisplayedBy(GenericFunctions.java:598)
	at pageObject.ClimateXExcelDataPage.ViewResultsAndVerify(ClimateXExcelDataPage.java:672)
	at com.testhouse.stepdef.ExcelDataComparison.verify_the_popup_take_me_to_the_results_and_click_on_yes_button(ExcelDataComparison.java:116)
	at java.base/jdk.internal.reflect.NativeMethodAccessorImpl.invoke0(Native Method)
	at java.base/jdk.internal.reflect.NativeMethodAccessorImpl.invoke(NativeMethodAccessorImpl.java:77)
	at java.base/jdk.internal.reflect.DelegatingMethodAccessorImpl.invoke(DelegatingMethodAccessorImpl.java:43)
	at java.base/java.lang.reflect.Method.invoke(Method.java:568)
	at io.cucumber.java.Invoker.doInvoke(Invoker.java:66)
	at io.cucumber.java.Invoker.invoke(Invoker.java:24)
	at io.cucumber.java.AbstractGlueDefinition.invokeMethod(AbstractGlueDefinition.java:47)
	at io.cucumber.java.JavaStepDefinition.execute(JavaStepDefinition.java:29)
	at io.cucumber.core.runner.CoreStepDefinition.execute(CoreStepDefinition.java:66)
	at io.cucumber.core.runner.PickleStepDefinitionMatch.runStep(PickleStepDefinitionMatch.java:63)
	at io.cucumber.core.runner.ExecutionMode$1.execute(ExecutionMode.java:10)
	at io.cucumber.core.runner.TestStep.executeStep(TestStep.java:92)
	at io.cucumber.core.runner.TestStep.run(TestStep.java:64)
	at io.cucumber.core.runner.PickleStepTestStep.run(PickleStepTestStep.java:51)
	at io.cucumber.core.runner.TestCase.run(TestCase.java:104)
	at io.cucumber.core.runner.Runner.runPickle(Runner.java:73)
	at io.cucumber.testng.TestNGCucumberRunner.lambda$runScenario$0(TestNGCucumberRunner.java:117)
	at io.cucumber.core.runtime.CucumberExecutionContext.runTestCase(CucumberExecutionContext.java:117)
	at io.cucumber.testng.TestNGCucumberRunner.runScenario(TestNGCucumberRunner.java:114)
	at com.testhouse.stepdef.Hooks.runScenario(Hooks.java:101)
	at java.base/jdk.internal.reflect.NativeMethodAccessorImpl.invoke0(Native Method)
	at java.base/jdk.internal.reflect.NativeMethodAccessorImpl.invoke(NativeMethodAccessorImpl.java:77)
	at java.base/jdk.internal.reflect.DelegatingMethodAccessorImpl.invoke(DelegatingMethodAccessorImpl.java:43)
	at java.base/java.lang.reflect.Method.invoke(Method.java:568)
	at org.testng.internal.MethodInvocationHelper.invokeMethod(MethodInvocationHelper.java:133)
	at org.testng.internal.TestInvoker.invokeMethod(TestInvoker.java:598)
	at org.testng.internal.TestInvoker.invokeTestMethod(TestInvoker.java:173)
	at org.testng.internal.MethodRunner.runInSequence(MethodRunner.java:46)
	at org.testng.internal.TestInvoker$MethodInvocationAgent.invoke(TestInvoker.java:824)
	at org.testng.internal.TestInvoker.invokeTestMethods(TestInvoker.java:146)
	at org.testng.internal.TestMethodWorker.invokeTestMethods(TestMethodWorker.java:146)
	at org.testng.internal.TestMethodWorker.run(TestMethodWorker.java:128)
	at java.base/java.util.ArrayList.forEach(ArrayList.java:1511)
	at org.testng.TestRunner.privateRun(TestRunner.java:794)
	at org.testng.TestRunner.run(TestRunner.java:596)
	at org.testng.SuiteRunner.runTest(SuiteRunner.java:377)
	at org.testng.SuiteRunner.runSequentially(SuiteRunner.java:371)
	at org.testng.SuiteRunner.privateRun(SuiteRunner.java:332)
	at org.testng.SuiteRunner.run(SuiteRunner.java:276)
	at org.testng.SuiteRunnerWorker.runSuite(SuiteRunnerWorker.java:53)
	at org.testng.SuiteRunnerWorker.run(SuiteRunnerWorker.java:96)
	at org.testng.TestNG.runSuitesSequentially(TestNG.java:1212)
	at org.testng.TestNG.runSuitesLocally(TestNG.java:1134)
	at org.testng.TestNG.runSuites(TestNG.java:1063)
	at org.testng.TestNG.run(TestNG.java:1031)
	at org.testng.remote.AbstractRemoteTestNG.run(AbstractRemoteTestNG.java:115)
	at org.testng.remote.RemoteTestNG.initAndRun(RemoteTestNG.java:251)
	at org.testng.remote.RemoteTestNG.main(RemoteTestNG.java:77)
2023-04-19 12:04:280 INFO  GenericFunctions:600 - element is Displayed..Sign in
2023-04-19 12:04:814 INFO  GenericFunctions:600 - element is Displayed..Evaluate an asset
2023-04-19 12:04:112 INFO  GenericFunctions:600 - element is Displayed..File uploaded
2023-04-19 12:04:923 INFO  GenericFunctions:600 - element is Displayed..Loaded sheets
2023-04-19 12:04:814 INFO  GenericFunctions:600 - element is Displayed..Yes
2023-04-19 12:04:532 INFO  GenericFunctions:440 - scroll to WebElement...
2023-04-19 12:04:892 INFO  GenericFunctions:451 - element is clicked: [[ChromeDriver: chrome on WINDOWS (16d803656b0772232b068e045525b14d)] -> xpath: //button[text()='Review']]
2023-04-19 12:04:733 INFO  GenericFunctions:440 - scroll to WebElement...
2023-04-19 12:04:320 INFO  GenericFunctions:451 - element is clicked: [[ChromeDriver: chrome on WINDOWS (16d803656b0772232b068e045525b14d)] -> xpath: //button[text()='Continue']]
2023-04-19 12:04:437 INFO  GenericFunctions:600 - element is Displayed..Are you ready to submit?
2023-04-19 12:04:586 INFO  GenericFunctions:600 - element is Displayed..Done!
2023-04-19 12:04:861 INFO  GenericFunctions:600 - element is Displayed..Sign in
2023-04-19 12:04:331 INFO  GenericFunctions:600 - element is Displayed..Evaluate an asset
2023-04-19 12:04:342 INFO  GenericFunctions:600 - element is Displayed..File uploaded
2023-04-19 12:04:218 INFO  GenericFunctions:600 - element is Displayed..Loaded sheets
2023-04-19 12:04:268 INFO  GenericFunctions:600 - element is Displayed..Yes
2023-04-19 12:04:834 INFO  GenericFunctions:440 - scroll to WebElement...
2023-04-19 12:04:97 INFO  GenericFunctions:451 - element is clicked: [[ChromeDriver: chrome on WINDOWS (8f05964fee73f0e1af4b568665a897e8)] -> xpath: //button[text()='Review']]
2023-04-19 12:04:371 INFO  GenericFunctions:440 - scroll to WebElement...
2023-04-19 12:04:105 INFO  GenericFunctions:451 - element is clicked: [[ChromeDriver: chrome on WINDOWS (8f05964fee73f0e1af4b568665a897e8)] -> xpath: //button[text()='Continue']]
2023-04-19 12:04:200 INFO  GenericFunctions:600 - element is Displayed..Are you ready to submit?
2023-04-19 12:04:845 INFO  GenericFunctions:600 - element is Displayed..Done!
2023-04-19 12:04:999 INFO  GenericFunctions:600 - element is Displayed..Sign in
2023-04-19 12:04:87 INFO  GenericFunctions:600 - element is Displayed..Evaluate an asset
2023-04-19 12:04:497 ERROR GenericFunctions:604 - element is not Displayed..
org.openqa.selenium.NoSuchElementException: no such element: Unable to locate element: {"method":"xpath","selector":"//*[text()='File uploaded']"}
  (Session info: chrome=112.0.5615.49)
For documentation on this error, please visit: https://www.seleniumhq.org/exceptions/no_such_element.html
Build info: version: '3.141.59', revision: 'e82be7d358', time: '2018-11-14T08:17:03'
System info: host: 'THSLT10486', ip: '172.168.22.204', os.name: 'Windows 10', os.arch: 'amd64', os.version: '10.0', java.version: '17.0.5'
Driver info: org.openqa.selenium.chrome.ChromeDriver
Capabilities {acceptInsecureCerts: false, browserName: chrome, browserVersion: 112.0.5615.49, chrome: {chromedriverVersion: 112.0.5615.49 (bd2a7bcb881c..., userDataDir: C:\Users\THIC21~1\AppData\L...}, goog:chromeOptions: {debuggerAddress: localhost:52983}, javascriptEnabled: true, networkConnectionEnabled: false, pageLoadStrategy: normal, platform: WINDOWS, platformName: WINDOWS, proxy: Proxy(), setWindowRect: true, strictFileInteractability: false, timeouts: {implicit: 0, pageLoad: 300000, script: 30000}, unhandledPromptBehavior: dismiss and notify, webauthn:extension:credBlob: true, webauthn:extension:largeBlob: true, webauthn:extension:minPinLength: true, webauthn:extension:prf: true, webauthn:virtualAuthenticators: true}
Session ID: dd3fdb24781c38df4a49403d54918253
*** Element info: {Using=xpath, value=//*[text()='File uploaded']}
	at jdk.internal.reflect.GeneratedConstructorAccessor15.newInstance(Unknown Source)
	at java.base/jdk.internal.reflect.DelegatingConstructorAccessorImpl.newInstance(DelegatingConstructorAccessorImpl.java:45)
	at java.base/java.lang.reflect.Constructor.newInstanceWithCaller(Constructor.java:499)
	at java.base/java.lang.reflect.Constructor.newInstance(Constructor.java:480)
	at org.openqa.selenium.remote.http.W3CHttpResponseCodec.createException(W3CHttpResponseCodec.java:187)
	at org.openqa.selenium.remote.http.W3CHttpResponseCodec.decode(W3CHttpResponseCodec.java:122)
	at org.openqa.selenium.remote.http.W3CHttpResponseCodec.decode(W3CHttpResponseCodec.java:49)
	at org.openqa.selenium.remote.HttpCommandExecutor.execute(HttpCommandExecutor.java:158)
	at org.openqa.selenium.remote.service.DriverCommandExecutor.execute(DriverCommandExecutor.java:83)
	at org.openqa.selenium.remote.RemoteWebDriver.execute(RemoteWebDriver.java:552)
	at org.openqa.selenium.remote.RemoteWebDriver.findElement(RemoteWebDriver.java:323)
	at org.openqa.selenium.remote.RemoteWebDriver.findElementByXPath(RemoteWebDriver.java:428)
	at org.openqa.selenium.By$ByXPath.findElement(By.java:353)
	at org.openqa.selenium.remote.RemoteWebDriver.findElement(RemoteWebDriver.java:315)
	at org.openqa.selenium.support.ui.ExpectedConditions$7.apply(ExpectedConditions.java:205)
	at org.openqa.selenium.support.ui.ExpectedConditions$7.apply(ExpectedConditions.java:201)
	at org.openqa.selenium.support.ui.FluentWait.until(FluentWait.java:249)
	at GenericFunctions.GenericFunctions.isDisplayedBy(GenericFunctions.java:598)
	at pageObject.ClimateXExcelDataPage.verificationOfImportParameters(ClimateXExcelDataPage.java:156)
	at com.testhouse.stepdef.ExcelDataComparison.verify_the_import_parameters(ExcelDataComparison.java:74)
	at java.base/jdk.internal.reflect.NativeMethodAccessorImpl.invoke0(Native Method)
	at java.base/jdk.internal.reflect.NativeMethodAccessorImpl.invoke(NativeMethodAccessorImpl.java:77)
	at java.base/jdk.internal.reflect.DelegatingMethodAccessorImpl.invoke(DelegatingMethodAccessorImpl.java:43)
	at java.base/java.lang.reflect.Method.invoke(Method.java:568)
	at io.cucumber.java.Invoker.doInvoke(Invoker.java:66)
	at io.cucumber.java.Invoker.invoke(Invoker.java:24)
	at io.cucumber.java.AbstractGlueDefinition.invokeMethod(AbstractGlueDefinition.java:47)
	at io.cucumber.java.JavaStepDefinition.execute(JavaStepDefinition.java:29)
	at io.cucumber.core.runner.CoreStepDefinition.execute(CoreStepDefinition.java:66)
	at io.cucumber.core.runner.PickleStepDefinitionMatch.runStep(PickleStepDefinitionMatch.java:63)
	at io.cucumber.core.runner.ExecutionMode$1.execute(ExecutionMode.java:10)
	at io.cucumber.core.runner.TestStep.executeStep(TestStep.java:92)
	at io.cucumber.core.runner.TestStep.run(TestStep.java:64)
	at io.cucumber.core.runner.PickleStepTestStep.run(PickleStepTestStep.java:51)
	at io.cucumber.core.runner.TestCase.run(TestCase.java:104)
	at io.cucumber.core.runner.Runner.runPickle(Runner.java:73)
	at io.cucumber.testng.TestNGCucumberRunner.lambda$runScenario$0(TestNGCucumberRunner.java:117)
	at io.cucumber.core.runtime.CucumberExecutionContext.runTestCase(CucumberExecutionContext.java:117)
	at io.cucumber.testng.TestNGCucumberRunner.runScenario(TestNGCucumberRunner.java:114)
	at com.testhouse.stepdef.Hooks.runScenario(Hooks.java:101)
	at java.base/jdk.internal.reflect.NativeMethodAccessorImpl.invoke0(Native Method)
	at java.base/jdk.internal.reflect.NativeMethodAccessorImpl.invoke(NativeMethodAccessorImpl.java:77)
	at java.base/jdk.internal.reflect.DelegatingMethodAccessorImpl.invoke(DelegatingMethodAccessorImpl.java:43)
	at java.base/java.lang.reflect.Method.invoke(Method.java:568)
	at org.testng.internal.MethodInvocationHelper.invokeMethod(MethodInvocationHelper.java:133)
	at org.testng.internal.TestInvoker.invokeMethod(TestInvoker.java:598)
	at org.testng.internal.TestInvoker.invokeTestMethod(TestInvoker.java:173)
	at org.testng.internal.MethodRunner.runInSequence(MethodRunner.java:46)
	at org.testng.internal.TestInvoker$MethodInvocationAgent.invoke(TestInvoker.java:824)
	at org.testng.internal.TestInvoker.invokeTestMethods(TestInvoker.java:146)
	at org.testng.internal.TestMethodWorker.invokeTestMethods(TestMethodWorker.java:146)
	at org.testng.internal.TestMethodWorker.run(TestMethodWorker.java:128)
	at java.base/java.util.ArrayList.forEach(ArrayList.java:1511)
	at org.testng.TestRunner.privateRun(TestRunner.java:794)
	at org.testng.TestRunner.run(TestRunner.java:596)
	at org.testng.SuiteRunner.runTest(SuiteRunner.java:377)
	at org.testng.SuiteRunner.runSequentially(SuiteRunner.java:371)
	at org.testng.SuiteRunner.privateRun(SuiteRunner.java:332)
	at org.testng.SuiteRunner.run(SuiteRunner.java:276)
	at org.testng.SuiteRunnerWorker.runSuite(SuiteRunnerWorker.java:53)
	at org.testng.SuiteRunnerWorker.run(SuiteRunnerWorker.java:96)
	at org.testng.TestNG.runSuitesSequentially(TestNG.java:1212)
	at org.testng.TestNG.runSuitesLocally(TestNG.java:1134)
	at org.testng.TestNG.runSuites(TestNG.java:1063)
	at org.testng.TestNG.run(TestNG.java:1031)
	at org.testng.remote.AbstractRemoteTestNG.run(AbstractRemoteTestNG.java:115)
	at org.testng.remote.RemoteTestNG.initAndRun(RemoteTestNG.java:251)
	at org.testng.remote.RemoteTestNG.main(RemoteTestNG.java:77)
2023-04-19 12:04:652 INFO  GenericFunctions:600 - element is Displayed..Sign in
2023-04-19 12:04:653 INFO  GenericFunctions:600 - element is Displayed..Evaluate an asset
2023-04-19 12:04:529 INFO  GenericFunctions:600 - element is Displayed..File uploaded
2023-04-19 12:04:257 INFO  GenericFunctions:600 - element is Displayed..Loaded sheets
2023-04-19 12:04:24 INFO  GenericFunctions:600 - element is Displayed..Yes
2023-04-19 12:04:655 INFO  GenericFunctions:440 - scroll to WebElement...
2023-04-19 12:04:16 INFO  GenericFunctions:451 - element is clicked: [[ChromeDriver: chrome on WINDOWS (ab1669b28123cddad5fb5d9fca15f103)] -> xpath: //button[text()='Review']]
2023-04-19 12:04:42 INFO  GenericFunctions:440 - scroll to WebElement...
2023-04-19 12:04:456 INFO  GenericFunctions:451 - element is clicked: [[ChromeDriver: chrome on WINDOWS (ab1669b28123cddad5fb5d9fca15f103)] -> xpath: //button[text()='Continue']]
2023-04-19 12:04:544 INFO  GenericFunctions:600 - element is Displayed..Are you ready to submit?
2023-04-19 12:04:867 INFO  GenericFunctions:600 - element is Displayed..Done!
2023-04-19 12:04:250 INFO  GenericFunctions:600 - element is Displayed..Take me to the results
2023-04-19 12:04:946 INFO  GenericFunctions:612 - element is Displayed..Sign in
2023-04-19 12:04:244 INFO  GenericFunctions:612 - element is Displayed..
2023-04-19 12:04:824 INFO  GenericFunctions:612 - element is Displayed..Evaluate an asset
2023-04-19 12:04:950 INFO  GenericFunctions:612 - element is Displayed..
2023-04-19 12:04:312 INFO  GenericFunctions:612 - element is Displayed..
2023-04-19 20:04:881 INFO  GenericFunctions:612 - element is Displayed..Sign in
2023-04-19 20:04:497 INFO  GenericFunctions:612 - element is Displayed..
2023-04-19 20:04:892 INFO  GenericFunctions:612 - element is Displayed..Evaluate an asset
2023-04-19 20:04:625 INFO  GenericFunctions:612 - element is Displayed..
2023-04-19 20:04:928 INFO  GenericFunctions:612 - element is Displayed..
